#
# A fatal error has been detected by the Java Runtime Environment:
#
#  EXCEPTION_ACCESS_VIOLATION (0xc0000005) at pc=0x000002234e440b30, pid=4348, tid=10716
#
# JRE version: OpenJDK Runtime Environment Temurin-17.0.16+8 (17.0.16+8) (build 17.0.16+8)
# Java VM: OpenJDK 64-Bit Server VM Temurin-17.0.16+8 (17.0.16+8, mixed mode, sharing, tiered, compressed oops, compressed class ptrs, g1 gc, windows-amd64)
# Problematic frame:
# C  0x000002234e440b30
#
# No core dump will be written. Minidumps are not enabled by default on client versions of Windows
#
# If you would like to submit a bug report, please visit:
#   https://github.com/adoptium/adoptium-support/issues
#

---------------  S U M M A R Y ------------

Command Line: -DkotlinLanguageServer.version=1.3.13 org.javacs.kt.MainKt

Host: Intel(R) Core(TM) i7-10850H CPU @ 2.70GHz, 12 cores, 15G,  Windows 11 , 64 bit Build 22000 (10.0.22000.2538)
Time: Wed Oct 29 15:01:05 2025 Pakistan Standard Time elapsed time: 13.505003 seconds (0d 0h 0m 13s)

---------------  T H R E A D  ---------------

Current thread (0x0000022393b0d630):  GCTaskThread "GC Thread#1" [stack: 0x000000baf4900000,0x000000baf4a00000] [id=10716]

Stack: [0x000000baf4900000,0x000000baf4a00000],  sp=0x000000baf49ff808,  free space=1022k
Native frames: (J=compiled Java code, j=interpreted, Vv=VM code, C=native code)
C  0x000002234e440b30


siginfo: EXCEPTION_ACCESS_VIOLATION (0xc0000005), data execution prevention violation at address 0x000002234e440b30


Registers:
RAX=0x000002234e5ccab0, RBX=0x000000071258d6b8, RCX=0x000002234f7100f0, RDX=0x000000071258d6b8
RSP=0x000000baf49ff808, RBP=0x00000007125f0200, RSI=0x000002234dc2e6e0, RDI=0x000000071258d6b8
R8 =0x000002234f7100f0, R9 =0x000000071258d6b8, R10=0x0000000000000000, R11=0x4040404040404040
R12=0x00000007125f0800, R13=0x0000022328c5c740, R14=0x0000000000000003, R15=0x000000baf49ff960
RIP=0x000002234e440b30, EFLAGS=0x0000000000010246

XMM[0]=0x0000000000000000 0x4040404040404040
XMM[1]=0x0000000000000000 0x000000088441eece
XMM[2]=0x00000000e2479ca3 0x00000000e2479f8e
XMM[3]=0x0000000000000000 0x00000000e2479337
XMM[4]=0xe24771ec00000000 0x0000000000000000
XMM[5]=0x00000000e255c634 0x00000000e4a4275d
XMM[6]=0x0000000000000000 0x0000000000000000
XMM[7]=0x0000000000000000 0x0000000000000000
XMM[8]=0x0000000000000000 0x0000000000000000
XMM[9]=0x0000000000000000 0x0000000000000000
XMM[10]=0x0000000000000000 0x0000000000000000
XMM[11]=0x0000000000000000 0x0000000000000000
XMM[12]=0x0000000000000000 0x0000000000000000
XMM[13]=0x0000000000000000 0x0000000000000000
XMM[14]=0x0000000000000000 0x0000000000000000
XMM[15]=0x0000000000000000 0x0000000000000000
  MXCSR=0x00001fa0


Register to memory mapping:

RIP=0x000002234e440b30 is pointing into metadata
RAX=0x000002234e5ccab0 is pointing into metadata
RBX=
[error occurred during error reporting (printing register info), id 0xc0000005, EXCEPTION_ACCESS_VIOLATION (0xc0000005) at pc=0x000002234e440b30]

Top of Stack: (sp=0x000000baf49ff808)
0x000000baf49ff808:   00007ffebc0a3427 0000000000000003
0x000000baf49ff818:   000000baf49ff960 0000022328c5c740
0x000000baf49ff828:   00000007125f0800 000000071258d5e8
0x000000baf49ff838:   00007ffebc0a379a 0000000712589038
0x000000baf49ff848:   000000baf49ff890 00000007125f0200
0x000000baf49ff858:   000002234dc2e6e0 000000071258d608
0x000000baf49ff868:   000002239df39960 000002234dc2e6e0
0x000000baf49ff878:   00000007125f0200 000002234dc2e6c0
0x000000baf49ff888:   00007ffebc0a95a6 000000071258d800
0x000000baf49ff898:   00000007125621d8 0000000000061c6c
0x000000baf49ff8a8:   00007ffebc5c7cc7 00000000000000c0
0x000000baf49ff8b8:   00007ffebc0e1cd2 000002234dc2e6c0
0x000000baf49ff8c8:   0000022328c5d9e0 000002239df39960
0x000000baf49ff8d8:   00007ffebc0d4828 000000071255b800
0x000000baf49ff8e8:   000002239df39960 0000022342461f80
0x000000baf49ff8f8:   0000000000000003 000000baf49ffaf0
0x000000baf49ff908:   00000000000000c0 000000baf49ffaf0
0x000000baf49ff918:   00000007125f0200 000002234dc2e6c0
0x000000baf49ff928:   00007ffebc0e2e07 00000007125f0200
0x000000baf49ff938:   000000baf49ff950 000000baf49ff960
0x000000baf49ff948:   0000022328c5c740 00000007125f0200
0x000000baf49ff958:   00000000000000c0 00007ffebc72f778
0x000000baf49ff968:   0000000000000000 0000022328c5d9e0
0x000000baf49ff978:   000002239df39960 0000022342461fc0
0x000000baf49ff988:   00007ffebc0e4c8b 0000000000061f81
0x000000baf49ff998:   0000022342461f85 0000000000000004
0x000000baf49ff9a8:   0000000000000003 00000223930ccfb0
0x000000baf49ff9b8:   00000000000003d8 00000223930ccfc0
0x000000baf49ff9c8:   00000223930cd398 0000000000000000
0x000000baf49ff9d8:   0000000000000000 0000000350000000
0x000000baf49ff9e8:   00007ffebc5c7d5e 000000baf49ffa70
0x000000baf49ff9f8:   00007ffebc0cc352 000000baf49ffb48 

Instructions: (pc=0x000002234e440b30)
0x000002234e440a30:   02 04 b7 00 00 00 00 00 98 49 00 4e 23 02 00 00
0x000002234e440a40:   00 00 00 00 00 00 00 00 02 00 00 10 00 00 00 00
0x000002234e440a50:   8c 00 00 00 00 00 00 00 00 00 00 00 00 00 00 00
0x000002234e440a60:   30 00 00 00 00 00 00 00 00 00 00 00 00 00 00 00
0x000002234e440a70:   5e 00 00 00 00 00 00 00 00 00 00 00 00 00 00 00
0x000002234e440a80:   31 00 00 00 00 00 00 00 00 00 00 00 00 00 00 00
0x000002234e440a90:   a5 04 00 00 00 00 00 00 00 00 00 00 00 00 00 00
0x000002234e440aa0:   32 00 00 00 00 00 00 00 00 00 00 00 00 00 00 00
0x000002234e440ab0:   ad 04 00 00 00 00 00 00 00 00 00 00 00 00 00 00
0x000002234e440ac0:   33 00 00 00 00 00 00 00 00 00 00 00 00 00 00 00
0x000002234e440ad0:   b1 04 00 00 00 00 00 00 00 00 00 00 00 00 00 00
0x000002234e440ae0:   34 00 00 00 00 00 00 00 00 00 00 00 00 00 00 00
0x000002234e440af0:   9c 03 ba 00 00 00 00 00 00 b1 0d 4e 23 02 00 00
0x000002234e440b00:   35 00 00 00 00 00 00 00 01 00 40 83 ff ff ff ff
0x000002234e440b10:   bd 00 00 00 00 00 00 00 00 00 00 00 00 00 00 00
0x000002234e440b20:   36 00 00 00 00 00 00 00 00 00 00 00 00 00 00 00
0x000002234e440b30:   4b 06 00 00 00 0a 07 0c 01 01 01 09 07 0c 01 01
0x000002234e440b40:   01 09 0c 01 01 07 01 0a 0a 0c 01 01 08 01 0a 0c
0x000002234e440b50:   01 08 01 08 01 0a 0c 01 01 0a 0c 01 01 0a 0c 01
0x000002234e440b60:   0a 0a 0c 01 0a 0c 01 01 0a 0c 01 01 0a 07 0c 01
0x000002234e440b70:   01 0a 0c 01 0a 0c 01 0a 0c 01 08 01 0a 0c 01 08
0x000002234e440b80:   01 0a 0c 01 08 01 08 01 0a 0c 01 01 0a 07 0c 01
0x000002234e440b90:   01 01 12 0c 01 01 0b 07 0c 01 01 01 08 01 08 01
0x000002234e440ba0:   08 01 0a 07 0c 01 01 01 0b 0c 01 01 07 01 08 01
0x000002234e440bb0:   0a 0c 01 0b 07 0c 01 01 01 0a 0c 01 01 0b 08 01
0x000002234e440bc0:   12 08 01 0a 0c 01 0a 07 0c 01 01 0a 07 0c 01 01
0x000002234e440bd0:   01 0a 0c 01 01 0a 07 0c 01 01 01 09 64 0c 01 01
0x000002234e440be0:   01 0a 64 0c 01 01 01 0a 07 0c 01 01 01 0a 0c 01
0x000002234e440bf0:   01 12 0c 01 01 0a 07 0c 01 01 01 0a 07 0c 01 01
0x000002234e440c00:   0a 0c 01 01 0a 07 01 64 01 0a 0c 01 01 09 0c 01
0x000002234e440c10:   01 07 01 08 01 0a 0c 01 0a 0c 01 01 0a 0c 01 01
0x000002234e440c20:   0a 07 0c 01 01 01 07 01 0a 0c 01 07 01 07 01 0a 


Stack slot to memory mapping:
stack at sp + 0 slots: 0x00007ffebc0a3427 jvm.dll
stack at sp + 1 slots: 0x0000000000000003 is an unknown value
stack at sp + 2 slots: 0x000000baf49ff960 points into unknown readable memory: 0x00007ffebc72f778 | 78 f7 72 bc fe 7f 00 00
stack at sp + 3 slots: 0x0000022328c5c740 points into unknown readable memory: 0x00000000000007cf | cf 07 00 00 00 00 00 00
stack at sp + 4 slots: 
[error occurred during error reporting (inspecting top of stack), id 0xc0000005, EXCEPTION_ACCESS_VIOLATION (0xc0000005) at pc=0x000002234e440b30]


---------------  P R O C E S S  ---------------

Threads class SMR info:
_java_thread_list=0x000002239f350bc0, length=21, elements={
0x000002234ddc00e0, 0x000002234ddc1410, 0x00000223930075a0, 0x000002239300be80,
0x000002239300d500, 0x000002239300ddd0, 0x0000022393012220, 0x0000022393014d50,
0x000002239301c640, 0x0000022393150920, 0x00000223931544a0, 0x00000223931678c0,
0x0000022394a8efd0, 0x0000022328c4bb80, 0x000002239f44f8e0, 0x000002239cab52e0,
0x000002239cab48c0, 0x000002239cab2f70, 0x000002239f9976f0, 0x000002239cab6210,
0x000002239e53c290
}

Java Threads: ( => current thread )
  0x000002234ddc00e0 JavaThread "Reference Handler" daemon [_thread_blocked, id=8096, stack(0x000000baf3b00000,0x000000baf3c00000)]
  0x000002234ddc1410 JavaThread "Finalizer" daemon [_thread_blocked, id=18040, stack(0x000000baf3c00000,0x000000baf3d00000)]
  0x00000223930075a0 JavaThread "Signal Dispatcher" daemon [_thread_blocked, id=12780, stack(0x000000baf3d00000,0x000000baf3e00000)]
  0x000002239300be80 JavaThread "Attach Listener" daemon [_thread_blocked, id=9176, stack(0x000000baf3e00000,0x000000baf3f00000)]
  0x000002239300d500 JavaThread "Service Thread" daemon [_thread_blocked, id=15528, stack(0x000000baf3f00000,0x000000baf4000000)]
  0x000002239300ddd0 JavaThread "Monitor Deflation Thread" daemon [_thread_blocked, id=8248, stack(0x000000baf4000000,0x000000baf4100000)]
  0x0000022393012220 JavaThread "C2 CompilerThread0" daemon [_thread_in_native, id=19024, stack(0x000000baf4100000,0x000000baf4200000)]
  0x0000022393014d50 JavaThread "C1 CompilerThread0" daemon [_thread_blocked, id=5160, stack(0x000000baf4200000,0x000000baf4300000)]
  0x000002239301c640 JavaThread "Sweeper thread" daemon [_thread_blocked, id=2112, stack(0x000000baf4300000,0x000000baf4400000)]
  0x0000022393150920 JavaThread "Notification Thread" daemon [_thread_blocked, id=14884, stack(0x000000baf4400000,0x000000baf4500000)]
  0x00000223931544a0 JavaThread "Common-Cleaner" daemon [_thread_blocked, id=8548, stack(0x000000baf4600000,0x000000baf4700000)]
  0x00000223931678c0 JavaThread "C2 CompilerThread1" daemon [_thread_blocked, id=17932, stack(0x000000baf4700000,0x000000baf4800000)]
  0x0000022394a8efd0 JavaThread "client" [_thread_in_native, id=11604, stack(0x000000baf5400000,0x000000baf5500000)]
  0x0000022328c4bb80 JavaThread "DestroyJavaVM" [_thread_blocked, id=15676, stack(0x000000baf3400000,0x000000baf3500000)]
  0x000002239f44f8e0 JavaThread "async0" [_thread_blocked, id=19356, stack(0x000000baf5500000,0x000000baf5600000)]
  0x000002239cab52e0 JavaThread "async1" [_thread_blocked, id=7940, stack(0x000000baf5600000,0x000000baf5700000)]
  0x000002239cab48c0 JavaThread "debounce0" [_thread_blocked, id=19332, stack(0x000000baf5800000,0x000000baf5900000)]
  0x000002239cab2f70 JavaThread "async2" [_thread_blocked, id=17820, stack(0x000000baf5900000,0x000000baf5a00000)]
  0x000002239f9976f0 JavaThread "C2 CompilerThread2" daemon [_thread_in_native, id=13316, stack(0x000000baf4800000,0x000000baf4900000)]
  0x000002239cab6210 JavaThread "async3" [_thread_blocked, id=11052, stack(0x000000baf5a00000,0x000000baf5b00000)]
  0x000002239e53c290 JavaThread "ForkJoinPool.commonPool-worker-1" daemon [_thread_blocked, id=14104, stack(0x000000baf5b00000,0x000000baf5c00000)]

Other Threads:
  0x000002234ddba090 VMThread "VM Thread" [stack: 0x000000baf3a00000,0x000000baf3b00000] [id=548]
  0x0000022393153210 WatcherThread [stack: 0x000000baf4500000,0x000000baf4600000] [id=8644]
  0x0000022328cb5280 GCTaskThread "GC Thread#0" [stack: 0x000000baf3500000,0x000000baf3600000] [id=10708]
=>0x0000022393b0d630 GCTaskThread "GC Thread#1" [stack: 0x000000baf4900000,0x000000baf4a00000] [id=10716]
  0x00000223945ea6f0 GCTaskThread "GC Thread#2" [stack: 0x000000baf4a00000,0x000000baf4b00000] [id=6728]
  0x00000223945ea9b0 GCTaskThread "GC Thread#3" [stack: 0x000000baf4b00000,0x000000baf4c00000] [id=14828]
  0x00000223945eac70 GCTaskThread "GC Thread#4" [stack: 0x000000baf4c00000,0x000000baf4d00000] [id=2092]
  0x00000223939a7810 GCTaskThread "GC Thread#5" [stack: 0x000000baf4d00000,0x000000baf4e00000] [id=19360]
  0x0000022393a77040 GCTaskThread "GC Thread#6" [stack: 0x000000baf4e00000,0x000000baf4f00000] [id=18276]
  0x00000223944d1eb0 GCTaskThread "GC Thread#7" [stack: 0x000000baf4f00000,0x000000baf5000000] [id=17312]
  0x00000223944d2430 GCTaskThread "GC Thread#8" [stack: 0x000000baf5000000,0x000000baf5100000] [id=3824]
  0x00000223944d2c70 GCTaskThread "GC Thread#9" [stack: 0x000000baf5100000,0x000000baf5200000] [id=6364]
  0x0000022328cc59b0 ConcurrentGCThread "G1 Main Marker" [stack: 0x000000baf3600000,0x000000baf3700000] [id=16452]
  0x0000022328cc6980 ConcurrentGCThread "G1 Conc#0" [stack: 0x000000baf3700000,0x000000baf3800000] [id=12052]
  0x00000223944d34b0 ConcurrentGCThread "G1 Conc#1" [stack: 0x000000baf5200000,0x000000baf5300000] [id=8308]
  0x00000223944d1bf0 ConcurrentGCThread "G1 Conc#2" [stack: 0x000000baf5300000,0x000000baf5400000] [id=7208]
  0x000002234dc75190 ConcurrentGCThread "G1 Refine#0" [stack: 0x000000baf3800000,0x000000baf3900000] [id=16336]
  0x000002239e16bc40 ConcurrentGCThread "G1 Refine#1" [stack: 0x000000baf5700000,0x000000baf5800000] [id=12444]
  0x00000223a069b790 ConcurrentGCThread "G1 Refine#2" [stack: 0x000000baf5c00000,0x000000baf5d00000] [id=7148]
  0x000002239fb133e0 ConcurrentGCThread "G1 Refine#3" [stack: 0x000000baf5d00000,0x000000baf5e00000] [id=18804]
  0x000002234dc759d0 ConcurrentGCThread "G1 Service" [stack: 0x000000baf3900000,0x000000baf3a00000] [id=12168]

Threads with active compile tasks:
C2 CompilerThread0    13532 13321       4       jdk.internal.jimage.ImageLocation::getFullName (109 bytes)
C2 CompilerThread1    13532 12752       4       com.intellij.util.containers.SLRUMap::get (68 bytes)
C2 CompilerThread2    13532 13186       4       org.jetbrains.kotlin.serialization.deserialization.TypeDeserializer::simpleType (625 bytes)

VM state: at safepoint (normal execution)

VM Mutex/Monitor currently owned by a thread:  ([mutex/lock_event])
[0x0000022328b0e4e0] Threads_lock - owner thread: 0x000002234ddba090
[0x0000022328b0db50] Heap_lock - owner thread: 0x000002239e53c290

Heap address: 0x0000000706200000, size: 3998 MB, Compressed Oops mode: Zero based, Oop shift amount: 3

CDS archive(s) mapped at: [0x000002234e000000-0x000002234ebb0000-0x000002234ebb0000), size 12255232, SharedBaseAddress: 0x000002234e000000, ArchiveRelocationMode: 1.
Compressed class space mapped at: 0x000002234f000000-0x000002238f000000, reserved size: 1073741824
Narrow klass base: 0x000002234e000000, Narrow klass shift: 0, Narrow klass range: 0x100000000

GC Precious Log:
 CPUs: 12 total, 12 available
 Memory: 15985M
 Large Page Support: Disabled
 NUMA Support: Disabled
 Compressed Oops: Enabled (Zero based)
 Heap Region Size: 2M
 Heap Min Capacity: 8M
 Heap Initial Capacity: 250M
 Heap Max Capacity: 3998M
 Pre-touch: Disabled
 Parallel Workers: 10
 Concurrent Workers: 3
 Concurrent Refinement Workers: 10
 Periodic GC: Disabled

Heap:
 garbage-first heap   total 509952K, used 376177K [0x0000000706200000, 0x0000000800000000)
  region size 2048K, 80 young (163840K), 11 survivors (22528K)
 Metaspace       used 74279K, committed 74752K, reserved 1179648K
  class space    used 8489K, committed 8704K, reserved 1048576K

Heap Regions: E=young(eden), S=young(survivor), O=old, HS=humongous(starts), HC=humongous(continues), CS=collection set, F=free, OA=open archive, CA=closed archive, TAMS=top-at-mark-start (previous, next)
|   0|0x0000000706200000, 0x0000000706400000, 0x0000000706400000|100%|HS|  |TAMS 0x0000000706400000, 0x0000000706200000| Complete 
|   1|0x0000000706400000, 0x0000000706600000, 0x0000000706600000|100%|HC|  |TAMS 0x0000000706600000, 0x0000000706400000| Complete 
|   2|0x0000000706600000, 0x0000000706800000, 0x0000000706800000|100%| O|  |TAMS 0x0000000706800000, 0x0000000706600000| Untracked 
|   3|0x0000000706800000, 0x0000000706a00000, 0x0000000706a00000|100%| O|  |TAMS 0x0000000706a00000, 0x0000000706800000| Untracked 
|   4|0x0000000706a00000, 0x0000000706c00000, 0x0000000706c00000|100%| O|  |TAMS 0x0000000706c00000, 0x0000000706a00000| Untracked 
|   5|0x0000000706c00000, 0x0000000706e00000, 0x0000000706e00000|100%| O|  |TAMS 0x0000000706e00000, 0x0000000706c00000| Untracked 
|   6|0x0000000706e00000, 0x0000000707000000, 0x0000000707000000|100%| O|  |TAMS 0x0000000707000000, 0x0000000706e00000| Untracked 
|   7|0x0000000707000000, 0x0000000707200000, 0x0000000707200000|100%| O|  |TAMS 0x0000000707200000, 0x0000000707000000| Untracked 
|   8|0x0000000707200000, 0x0000000707400000, 0x0000000707400000|100%| O|  |TAMS 0x0000000707400000, 0x0000000707200000| Untracked 
|   9|0x0000000707400000, 0x0000000707600000, 0x0000000707600000|100%|HS|  |TAMS 0x0000000707600000, 0x0000000707400000| Complete 
|  10|0x0000000707600000, 0x0000000707800000, 0x0000000707800000|100%| O|  |TAMS 0x0000000707800000, 0x0000000707600000| Untracked 
|  11|0x0000000707800000, 0x0000000707a00000, 0x0000000707a00000|100%| O|  |TAMS 0x0000000707a00000, 0x0000000707800000| Untracked 
|  12|0x0000000707a00000, 0x0000000707c00000, 0x0000000707c00000|100%| O|  |TAMS 0x0000000707c00000, 0x0000000707a00000| Untracked 
|  13|0x0000000707c00000, 0x0000000707e00000, 0x0000000707e00000|100%| O|  |TAMS 0x0000000707e00000, 0x0000000707c00000| Untracked 
|  14|0x0000000707e00000, 0x0000000708000000, 0x0000000708000000|100%| O|  |TAMS 0x0000000708000000, 0x0000000707e00000| Untracked 
|  15|0x0000000708000000, 0x0000000708200000, 0x0000000708200000|100%| O|  |TAMS 0x0000000708200000, 0x0000000708000000| Untracked 
|  16|0x0000000708200000, 0x0000000708400000, 0x0000000708400000|100%| O|  |TAMS 0x0000000708400000, 0x0000000708200000| Untracked 
|  17|0x0000000708400000, 0x0000000708600000, 0x0000000708600000|100%| O|  |TAMS 0x0000000708600000, 0x0000000708400000| Untracked 
|  18|0x0000000708600000, 0x0000000708800000, 0x0000000708800000|100%| O|  |TAMS 0x0000000708800000, 0x0000000708600000| Untracked 
|  19|0x0000000708800000, 0x0000000708a00000, 0x0000000708a00000|100%| O|  |TAMS 0x0000000708a00000, 0x0000000708800000| Untracked 
|  20|0x0000000708a00000, 0x0000000708c00000, 0x0000000708c00000|100%| O|  |TAMS 0x0000000708c00000, 0x0000000708a00000| Untracked 
|  21|0x0000000708c00000, 0x0000000708e00000, 0x0000000708e00000|100%| O|  |TAMS 0x0000000708e00000, 0x0000000708c00000| Untracked 
|  22|0x0000000708e00000, 0x0000000709000000, 0x0000000709000000|100%| O|  |TAMS 0x0000000709000000, 0x0000000708e00000| Untracked 
|  23|0x0000000709000000, 0x0000000709200000, 0x0000000709200000|100%| O|  |TAMS 0x0000000709200000, 0x0000000709000000| Untracked 
|  24|0x0000000709200000, 0x0000000709400000, 0x0000000709400000|100%| O|  |TAMS 0x0000000709400000, 0x0000000709200000| Untracked 
|  25|0x0000000709400000, 0x0000000709600000, 0x0000000709600000|100%| O|  |TAMS 0x0000000709600000, 0x0000000709400000| Untracked 
|  26|0x0000000709600000, 0x0000000709800000, 0x0000000709800000|100%| O|  |TAMS 0x0000000709800000, 0x0000000709600000| Untracked 
|  27|0x0000000709800000, 0x0000000709a00000, 0x0000000709a00000|100%| O|  |TAMS 0x0000000709850a00, 0x0000000709800000| Untracked 
|  28|0x0000000709a00000, 0x0000000709c00000, 0x0000000709c00000|100%| O|  |TAMS 0x0000000709a00000, 0x0000000709a00000| Untracked 
|  29|0x0000000709c00000, 0x0000000709e00000, 0x0000000709e00000|100%| O|  |TAMS 0x0000000709e00000, 0x0000000709c00000| Untracked 
|  30|0x0000000709e00000, 0x000000070a000000, 0x000000070a000000|100%| O|  |TAMS 0x0000000709e00000, 0x0000000709e00000| Untracked 
|  31|0x000000070a000000, 0x000000070a200000, 0x000000070a200000|100%| O|  |TAMS 0x000000070a000000, 0x000000070a000000| Untracked 
|  32|0x000000070a200000, 0x000000070a400000, 0x000000070a400000|100%| O|  |TAMS 0x000000070a400000, 0x000000070a200000| Untracked 
|  33|0x000000070a400000, 0x000000070a600000, 0x000000070a600000|100%| O|  |TAMS 0x000000070a600000, 0x000000070a400000| Untracked 
|  34|0x000000070a600000, 0x000000070a800000, 0x000000070a800000|100%| O|  |TAMS 0x000000070a800000, 0x000000070a600000| Untracked 
|  35|0x000000070a800000, 0x000000070aa00000, 0x000000070aa00000|100%| O|  |TAMS 0x000000070aa00000, 0x000000070a800000| Untracked 
|  36|0x000000070aa00000, 0x000000070ac00000, 0x000000070ac00000|100%| O|  |TAMS 0x000000070ac00000, 0x000000070aa00000| Untracked 
|  37|0x000000070ac00000, 0x000000070ae00000, 0x000000070ae00000|100%| O|  |TAMS 0x000000070ae00000, 0x000000070ac00000| Untracked 
|  38|0x000000070ae00000, 0x000000070b000000, 0x000000070b000000|100%| O|  |TAMS 0x000000070b000000, 0x000000070ae00000| Untracked 
|  39|0x000000070b000000, 0x000000070b200000, 0x000000070b200000|100%| O|  |TAMS 0x000000070b200000, 0x000000070b000000| Untracked 
|  40|0x000000070b200000, 0x000000070b400000, 0x000000070b400000|100%| O|  |TAMS 0x000000070b400000, 0x000000070b200000| Untracked 
|  41|0x000000070b400000, 0x000000070b600000, 0x000000070b600000|100%| O|  |TAMS 0x000000070b600000, 0x000000070b400000| Untracked 
|  42|0x000000070b600000, 0x000000070b800000, 0x000000070b800000|100%| O|  |TAMS 0x000000070b800000, 0x000000070b600000| Untracked 
|  43|0x000000070b800000, 0x000000070ba00000, 0x000000070ba00000|100%| O|  |TAMS 0x000000070b800000, 0x000000070b800000| Untracked 
|  44|0x000000070ba00000, 0x000000070bc00000, 0x000000070bc00000|100%| O|  |TAMS 0x000000070ba00000, 0x000000070ba00000| Untracked 
|  45|0x000000070bc00000, 0x000000070be00000, 0x000000070be00000|100%| O|  |TAMS 0x000000070bc00000, 0x000000070bc00000| Untracked 
|  46|0x000000070be00000, 0x000000070c000000, 0x000000070c000000|100%| O|  |TAMS 0x000000070be00000, 0x000000070be00000| Untracked 
|  47|0x000000070c000000, 0x000000070c200000, 0x000000070c200000|100%| O|  |TAMS 0x000000070c000000, 0x000000070c000000| Untracked 
|  48|0x000000070c200000, 0x000000070c400000, 0x000000070c400000|100%| O|  |TAMS 0x000000070c200000, 0x000000070c200000| Untracked 
|  49|0x000000070c400000, 0x000000070c600000, 0x000000070c600000|100%| O|  |TAMS 0x000000070c400000, 0x000000070c400000| Untracked 
|  50|0x000000070c600000, 0x000000070c800000, 0x000000070c800000|100%| O|  |TAMS 0x000000070c600000, 0x000000070c600000| Untracked 
|  51|0x000000070c800000, 0x000000070ca00000, 0x000000070ca00000|100%| O|  |TAMS 0x000000070c800000, 0x000000070c800000| Untracked 
|  52|0x000000070ca00000, 0x000000070cc00000, 0x000000070cc00000|100%| O|  |TAMS 0x000000070ca00000, 0x000000070ca00000| Untracked 
|  53|0x000000070cc00000, 0x000000070ce00000, 0x000000070ce00000|100%| O|  |TAMS 0x000000070cc00000, 0x000000070cc00000| Untracked 
|  54|0x000000070ce00000, 0x000000070d000000, 0x000000070d000000|100%| O|  |TAMS 0x000000070ce00000, 0x000000070ce00000| Untracked 
|  55|0x000000070d000000, 0x000000070d200000, 0x000000070d200000|100%| O|  |TAMS 0x000000070d000000, 0x000000070d000000| Untracked 
|  56|0x000000070d200000, 0x000000070d400000, 0x000000070d400000|100%| O|  |TAMS 0x000000070d200000, 0x000000070d200000| Untracked 
|  57|0x000000070d400000, 0x000000070d600000, 0x000000070d600000|100%| O|  |TAMS 0x000000070d400000, 0x000000070d400000| Untracked 
|  58|0x000000070d600000, 0x000000070d800000, 0x000000070d800000|100%| O|  |TAMS 0x000000070d600000, 0x000000070d600000| Untracked 
|  59|0x000000070d800000, 0x000000070da00000, 0x000000070da00000|100%| O|  |TAMS 0x000000070d800000, 0x000000070d800000| Untracked 
|  60|0x000000070da00000, 0x000000070dc00000, 0x000000070dc00000|100%| O|  |TAMS 0x000000070da00000, 0x000000070da00000| Untracked 
|  61|0x000000070dc00000, 0x000000070de00000, 0x000000070de00000|100%| O|  |TAMS 0x000000070dc00000, 0x000000070dc00000| Untracked 
|  62|0x000000070de00000, 0x000000070e000000, 0x000000070e000000|100%| O|  |TAMS 0x000000070de00000, 0x000000070de00000| Untracked 
|  63|0x000000070e000000, 0x000000070e200000, 0x000000070e200000|100%| O|  |TAMS 0x000000070e000000, 0x000000070e000000| Untracked 
|  64|0x000000070e200000, 0x000000070e400000, 0x000000070e400000|100%| O|  |TAMS 0x000000070e200000, 0x000000070e200000| Untracked 
|  65|0x000000070e400000, 0x000000070e600000, 0x000000070e600000|100%| O|  |TAMS 0x000000070e400000, 0x000000070e400000| Untracked 
|  66|0x000000070e600000, 0x000000070e800000, 0x000000070e800000|100%| O|  |TAMS 0x000000070e600000, 0x000000070e600000| Untracked 
|  67|0x000000070e800000, 0x000000070ea00000, 0x000000070ea00000|100%| O|  |TAMS 0x000000070e800000, 0x000000070e800000| Untracked 
|  68|0x000000070ea00000, 0x000000070ec00000, 0x000000070ec00000|100%| O|  |TAMS 0x000000070ea00000, 0x000000070ea00000| Untracked 
|  69|0x000000070ec00000, 0x000000070ee00000, 0x000000070ee00000|100%| O|  |TAMS 0x000000070ec00000, 0x000000070ec00000| Untracked 
|  70|0x000000070ee00000, 0x000000070f000000, 0x000000070f000000|100%| O|  |TAMS 0x000000070ee00000, 0x000000070ee00000| Untracked 
|  71|0x000000070f000000, 0x000000070f200000, 0x000000070f200000|100%| O|  |TAMS 0x000000070f000000, 0x000000070f000000| Untracked 
|  72|0x000000070f200000, 0x000000070f400000, 0x000000070f400000|100%| O|  |TAMS 0x000000070f200000, 0x000000070f200000| Untracked 
|  73|0x000000070f400000, 0x000000070f600000, 0x000000070f600000|100%| O|  |TAMS 0x000000070f400000, 0x000000070f400000| Untracked 
|  74|0x000000070f600000, 0x000000070f800000, 0x000000070f800000|100%| O|  |TAMS 0x000000070f600000, 0x000000070f600000| Untracked 
|  75|0x000000070f800000, 0x000000070fa00000, 0x000000070fa00000|100%| O|  |TAMS 0x000000070f800000, 0x000000070f800000| Untracked 
|  76|0x000000070fa00000, 0x000000070fc00000, 0x000000070fc00000|100%| O|  |TAMS 0x000000070fa00000, 0x000000070fa00000| Untracked 
|  77|0x000000070fc00000, 0x000000070fe00000, 0x000000070fe00000|100%| O|  |TAMS 0x000000070fc00000, 0x000000070fc00000| Untracked 
|  78|0x000000070fe00000, 0x0000000710000000, 0x0000000710000000|100%| O|  |TAMS 0x000000070fe00000, 0x000000070fe00000| Untracked 
|  79|0x0000000710000000, 0x0000000710200000, 0x0000000710200000|100%| O|  |TAMS 0x0000000710000000, 0x0000000710000000| Untracked 
|  80|0x0000000710200000, 0x0000000710400000, 0x0000000710400000|100%| O|  |TAMS 0x0000000710200000, 0x0000000710200000| Untracked 
|  81|0x0000000710400000, 0x0000000710600000, 0x0000000710600000|100%| O|  |TAMS 0x0000000710400000, 0x0000000710400000| Untracked 
|  82|0x0000000710600000, 0x0000000710800000, 0x0000000710800000|100%| O|  |TAMS 0x0000000710600000, 0x0000000710600000| Untracked 
|  83|0x0000000710800000, 0x0000000710a00000, 0x0000000710a00000|100%| O|  |TAMS 0x0000000710800000, 0x0000000710800000| Untracked 
|  84|0x0000000710a00000, 0x0000000710c00000, 0x0000000710c00000|100%| O|  |TAMS 0x0000000710a00000, 0x0000000710a00000| Untracked 
|  85|0x0000000710c00000, 0x0000000710e00000, 0x0000000710e00000|100%| O|  |TAMS 0x0000000710c00000, 0x0000000710c00000| Untracked 
|  86|0x0000000710e00000, 0x0000000711000000, 0x0000000711000000|100%| O|  |TAMS 0x0000000710e00000, 0x0000000710e00000| Untracked 
|  87|0x0000000711000000, 0x0000000711200000, 0x0000000711200000|100%| O|  |TAMS 0x0000000711000000, 0x0000000711000000| Untracked 
|  88|0x0000000711200000, 0x0000000711400000, 0x0000000711400000|100%| O|  |TAMS 0x0000000711200000, 0x0000000711200000| Untracked 
|  89|0x0000000711400000, 0x0000000711600000, 0x0000000711600000|100%| O|  |TAMS 0x0000000711400000, 0x0000000711400000| Untracked 
|  90|0x0000000711600000, 0x0000000711800000, 0x0000000711800000|100%| O|  |TAMS 0x0000000711600000, 0x0000000711600000| Untracked 
|  91|0x0000000711800000, 0x0000000711a00000, 0x0000000711a00000|100%| O|  |TAMS 0x0000000711800000, 0x0000000711800000| Untracked 
|  92|0x0000000711a00000, 0x0000000711c00000, 0x0000000711c00000|100%| O|  |TAMS 0x0000000711a00000, 0x0000000711a00000| Untracked 
|  93|0x0000000711c00000, 0x0000000711e00000, 0x0000000711e00000|100%| O|  |TAMS 0x0000000711c00000, 0x0000000711c00000| Untracked 
|  94|0x0000000711e00000, 0x0000000712000000, 0x0000000712000000|100%| O|  |TAMS 0x0000000711e00000, 0x0000000711e00000| Untracked 
|  95|0x0000000712000000, 0x0000000712200000, 0x0000000712200000|100%| O|  |TAMS 0x0000000712000000, 0x0000000712000000| Untracked 
|  96|0x0000000712200000, 0x0000000712400000, 0x0000000712400000|100%| O|  |TAMS 0x0000000712200000, 0x0000000712200000| Untracked 
|  97|0x0000000712400000, 0x0000000712600000, 0x0000000712600000|100%| O|  |TAMS 0x0000000712400000, 0x0000000712400000| Untracked 
|  98|0x0000000712600000, 0x0000000712800000, 0x0000000712800000|100%| O|  |TAMS 0x0000000712600000, 0x0000000712600000| Untracked 
|  99|0x0000000712800000, 0x0000000712a00000, 0x0000000712a00000|100%| O|  |TAMS 0x0000000712800000, 0x0000000712800000| Untracked 
| 100|0x0000000712a00000, 0x0000000712c00000, 0x0000000712c00000|100%| O|  |TAMS 0x0000000712a00000, 0x0000000712a00000| Untracked 
| 101|0x0000000712c00000, 0x0000000712e00000, 0x0000000712e00000|100%| O|  |TAMS 0x0000000712c00000, 0x0000000712c00000| Untracked 
| 102|0x0000000712e00000, 0x0000000713000000, 0x0000000713000000|100%| O|  |TAMS 0x0000000712e00000, 0x0000000712e00000| Untracked 
| 103|0x0000000713000000, 0x0000000713200000, 0x0000000713200000|100%| O|  |TAMS 0x0000000713000000, 0x0000000713000000| Untracked 
| 104|0x0000000713200000, 0x0000000713400000, 0x0000000713400000|100%| O|  |TAMS 0x0000000713200000, 0x0000000713200000| Untracked 
| 105|0x0000000713400000, 0x0000000713600000, 0x0000000713600000|100%| O|  |TAMS 0x0000000713400000, 0x0000000713400000| Untracked 
| 106|0x0000000713600000, 0x0000000713800000, 0x0000000713800000|100%| O|  |TAMS 0x0000000713600000, 0x0000000713600000| Untracked 
| 107|0x0000000713800000, 0x0000000713a00000, 0x0000000713a00000|100%| O|  |TAMS 0x0000000713800000, 0x0000000713800000| Untracked 
| 108|0x0000000713a00000, 0x0000000713c00000, 0x0000000713c00000|100%| O|  |TAMS 0x0000000713a00000, 0x0000000713a00000| Untracked 
| 109|0x0000000713c00000, 0x0000000713e00000, 0x0000000713e00000|100%| O|  |TAMS 0x0000000713c00000, 0x0000000713c00000| Untracked 
| 110|0x0000000713e00000, 0x0000000714000000, 0x0000000714000000|100%| O|  |TAMS 0x0000000713e00000, 0x0000000713e00000| Untracked 
| 111|0x0000000714000000, 0x0000000714200000, 0x0000000714200000|100%| O|  |TAMS 0x0000000714000000, 0x0000000714000000| Untracked 
| 112|0x0000000714200000, 0x0000000714400000, 0x0000000714400000|100%| O|  |TAMS 0x0000000714200000, 0x0000000714200000| Untracked 
| 113|0x0000000714400000, 0x0000000714600000, 0x0000000714600000|100%| O|  |TAMS 0x0000000714400000, 0x0000000714400000| Untracked 
| 114|0x0000000714600000, 0x0000000714800000, 0x0000000714800000|100%| O|  |TAMS 0x0000000714600000, 0x0000000714600000| Untracked 
| 115|0x0000000714800000, 0x0000000714a00000, 0x0000000714a00000|100%| O|  |TAMS 0x0000000714800000, 0x0000000714800000| Untracked 
| 116|0x0000000714a00000, 0x0000000714b6c4f0, 0x0000000714c00000| 71%| O|  |TAMS 0x0000000714a00000, 0x0000000714a00000| Untracked 
| 117|0x0000000714c00000, 0x0000000714c00000, 0x0000000714e00000|  0%| F|  |TAMS 0x0000000714c00000, 0x0000000714c00000| Untracked 
| 118|0x0000000714e00000, 0x0000000714e00000, 0x0000000715000000|  0%| F|  |TAMS 0x0000000714e00000, 0x0000000714e00000| Untracked 
| 119|0x0000000715000000, 0x0000000715000000, 0x0000000715200000|  0%| F|  |TAMS 0x0000000715000000, 0x0000000715000000| Untracked 
| 120|0x0000000715200000, 0x0000000715200000, 0x0000000715400000|  0%| F|  |TAMS 0x0000000715200000, 0x0000000715200000| Untracked 
| 121|0x0000000715400000, 0x0000000715400000, 0x0000000715600000|  0%| F|  |TAMS 0x0000000715400000, 0x0000000715400000| Untracked 
| 122|0x0000000715600000, 0x0000000715600000, 0x0000000715800000|  0%| F|  |TAMS 0x0000000715600000, 0x0000000715600000| Untracked 
| 123|0x0000000715800000, 0x0000000715800000, 0x0000000715a00000|  0%| F|  |TAMS 0x0000000715800000, 0x0000000715800000| Untracked 
| 124|0x0000000715a00000, 0x0000000715a00000, 0x0000000715c00000|  0%| F|  |TAMS 0x0000000715a00000, 0x0000000715a00000| Untracked 
| 125|0x0000000715c00000, 0x0000000715c00000, 0x0000000715e00000|  0%| F|  |TAMS 0x0000000715c00000, 0x0000000715c00000| Untracked 
| 126|0x0000000715e00000, 0x0000000715e00000, 0x0000000716000000|  0%| F|  |TAMS 0x0000000715e00000, 0x0000000715e00000| Untracked 
| 127|0x0000000716000000, 0x0000000716000000, 0x0000000716200000|  0%| F|  |TAMS 0x0000000716000000, 0x0000000716000000| Untracked 
| 128|0x0000000716200000, 0x0000000716200000, 0x0000000716400000|  0%| F|  |TAMS 0x0000000716200000, 0x0000000716200000| Untracked 
| 129|0x0000000716400000, 0x0000000716400000, 0x0000000716600000|  0%| F|  |TAMS 0x0000000716400000, 0x0000000716400000| Untracked 
| 130|0x0000000716600000, 0x0000000716600000, 0x0000000716800000|  0%| F|  |TAMS 0x0000000716600000, 0x0000000716600000| Untracked 
| 131|0x0000000716800000, 0x0000000716800000, 0x0000000716a00000|  0%| F|  |TAMS 0x0000000716800000, 0x0000000716800000| Untracked 
| 132|0x0000000716a00000, 0x0000000716a00000, 0x0000000716c00000|  0%| F|  |TAMS 0x0000000716a00000, 0x0000000716a00000| Untracked 
| 133|0x0000000716c00000, 0x0000000716c00000, 0x0000000716e00000|  0%| F|  |TAMS 0x0000000716c00000, 0x0000000716c00000| Untracked 
| 134|0x0000000716e00000, 0x0000000716e00000, 0x0000000717000000|  0%| F|  |TAMS 0x0000000716e00000, 0x0000000716e00000| Untracked 
| 135|0x0000000717000000, 0x0000000717000000, 0x0000000717200000|  0%| F|  |TAMS 0x0000000717000000, 0x0000000717000000| Untracked 
| 136|0x0000000717200000, 0x0000000717200000, 0x0000000717400000|  0%| F|  |TAMS 0x0000000717200000, 0x0000000717200000| Untracked 
| 137|0x0000000717400000, 0x0000000717400000, 0x0000000717600000|  0%| F|  |TAMS 0x0000000717400000, 0x0000000717400000| Untracked 
| 138|0x0000000717600000, 0x0000000717600000, 0x0000000717800000|  0%| F|  |TAMS 0x0000000717600000, 0x0000000717600000| Untracked 
| 139|0x0000000717800000, 0x0000000717800000, 0x0000000717a00000|  0%| F|  |TAMS 0x0000000717800000, 0x0000000717800000| Untracked 
| 140|0x0000000717a00000, 0x0000000717a00000, 0x0000000717c00000|  0%| F|  |TAMS 0x0000000717a00000, 0x0000000717a00000| Untracked 
| 141|0x0000000717c00000, 0x0000000717c00000, 0x0000000717e00000|  0%| F|  |TAMS 0x0000000717c00000, 0x0000000717c00000| Untracked 
| 142|0x0000000717e00000, 0x0000000717e00000, 0x0000000718000000|  0%| F|  |TAMS 0x0000000717e00000, 0x0000000717e00000| Untracked 
| 143|0x0000000718000000, 0x0000000718000000, 0x0000000718200000|  0%| F|  |TAMS 0x0000000718000000, 0x0000000718000000| Untracked 
| 144|0x0000000718200000, 0x0000000718400000, 0x0000000718400000|100%| E|CS|TAMS 0x0000000718200000, 0x0000000718200000| Complete 
| 145|0x0000000718400000, 0x0000000718600000, 0x0000000718600000|100%| E|CS|TAMS 0x0000000718400000, 0x0000000718400000| Complete 
| 146|0x0000000718600000, 0x0000000718800000, 0x0000000718800000|100%| E|CS|TAMS 0x0000000718600000, 0x0000000718600000| Complete 
| 147|0x0000000718800000, 0x0000000718a00000, 0x0000000718a00000|100%| E|CS|TAMS 0x0000000718800000, 0x0000000718800000| Complete 
| 148|0x0000000718a00000, 0x0000000718a00000, 0x0000000718c00000|  0%| F|  |TAMS 0x0000000718a00000, 0x0000000718a00000| Untracked 
| 149|0x0000000718c00000, 0x0000000718c00000, 0x0000000718e00000|  0%| F|  |TAMS 0x0000000718c00000, 0x0000000718c00000| Untracked 
| 150|0x0000000718e00000, 0x0000000718e00000, 0x0000000719000000|  0%| F|  |TAMS 0x0000000718e00000, 0x0000000718e00000| Untracked 
| 151|0x0000000719000000, 0x0000000719000000, 0x0000000719200000|  0%| F|  |TAMS 0x0000000719000000, 0x0000000719000000| Untracked 
| 152|0x0000000719200000, 0x0000000719200000, 0x0000000719400000|  0%| F|  |TAMS 0x0000000719200000, 0x0000000719200000| Untracked 
| 153|0x0000000719400000, 0x0000000719400000, 0x0000000719600000|  0%| F|  |TAMS 0x0000000719400000, 0x0000000719400000| Untracked 
| 154|0x0000000719600000, 0x0000000719600000, 0x0000000719800000|  0%| F|  |TAMS 0x0000000719600000, 0x0000000719600000| Untracked 
| 155|0x0000000719800000, 0x0000000719800000, 0x0000000719a00000|  0%| F|  |TAMS 0x0000000719800000, 0x0000000719800000| Untracked 
| 156|0x0000000719a00000, 0x0000000719a00000, 0x0000000719c00000|  0%| F|  |TAMS 0x0000000719a00000, 0x0000000719a00000| Untracked 
| 157|0x0000000719c00000, 0x0000000719c00000, 0x0000000719e00000|  0%| F|  |TAMS 0x0000000719c00000, 0x0000000719c00000| Untracked 
| 158|0x0000000719e00000, 0x0000000719e00000, 0x000000071a000000|  0%| F|  |TAMS 0x0000000719e00000, 0x0000000719e00000| Untracked 
| 159|0x000000071a000000, 0x000000071a000000, 0x000000071a200000|  0%| F|  |TAMS 0x000000071a000000, 0x000000071a000000| Untracked 
| 160|0x000000071a200000, 0x000000071a200000, 0x000000071a400000|  0%| F|  |TAMS 0x000000071a200000, 0x000000071a200000| Untracked 
| 161|0x000000071a400000, 0x000000071a600000, 0x000000071a600000|100%| E|CS|TAMS 0x000000071a400000, 0x000000071a400000| Complete 
| 162|0x000000071a600000, 0x000000071a800000, 0x000000071a800000|100%| E|CS|TAMS 0x000000071a600000, 0x000000071a600000| Complete 
| 163|0x000000071a800000, 0x000000071aa00000, 0x000000071aa00000|100%| E|CS|TAMS 0x000000071a800000, 0x000000071a800000| Complete 
| 164|0x000000071aa00000, 0x000000071ac00000, 0x000000071ac00000|100%| E|CS|TAMS 0x000000071aa00000, 0x000000071aa00000| Complete 
| 165|0x000000071ac00000, 0x000000071ae00000, 0x000000071ae00000|100%| E|CS|TAMS 0x000000071ac00000, 0x000000071ac00000| Complete 
| 166|0x000000071ae00000, 0x000000071b000000, 0x000000071b000000|100%| E|CS|TAMS 0x000000071ae00000, 0x000000071ae00000| Complete 
| 167|0x000000071b000000, 0x000000071b200000, 0x000000071b200000|100%| E|CS|TAMS 0x000000071b000000, 0x000000071b000000| Complete 
| 168|0x000000071b200000, 0x000000071b400000, 0x000000071b400000|100%| E|CS|TAMS 0x000000071b200000, 0x000000071b200000| Complete 
| 169|0x000000071b400000, 0x000000071b600000, 0x000000071b600000|100%| S|  |TAMS 0x000000071b400000, 0x000000071b400000| Complete 
| 170|0x000000071b600000, 0x000000071b800000, 0x000000071b800000|100%| S|  |TAMS 0x000000071b600000, 0x000000071b600000| Complete 
| 171|0x000000071b800000, 0x000000071ba00000, 0x000000071ba00000|100%| S|  |TAMS 0x000000071b800000, 0x000000071b800000| Complete 
| 172|0x000000071ba00000, 0x000000071bc00000, 0x000000071bc00000|100%| S|  |TAMS 0x000000071ba00000, 0x000000071ba00000| Complete 
| 173|0x000000071bc00000, 0x000000071be00000, 0x000000071be00000|100%| S|  |TAMS 0x000000071bc00000, 0x000000071bc00000| Complete 
| 174|0x000000071be00000, 0x000000071c000000, 0x000000071c000000|100%| S|  |TAMS 0x000000071be00000, 0x000000071be00000| Complete 
| 175|0x000000071c000000, 0x000000071c200000, 0x000000071c200000|100%| S|  |TAMS 0x000000071c000000, 0x000000071c000000| Complete 
| 176|0x000000071c200000, 0x000000071c400000, 0x000000071c400000|100%| S|  |TAMS 0x000000071c200000, 0x000000071c200000| Complete 
| 177|0x000000071c400000, 0x000000071c600000, 0x000000071c600000|100%| S|  |TAMS 0x000000071c400000, 0x000000071c400000| Complete 
| 178|0x000000071c600000, 0x000000071c800000, 0x000000071c800000|100%| S|  |TAMS 0x000000071c600000, 0x000000071c600000| Complete 
| 179|0x000000071c800000, 0x000000071ca00000, 0x000000071ca00000|100%| S|  |TAMS 0x000000071c800000, 0x000000071c800000| Complete 
| 180|0x000000071ca00000, 0x000000071cc00000, 0x000000071cc00000|100%| E|CS|TAMS 0x000000071ca00000, 0x000000071ca00000| Complete 
| 181|0x000000071cc00000, 0x000000071ce00000, 0x000000071ce00000|100%| E|CS|TAMS 0x000000071cc00000, 0x000000071cc00000| Complete 
| 182|0x000000071ce00000, 0x000000071d000000, 0x000000071d000000|100%| E|CS|TAMS 0x000000071ce00000, 0x000000071ce00000| Complete 
| 183|0x000000071d000000, 0x000000071d200000, 0x000000071d200000|100%| E|CS|TAMS 0x000000071d000000, 0x000000071d000000| Complete 
| 184|0x000000071d200000, 0x000000071d400000, 0x000000071d400000|100%| E|CS|TAMS 0x000000071d200000, 0x000000071d200000| Complete 
| 185|0x000000071d400000, 0x000000071d600000, 0x000000071d600000|100%| E|CS|TAMS 0x000000071d400000, 0x000000071d400000| Complete 
| 186|0x000000071d600000, 0x000000071d800000, 0x000000071d800000|100%| E|CS|TAMS 0x000000071d600000, 0x000000071d600000| Complete 
| 187|0x000000071d800000, 0x000000071da00000, 0x000000071da00000|100%| E|CS|TAMS 0x000000071d800000, 0x000000071d800000| Complete 
| 188|0x000000071da00000, 0x000000071dc00000, 0x000000071dc00000|100%| E|CS|TAMS 0x000000071da00000, 0x000000071da00000| Complete 
| 189|0x000000071dc00000, 0x000000071de00000, 0x000000071de00000|100%| E|CS|TAMS 0x000000071dc00000, 0x000000071dc00000| Complete 
| 190|0x000000071de00000, 0x000000071e000000, 0x000000071e000000|100%| E|CS|TAMS 0x000000071de00000, 0x000000071de00000| Complete 
| 191|0x000000071e000000, 0x000000071e200000, 0x000000071e200000|100%| E|CS|TAMS 0x000000071e000000, 0x000000071e000000| Complete 
| 192|0x000000071e200000, 0x000000071e400000, 0x000000071e400000|100%| E|CS|TAMS 0x000000071e200000, 0x000000071e200000| Complete 
| 193|0x000000071e400000, 0x000000071e600000, 0x000000071e600000|100%| E|CS|TAMS 0x000000071e400000, 0x000000071e400000| Complete 
| 194|0x000000071e600000, 0x000000071e800000, 0x000000071e800000|100%| E|CS|TAMS 0x000000071e600000, 0x000000071e600000| Complete 
| 195|0x000000071e800000, 0x000000071ea00000, 0x000000071ea00000|100%| E|CS|TAMS 0x000000071e800000, 0x000000071e800000| Complete 
| 196|0x000000071ea00000, 0x000000071ec00000, 0x000000071ec00000|100%| E|CS|TAMS 0x000000071ea00000, 0x000000071ea00000| Complete 
| 197|0x000000071ec00000, 0x000000071ee00000, 0x000000071ee00000|100%| E|CS|TAMS 0x000000071ec00000, 0x000000071ec00000| Complete 
| 198|0x000000071ee00000, 0x000000071f000000, 0x000000071f000000|100%| E|CS|TAMS 0x000000071ee00000, 0x000000071ee00000| Complete 
| 199|0x000000071f000000, 0x000000071f200000, 0x000000071f200000|100%| E|CS|TAMS 0x000000071f000000, 0x000000071f000000| Complete 
| 200|0x000000071f200000, 0x000000071f400000, 0x000000071f400000|100%| E|CS|TAMS 0x000000071f200000, 0x000000071f200000| Complete 
| 201|0x000000071f400000, 0x000000071f600000, 0x000000071f600000|100%| E|CS|TAMS 0x000000071f400000, 0x000000071f400000| Complete 
| 202|0x000000071f600000, 0x000000071f800000, 0x000000071f800000|100%| E|CS|TAMS 0x000000071f600000, 0x000000071f600000| Complete 
| 203|0x000000071f800000, 0x000000071fa00000, 0x000000071fa00000|100%| E|CS|TAMS 0x000000071f800000, 0x000000071f800000| Complete 
| 204|0x000000071fa00000, 0x000000071fc00000, 0x000000071fc00000|100%| E|CS|TAMS 0x000000071fa00000, 0x000000071fa00000| Complete 
| 205|0x000000071fc00000, 0x000000071fe00000, 0x000000071fe00000|100%| E|CS|TAMS 0x000000071fc00000, 0x000000071fc00000| Complete 
| 206|0x000000071fe00000, 0x0000000720000000, 0x0000000720000000|100%| E|CS|TAMS 0x000000071fe00000, 0x000000071fe00000| Complete 
| 207|0x0000000720000000, 0x0000000720200000, 0x0000000720200000|100%| E|CS|TAMS 0x0000000720000000, 0x0000000720000000| Complete 
| 208|0x0000000720200000, 0x0000000720400000, 0x0000000720400000|100%| E|CS|TAMS 0x0000000720200000, 0x0000000720200000| Complete 
| 209|0x0000000720400000, 0x0000000720600000, 0x0000000720600000|100%| E|CS|TAMS 0x0000000720400000, 0x0000000720400000| Complete 
| 210|0x0000000720600000, 0x0000000720800000, 0x0000000720800000|100%| E|CS|TAMS 0x0000000720600000, 0x0000000720600000| Complete 
| 211|0x0000000720800000, 0x0000000720a00000, 0x0000000720a00000|100%| E|CS|TAMS 0x0000000720800000, 0x0000000720800000| Complete 
| 212|0x0000000720a00000, 0x0000000720c00000, 0x0000000720c00000|100%| E|CS|TAMS 0x0000000720a00000, 0x0000000720a00000| Complete 
| 213|0x0000000720c00000, 0x0000000720e00000, 0x0000000720e00000|100%| E|CS|TAMS 0x0000000720c00000, 0x0000000720c00000| Complete 
| 214|0x0000000720e00000, 0x0000000721000000, 0x0000000721000000|100%| E|CS|TAMS 0x0000000720e00000, 0x0000000720e00000| Complete 
| 215|0x0000000721000000, 0x0000000721200000, 0x0000000721200000|100%| E|CS|TAMS 0x0000000721000000, 0x0000000721000000| Complete 
| 216|0x0000000721200000, 0x0000000721400000, 0x0000000721400000|100%| E|CS|TAMS 0x0000000721200000, 0x0000000721200000| Complete 
| 217|0x0000000721400000, 0x0000000721600000, 0x0000000721600000|100%| E|CS|TAMS 0x0000000721400000, 0x0000000721400000| Complete 
| 218|0x0000000721600000, 0x0000000721800000, 0x0000000721800000|100%| E|CS|TAMS 0x0000000721600000, 0x0000000721600000| Complete 
| 219|0x0000000721800000, 0x0000000721a00000, 0x0000000721a00000|100%| E|CS|TAMS 0x0000000721800000, 0x0000000721800000| Complete 
| 220|0x0000000721a00000, 0x0000000721c00000, 0x0000000721c00000|100%| E|CS|TAMS 0x0000000721a00000, 0x0000000721a00000| Complete 
| 221|0x0000000721c00000, 0x0000000721e00000, 0x0000000721e00000|100%| E|CS|TAMS 0x0000000721c00000, 0x0000000721c00000| Complete 
| 222|0x0000000721e00000, 0x0000000722000000, 0x0000000722000000|100%| E|CS|TAMS 0x0000000721e00000, 0x0000000721e00000| Complete 
| 223|0x0000000722000000, 0x0000000722200000, 0x0000000722200000|100%| E|CS|TAMS 0x0000000722000000, 0x0000000722000000| Complete 
| 224|0x0000000722200000, 0x0000000722400000, 0x0000000722400000|100%| E|CS|TAMS 0x0000000722200000, 0x0000000722200000| Complete 
| 225|0x0000000722400000, 0x0000000722600000, 0x0000000722600000|100%| E|CS|TAMS 0x0000000722400000, 0x0000000722400000| Complete 
| 226|0x0000000722600000, 0x0000000722800000, 0x0000000722800000|100%| E|CS|TAMS 0x0000000722600000, 0x0000000722600000| Complete 
| 227|0x0000000722800000, 0x0000000722a00000, 0x0000000722a00000|100%| E|CS|TAMS 0x0000000722800000, 0x0000000722800000| Complete 
| 228|0x0000000722a00000, 0x0000000722c00000, 0x0000000722c00000|100%| E|CS|TAMS 0x0000000722a00000, 0x0000000722a00000| Complete 
| 229|0x0000000722c00000, 0x0000000722e00000, 0x0000000722e00000|100%| E|CS|TAMS 0x0000000722c00000, 0x0000000722c00000| Complete 
| 230|0x0000000722e00000, 0x0000000723000000, 0x0000000723000000|100%| E|CS|TAMS 0x0000000722e00000, 0x0000000722e00000| Complete 
| 231|0x0000000723000000, 0x0000000723200000, 0x0000000723200000|100%| E|CS|TAMS 0x0000000723000000, 0x0000000723000000| Complete 
| 232|0x0000000723200000, 0x0000000723400000, 0x0000000723400000|100%| E|CS|TAMS 0x0000000723200000, 0x0000000723200000| Complete 
| 233|0x0000000723400000, 0x0000000723600000, 0x0000000723600000|100%| E|CS|TAMS 0x0000000723400000, 0x0000000723400000| Complete 
| 234|0x0000000723600000, 0x0000000723800000, 0x0000000723800000|100%| E|CS|TAMS 0x0000000723600000, 0x0000000723600000| Complete 
| 235|0x0000000723800000, 0x0000000723a00000, 0x0000000723a00000|100%| E|CS|TAMS 0x0000000723800000, 0x0000000723800000| Complete 
| 236|0x0000000723a00000, 0x0000000723c00000, 0x0000000723c00000|100%| E|CS|TAMS 0x0000000723a00000, 0x0000000723a00000| Complete 
| 237|0x0000000723c00000, 0x0000000723e00000, 0x0000000723e00000|100%| E|CS|TAMS 0x0000000723c00000, 0x0000000723c00000| Complete 
| 238|0x0000000723e00000, 0x0000000724000000, 0x0000000724000000|100%| E|CS|TAMS 0x0000000723e00000, 0x0000000723e00000| Complete 
| 239|0x0000000724000000, 0x0000000724200000, 0x0000000724200000|100%| E|CS|TAMS 0x0000000724000000, 0x0000000724000000| Complete 
| 240|0x0000000724200000, 0x0000000724400000, 0x0000000724400000|100%| E|CS|TAMS 0x0000000724200000, 0x0000000724200000| Complete 
| 241|0x0000000724400000, 0x0000000724600000, 0x0000000724600000|100%| E|CS|TAMS 0x0000000724400000, 0x0000000724400000| Complete 
| 242|0x0000000724600000, 0x0000000724800000, 0x0000000724800000|100%| E|CS|TAMS 0x0000000724600000, 0x0000000724600000| Complete 
| 243|0x0000000724800000, 0x0000000724a00000, 0x0000000724a00000|100%| E|CS|TAMS 0x0000000724800000, 0x0000000724800000| Complete 
| 244|0x0000000724a00000, 0x0000000724c00000, 0x0000000724c00000|100%| E|CS|TAMS 0x0000000724a00000, 0x0000000724a00000| Complete 
| 245|0x0000000724c00000, 0x0000000724e00000, 0x0000000724e00000|100%| E|CS|TAMS 0x0000000724c00000, 0x0000000724c00000| Complete 
| 246|0x0000000724e00000, 0x0000000725000000, 0x0000000725000000|100%| E|CS|TAMS 0x0000000724e00000, 0x0000000724e00000| Complete 
| 247|0x0000000725000000, 0x0000000725200000, 0x0000000725200000|100%| E|CS|TAMS 0x0000000725000000, 0x0000000725000000| Complete 
| 248|0x0000000725200000, 0x0000000725400000, 0x0000000725400000|100%| E|CS|TAMS 0x0000000725200000, 0x0000000725200000| Complete 

Card table byte_map: [0x0000022342400000,0x0000022342bd0000] _byte_map_base: 0x000002233ebcf000

Marking Bits (Prev, Next): (CMBitMap*) 0x0000022328cb56b0, (CMBitMap*) 0x0000022328cb56f0
 Prev Bits: [0x00000223433a0000, 0x0000022347218000)
 Next Bits: [0x0000022347220000, 0x000002234b098000)

Polling page: 0x0000022328d00000

Metaspace:

Usage:
  Non-class:     64.25 MB used.
      Class:      8.29 MB used.
       Both:     72.54 MB used.

Virtual space:
  Non-class space:      128.00 MB reserved,      64.50 MB ( 50%) committed,  2 nodes.
      Class space:        1.00 GB reserved,       8.50 MB ( <1%) committed,  1 nodes.
             Both:        1.12 GB reserved,      73.00 MB (  6%) committed. 

Chunk freelists:
   Non-Class:  15.52 MB
       Class:  7.51 MB
        Both:  23.03 MB

MaxMetaspaceSize: unlimited
CompressedClassSpaceSize: 1.00 GB
Initial GC threshold: 21.00 MB
Current GC threshold: 120.94 MB
CDS: on
MetaspaceReclaimPolicy: balanced
 - commit_granule_bytes: 65536.
 - commit_granule_words: 8192.
 - virtual_space_node_default_size: 8388608.
 - enlarge_chunks_in_place: 1.
 - new_chunks_are_fully_committed: 0.
 - uncommit_free_chunks: 1.
 - use_allocation_guard: 0.
 - handle_deallocations: 1.


Internal statistics:

num_allocs_failed_limit: 11.
num_arena_births: 522.
num_arena_deaths: 0.
num_vsnodes_births: 3.
num_vsnodes_deaths: 0.
num_space_committed: 1166.
num_space_uncommitted: 0.
num_chunks_returned_to_freelist: 11.
num_chunks_taken_from_freelist: 3135.
num_chunk_merges: 11.
num_chunk_splits: 2453.
num_chunks_enlarged: 2118.
num_inconsistent_stats: 0.

CodeHeap 'non-profiled nmethods': size=120000Kb used=7837Kb max_used=7837Kb free=112162Kb
 bounds [0x0000022339a60000, 0x000002233a210000, 0x0000022340f90000]
CodeHeap 'profiled nmethods': size=120000Kb used=30378Kb max_used=30378Kb free=89621Kb
 bounds [0x0000022331f90000, 0x0000022333d60000, 0x00000223394c0000]
CodeHeap 'non-nmethods': size=5760Kb used=1388Kb max_used=1531Kb free=4371Kb
 bounds [0x00000223394c0000, 0x0000022339730000, 0x0000022339a60000]
 total_blobs=11888 nmethods=11173 adapters=624
 compilation: enabled
              stopped_count=0, restarted_count=0
 full_count=0

Compilation events (20 events):
Event: 13.424 Thread 0x0000022393012220 nmethod 13197 0x000002233a1f6b10 code [0x000002233a1f6d00, 0x000002233a1f75e8]
Event: 13.424 Thread 0x0000022393012220 13187       4       org.jetbrains.kotlin.metadata.deserialization.ProtoTypeTableUtilKt::abbreviatedType (47 bytes)
Event: 13.425 Thread 0x0000022393012220 nmethod 13187 0x000002233a1f7b10 code [0x000002233a1f7ca0, 0x000002233a1f7d78]
Event: 13.425 Thread 0x0000022393012220 13278       4       org.jetbrains.kotlin.serialization.deserialization.TypeDeserializer::simpleType$collectAllArguments (52 bytes)
Event: 13.427 Thread 0x0000022393012220 nmethod 13278 0x000002233a1f7e90 code [0x000002233a1f8020, 0x000002233a1f81e8]
Event: 13.427 Thread 0x0000022393012220 13168       4       org.jetbrains.kotlin.util.EmptyArrayMap::iterator (11 bytes)
Event: 13.427 Thread 0x0000022393012220 nmethod 13168 0x000002233a1f8410 code [0x000002233a1f85a0, 0x000002233a1f8678]
Event: 13.428 Thread 0x0000022393012220 13210       4       org.jetbrains.exposed.dao.LinkedIdentityHashSet::add (33 bytes)
Event: 13.441 Thread 0x0000022393012220 nmethod 13210 0x000002233a1f8710 code [0x000002233a1f8900, 0x000002233a1f9370]
Event: 13.441 Thread 0x0000022393012220 13176       4       java.util.ArrayList$SubList$1::hasNext (20 bytes)
Event: 13.442 Thread 0x0000022393012220 nmethod 13176 0x000002233a1f9910 code [0x000002233a1f9aa0, 0x000002233a1f9b38]
Event: 13.442 Thread 0x0000022393012220 13321       4       jdk.internal.jimage.ImageLocation::getFullName (109 bytes)
Event: 13.448 Thread 0x00000223931678c0 nmethod 13211 0x000002233a1f9c10 code [0x000002233a1fa3e0, 0x000002233a201f50]
Event: 13.451 Thread 0x00000223931678c0 13322       4       java.util.AbstractCollection::toArray (144 bytes)
Event: 13.457 Thread 0x00000223931678c0 nmethod 13322 0x000002233a205d90 code [0x000002233a205f40, 0x000002233a2063f8]
Event: 13.457 Thread 0x00000223931678c0 12755       4       java.lang.reflect.AccessibleObject::checkAccess (40 bytes)
Event: 13.462 Thread 0x00000223931678c0 nmethod 12755 0x000002233a206710 code [0x000002233a2068c0, 0x000002233a206d58]
Event: 13.462 Thread 0x00000223931678c0 12753       4       com.intellij.util.ConcurrencyUtil::cacheOrGet (76 bytes)
Event: 13.464 Thread 0x00000223931678c0 nmethod 12753 0x000002233a207010 code [0x000002233a2071a0, 0x000002233a2072d8]
Event: 13.464 Thread 0x00000223931678c0 12752       4       com.intellij.util.containers.SLRUMap::get (68 bytes)

GC Heap History (20 events):
Event: 8.214 GC heap after
{Heap after GC invocations=33 (full 0):
 garbage-first heap   total 194560K, used 72937K [0x0000000706200000, 0x0000000800000000)
  region size 2048K, 1 young (2048K), 1 survivors (2048K)
 Metaspace       used 73557K, committed 73984K, reserved 1114112K
  class space    used 8449K, committed 8640K, reserved 1048576K
}
Event: 8.732 GC heap before
{Heap before GC invocations=33 (full 0):
 garbage-first heap   total 194560K, used 144617K [0x0000000706200000, 0x0000000800000000)
  region size 2048K, 37 young (75776K), 1 survivors (2048K)
 Metaspace       used 73737K, committed 74176K, reserved 1179648K
  class space    used 8451K, committed 8640K, reserved 1048576K
}
Event: 8.736 GC heap after
{Heap after GC invocations=34 (full 0):
 garbage-first heap   total 194560K, used 82410K [0x0000000706200000, 0x0000000800000000)
  region size 2048K, 5 young (10240K), 5 survivors (10240K)
 Metaspace       used 73737K, committed 74176K, reserved 1179648K
  class space    used 8451K, committed 8640K, reserved 1048576K
}
Event: 8.943 GC heap before
{Heap before GC invocations=34 (full 0):
 garbage-first heap   total 194560K, used 147946K [0x0000000706200000, 0x0000000800000000)
  region size 2048K, 37 young (75776K), 5 survivors (10240K)
 Metaspace       used 73800K, committed 74240K, reserved 1179648K
  class space    used 8457K, committed 8704K, reserved 1048576K
}
Event: 8.950 GC heap after
{Heap after GC invocations=35 (full 0):
 garbage-first heap   total 194560K, used 90392K [0x0000000706200000, 0x0000000800000000)
  region size 2048K, 4 young (8192K), 4 survivors (8192K)
 Metaspace       used 73800K, committed 74240K, reserved 1179648K
  class space    used 8457K, committed 8704K, reserved 1048576K
}
Event: 9.106 GC heap before
{Heap before GC invocations=35 (full 0):
 garbage-first heap   total 194560K, used 151832K [0x0000000706200000, 0x0000000800000000)
  region size 2048K, 34 young (69632K), 4 survivors (8192K)
 Metaspace       used 73814K, committed 74304K, reserved 1179648K
  class space    used 8457K, committed 8704K, reserved 1048576K
}
Event: 9.112 GC heap after
{Heap after GC invocations=36 (full 0):
 garbage-first heap   total 194560K, used 96853K [0x0000000706200000, 0x0000000800000000)
  region size 2048K, 4 young (8192K), 4 survivors (8192K)
 Metaspace       used 73814K, committed 74304K, reserved 1179648K
  class space    used 8457K, committed 8704K, reserved 1048576K
}
Event: 9.330 GC heap before
{Heap before GC invocations=37 (full 0):
 garbage-first heap   total 194560K, used 150101K [0x0000000706200000, 0x0000000800000000)
  region size 2048K, 31 young (63488K), 4 survivors (8192K)
 Metaspace       used 73838K, committed 74304K, reserved 1179648K
  class space    used 8457K, committed 8704K, reserved 1048576K
}
Event: 9.336 GC heap after
{Heap after GC invocations=38 (full 0):
 garbage-first heap   total 194560K, used 105645K [0x0000000706200000, 0x0000000800000000)
  region size 2048K, 4 young (8192K), 4 survivors (8192K)
 Metaspace       used 73838K, committed 74304K, reserved 1179648K
  class space    used 8457K, committed 8704K, reserved 1048576K
}
Event: 9.340 GC heap before
{Heap before GC invocations=38 (full 0):
 garbage-first heap   total 194560K, used 107693K [0x0000000706200000, 0x0000000800000000)
  region size 2048K, 5 young (10240K), 4 survivors (8192K)
 Metaspace       used 73838K, committed 74304K, reserved 1179648K
  class space    used 8457K, committed 8704K, reserved 1048576K
}
Event: 9.346 GC heap after
{Heap after GC invocations=39 (full 0):
 garbage-first heap   total 194560K, used 106476K [0x0000000706200000, 0x0000000800000000)
  region size 2048K, 1 young (2048K), 1 survivors (2048K)
 Metaspace       used 73838K, committed 74304K, reserved 1179648K
  class space    used 8457K, committed 8704K, reserved 1048576K
}
Event: 9.510 GC heap before
{Heap before GC invocations=39 (full 0):
 garbage-first heap   total 194560K, used 153580K [0x0000000706200000, 0x0000000800000000)
  region size 2048K, 24 young (49152K), 1 survivors (2048K)
 Metaspace       used 73856K, committed 74304K, reserved 1179648K
  class space    used 8457K, committed 8704K, reserved 1048576K
}
Event: 9.515 GC heap after
{Heap after GC invocations=40 (full 0):
 garbage-first heap   total 509952K, used 113655K [0x0000000706200000, 0x0000000800000000)
  region size 2048K, 3 young (6144K), 3 survivors (6144K)
 Metaspace       used 73856K, committed 74304K, reserved 1179648K
  class space    used 8457K, committed 8704K, reserved 1048576K
}
Event: 10.816 GC heap before
{Heap before GC invocations=40 (full 0):
 garbage-first heap   total 509952K, used 367607K [0x0000000706200000, 0x0000000800000000)
  region size 2048K, 127 young (260096K), 3 survivors (6144K)
 Metaspace       used 73902K, committed 74368K, reserved 1179648K
  class space    used 8460K, committed 8704K, reserved 1048576K
}
Event: 10.836 GC heap after
{Heap after GC invocations=41 (full 0):
 garbage-first heap   total 509952K, used 159439K [0x0000000706200000, 0x0000000800000000)
  region size 2048K, 16 young (32768K), 16 survivors (32768K)
 Metaspace       used 73902K, committed 74368K, reserved 1179648K
  class space    used 8460K, committed 8704K, reserved 1048576K
}
Event: 12.144 GC heap before
{Heap before GC invocations=41 (full 0):
 garbage-first heap   total 509952K, used 339663K [0x0000000706200000, 0x0000000800000000)
  region size 2048K, 104 young (212992K), 16 survivors (32768K)
 Metaspace       used 73903K, committed 74368K, reserved 1179648K
  class space    used 8460K, committed 8704K, reserved 1048576K
}
Event: 12.170 GC heap after
{Heap after GC invocations=42 (full 0):
 garbage-first heap   total 509952K, used 196608K [0x0000000706200000, 0x0000000800000000)
  region size 2048K, 13 young (26624K), 13 survivors (26624K)
 Metaspace       used 73903K, committed 74368K, reserved 1179648K
  class space    used 8460K, committed 8704K, reserved 1048576K
}
Event: 12.992 GC heap before
{Heap before GC invocations=42 (full 0):
 garbage-first heap   total 509952K, used 360448K [0x0000000706200000, 0x0000000800000000)
  region size 2048K, 93 young (190464K), 13 survivors (26624K)
 Metaspace       used 74243K, committed 74752K, reserved 1179648K
  class space    used 8485K, committed 8704K, reserved 1048576K
}
Event: 13.016 GC heap after
{Heap after GC invocations=43 (full 0):
 garbage-first heap   total 509952K, used 234865K [0x0000000706200000, 0x0000000800000000)
  region size 2048K, 12 young (24576K), 12 survivors (24576K)
 Metaspace       used 74243K, committed 74752K, reserved 1179648K
  class space    used 8485K, committed 8704K, reserved 1048576K
}
Event: 13.472 GC heap before
{Heap before GC invocations=43 (full 0):
 garbage-first heap   total 509952K, used 376177K [0x0000000706200000, 0x0000000800000000)
  region size 2048K, 81 young (165888K), 12 survivors (24576K)
 Metaspace       used 74279K, committed 74752K, reserved 1179648K
  class space    used 8489K, committed 8704K, reserved 1048576K
}

Dll operation events (8 events):
Event: 0.005 Loaded shared library C:\java-jdk\bin\java.dll
Event: 0.021 Loaded shared library C:\java-jdk\bin\jsvml.dll
Event: 0.060 Loaded shared library C:\java-jdk\bin\net.dll
Event: 0.061 Loaded shared library C:\java-jdk\bin\nio.dll
Event: 0.063 Loaded shared library C:\java-jdk\bin\zip.dll
Event: 0.116 Loaded shared library C:\java-jdk\bin\jimage.dll
Event: 0.782 Loaded shared library C:\java-jdk\bin\verify.dll
Event: 1.897 Loaded shared library C:\Users\User\AppData\Local\Temp\sqlite-3.41.2.1-50a39b56-591b-44f9-b6bf-925a31b83250-sqlitejdbc.dll

Deoptimization events (20 events):
Event: 13.259 Thread 0x000002239e53c290 DEOPT PACKING pc=0x000002233a1b1314 sp=0x000000baf5bfd5c0
Event: 13.259 Thread 0x000002239e53c290 DEOPT UNPACKING pc=0x00000223395169a3 sp=0x000000baf5bfd548 mode 2
Event: 13.266 Thread 0x000002239e53c290 Uncommon trap: trap_request=0xffffff45 fr.pc=0x000002233a1e8b7c relative=0x000000000000167c
Event: 13.266 Thread 0x000002239e53c290 Uncommon trap: reason=unstable_if action=reinterpret pc=0x000002233a1e8b7c method=org.jetbrains.kotlin.metadata.ProtoBuf$Type.hasTypeParameter()Z @ 9 c2
Event: 13.266 Thread 0x000002239e53c290 DEOPT PACKING pc=0x000002233a1e8b7c sp=0x000000baf5bfd780
Event: 13.266 Thread 0x000002239e53c290 DEOPT UNPACKING pc=0x00000223395169a3 sp=0x000000baf5bfd6a0 mode 2
Event: 13.276 Thread 0x000002239e53c290 Uncommon trap: trap_request=0xffffff45 fr.pc=0x000002233a1c1028 relative=0x0000000000000088
Event: 13.276 Thread 0x000002239e53c290 Uncommon trap: reason=unstable_if action=reinterpret pc=0x000002233a1c1028 method=org.jetbrains.kotlin.metadata.ProtoBuf$Type.hasFlexibleTypeCapabilitiesId()Z @ 7 c2
Event: 13.276 Thread 0x000002239e53c290 DEOPT PACKING pc=0x000002233a1c1028 sp=0x000000baf5bfdb60
Event: 13.276 Thread 0x000002239e53c290 DEOPT UNPACKING pc=0x00000223395169a3 sp=0x000000baf5bfda80 mode 2
Event: 13.301 Thread 0x000002239e53c290 DEOPT PACKING pc=0x0000022333bc1f34 sp=0x000000baf5bfc660
Event: 13.301 Thread 0x000002239e53c290 DEOPT UNPACKING pc=0x0000022339517143 sp=0x000000baf5bfbb60 mode 0
Event: 13.326 Thread 0x000002239e53c290 Uncommon trap: trap_request=0xffffff45 fr.pc=0x000002233a168b0c relative=0x0000000000004f6c
Event: 13.326 Thread 0x000002239e53c290 Uncommon trap: reason=unstable_if action=reinterpret pc=0x000002233a168b0c method=com.intellij.psi.impl.compiled.StubBuildingVisitor.visitMethod(ILjava/lang/String;Ljava/lang/String;Ljava/lang/String;[Ljava/lang/String;)Lorg/jetbrains/org/objectweb/asm/Me
Event: 13.326 Thread 0x000002239e53c290 DEOPT PACKING pc=0x000002233a168b0c sp=0x000000baf5bfcf00
Event: 13.326 Thread 0x000002239e53c290 DEOPT UNPACKING pc=0x00000223395169a3 sp=0x000000baf5bfceb8 mode 2
Event: 13.457 Thread 0x000002239e53c290 Uncommon trap: trap_request=0xffffff76 fr.pc=0x000002233a206318 relative=0x00000000000003d8
Event: 13.457 Thread 0x000002239e53c290 Uncommon trap: reason=predicate action=maybe_recompile pc=0x000002233a206318 method=java.util.AbstractCollection.toArray([Ljava/lang/Object;)[Ljava/lang/Object; @ 43 c2
Event: 13.457 Thread 0x000002239e53c290 DEOPT PACKING pc=0x000002233a206318 sp=0x000000baf5bfcee0
Event: 13.457 Thread 0x000002239e53c290 DEOPT UNPACKING pc=0x00000223395169a3 sp=0x000000baf5bfce88 mode 2

Classes loaded (20 events):
Event: 3.957 Loading class java/util/stream/SortedOps$AbstractRefSortingSink done
Event: 3.957 Loading class java/util/stream/SortedOps$RefSortingSink done
Event: 4.145 Loading class jdk/internal/math/FDBigInteger
Event: 4.145 Loading class jdk/internal/math/FDBigInteger done
Event: 4.178 Loading class java/util/stream/SliceOps
Event: 4.178 Loading class java/util/stream/SliceOps done
Event: 4.178 Loading class java/util/stream/SliceOps$1
Event: 4.179 Loading class java/util/stream/SliceOps$1 done
Event: 4.179 Loading class java/util/stream/SliceOps$1$1
Event: 4.179 Loading class java/util/stream/SliceOps$1$1 done
Event: 4.313 Loading class java/util/concurrent/ConcurrentLinkedQueue$Itr
Event: 4.313 Loading class java/util/concurrent/ConcurrentLinkedQueue$Itr done
Event: 4.321 Loading class java/util/AbstractList$RandomAccessSubList
Event: 4.321 Loading class java/util/AbstractList$RandomAccessSubList done
Event: 4.334 Loading class java/util/RegularEnumSet$EnumSetIterator
Event: 4.334 Loading class java/util/RegularEnumSet$EnumSetIterator done
Event: 6.295 Loading class java/util/function/IntBinaryOperator
Event: 6.295 Loading class java/util/function/IntBinaryOperator done
Event: 8.149 Loading class java/text/ChoiceFormat
Event: 8.150 Loading class java/text/ChoiceFormat done

Classes unloaded (0 events):
No events

Classes redefined (0 events):
No events

Internal exceptions (20 events):
Event: 5.774 Thread 0x000002239cab2f70 Exception <a 'java/lang/NoSuchMethodError'{0x000000070b06bfb0}: 'java.lang.Object java.lang.invoke.DirectMethodHandle$Holder.newInvokeSpecial(java.lang.Object, java.lang.Object, java.lang.Object, java.lang.Object, int, int)'> (0x000000070b06bfb0) 
thrown [s\src\hotspot\share\interpreter\linkResolver.cpp, line 759]
Event: 5.799 Thread 0x000002239cab2f70 Exception <a 'java/lang/NoSuchMethodError'{0x000000070b1b74a0}: 'java.lang.Object java.lang.invoke.DirectMethodHandle$Holder.newInvokeSpecial(java.lang.Object, java.lang.Object, java.lang.Object, java.lang.Object, java.lang.Object, java.lang.Object, java.lang.Object, java.lang.Object, java.lang.Object, java.lang.Object, java.lang.Object)'> (0x000000070b1b74a0) 
thrown [s\src\hotspot\share\interpreter\linkResolver.cpp, line 759]
Event: 5.799 Thread 0x000002239cab2f70 Exception <a 'java/lang/NoSuchMethodError'{0x000000070b1bc8d8}: 'java.lang.Object java.lang.invoke.DirectMethodHandle$Holder.invokeSpecial(java.lang.Object, java.lang.Object, java.lang.Object, java.lang.Object, java.lang.Object, java.lang.Object, java.lang.Object, java.lang.Object, java.lang.Object, java.lang.Object, java.lang.Object, java.lang.Object)'> (0x000000070b1bc8d8) 
thrown [s\src\hotspot\share\interpreter\linkResolver.cpp, line 759]
Event: 5.800 Thread 0x000002239cab2f70 Exception <a 'java/lang/NoSuchMethodError'{0x000000070b1c14d0}: 'java.lang.Object java.lang.invoke.Invokers$Holder.linkToTargetMethod(java.lang.Object, java.lang.Object, java.lang.Object, java.lang.Object, java.lang.Object, java.lang.Object, java.lang.Object, java.lang.Object, java.lang.Object, java.lang.Object, java.lang.Object)'> (0x000000070b1c14d0) 
thrown [s\src\hotspot\share\interpreter\linkResolver.cpp, line 759]
Event: 6.033 Thread 0x000002239cab2f70 Exception <a 'java/lang/NoSuchMethodError'{0x00000007141c6558}: 'java.lang.Object java.lang.invoke.DirectMethodHandle$Holder.newInvokeSpecial(java.lang.Object, int, java.lang.Object)'> (0x00000007141c6558) 
thrown [s\src\hotspot\share\interpreter\linkResolver.cpp, line 759]
Event: 6.034 Thread 0x000002239cab2f70 Exception <a 'java/lang/NoSuchMethodError'{0x00000007141cd378}: 'int java.lang.invoke.DirectMethodHandle$Holder.invokeInterface(java.lang.Object, java.lang.Object)'> (0x00000007141cd378) 
thrown [s\src\hotspot\share\interpreter\linkResolver.cpp, line 759]
Event: 6.563 Thread 0x000002239cab2f70 Exception <a 'java/lang/NoSuchMethodError'{0x0000000714036eb8}: 'java.lang.Object java.lang.invoke.DirectMethodHandle$Holder.newInvokeSpecial(java.lang.Object, int, java.lang.Object, java.lang.Object)'> (0x0000000714036eb8) 
thrown [s\src\hotspot\share\interpreter\linkResolver.cpp, line 759]
Event: 6.564 Thread 0x000002239cab2f70 Exception <a 'java/lang/NoSuchMethodError'{0x000000071403b7b8}: 'java.lang.Object java.lang.invoke.DirectMethodHandle$Holder.invokeSpecial(java.lang.Object, java.lang.Object, int, java.lang.Object, java.lang.Object)'> (0x000000071403b7b8) 
thrown [s\src\hotspot\share\interpreter\linkResolver.cpp, line 759]
Event: 6.620 Thread 0x000002239cab2f70 Exception <a 'java/lang/IncompatibleClassChangeError'{0x000000070ba3d6e0}: Found class java.lang.Object, but interface was expected> (0x000000070ba3d6e0) 
thrown [s\src\hotspot\share\interpreter\linkResolver.cpp, line 826]
Event: 6.620 Thread 0x000002239cab2f70 Exception <a 'java/lang/NoSuchMethodError'{0x000000070ba41048}: 'int java.lang.invoke.DirectMethodHandle$Holder.invokeSpecialIFC(java.lang.Object, java.lang.Object, java.lang.Object)'> (0x000000070ba41048) 
thrown [s\src\hotspot\share\interpreter\linkResolver.cpp, line 759]
Event: 6.648 Thread 0x000002239cab2f70 Exception <a 'java/lang/NoSuchMethodError'{0x000000070bb618f0}: 'java.lang.Object java.lang.invoke.DirectMethodHandle$Holder.invokeStatic(java.lang.Object, int, int, java.lang.Object)'> (0x000000070bb618f0) 
thrown [s\src\hotspot\share\interpreter\linkResolver.cpp, line 759]
Event: 8.836 Thread 0x000002239e53c290 Implicit null exception at 0x0000022339ed56cc to 0x0000022339ed5760
Event: 12.298 Thread 0x000002239e53c290 Exception <a 'java/lang/NoSuchMethodError'{0x0000000723e850e8}: 'java.lang.Object java.lang.invoke.DirectMethodHandle$Holder.invokeStatic(java.lang.Object, java.lang.Object, int, java.lang.Object)'> (0x0000000723e850e8) 
thrown [s\src\hotspot\share\interpreter\linkResolver.cpp, line 759]
Event: 12.299 Thread 0x000002239e53c290 Exception <a 'java/lang/NoSuchMethodError'{0x0000000723e8cb70}: 'java.lang.Object java.lang.invoke.DirectMethodHandle$Holder.newInvokeSpecial(java.lang.Object, java.lang.Object, int, java.lang.Object)'> (0x0000000723e8cb70) 
thrown [s\src\hotspot\share\interpreter\linkResolver.cpp, line 759]
Event: 12.300 Thread 0x000002239e53c290 Exception <a 'java/lang/NoSuchMethodError'{0x0000000723e90c78}: 'java.lang.Object java.lang.invoke.DirectMethodHandle$Holder.invokeSpecial(java.lang.Object, java.lang.Object, java.lang.Object, int, java.lang.Object)'> (0x0000000723e90c78) 
thrown [s\src\hotspot\share\interpreter\linkResolver.cpp, line 759]
Event: 12.300 Thread 0x000002239e53c290 Exception <a 'java/lang/NoSuchMethodError'{0x0000000723e94650}: 'java.lang.Object java.lang.invoke.Invokers$Holder.linkToTargetMethod(java.lang.Object, int, java.lang.Object, java.lang.Object)'> (0x0000000723e94650) 
thrown [s\src\hotspot\share\interpreter\linkResolver.cpp, line 759]
Event: 12.794 Thread 0x000002239e53c290 Exception <a 'java/lang/NoSuchMethodError'{0x000000071e3f2560}: 'java.lang.Object java.lang.invoke.DirectMethodHandle$Holder.invokeStatic(java.lang.Object, java.lang.Object, java.lang.Object, java.lang.Object, java.lang.Object, int, java.lang.Object)'> (0x000000071e3f2560) 
thrown [s\src\hotspot\share\interpreter\linkResolver.cpp, line 759]
Event: 12.795 Thread 0x000002239e53c290 Exception <a 'java/lang/NoSuchMethodError'{0x000000071e3fc868}: 'java.lang.Object java.lang.invoke.DirectMethodHandle$Holder.newInvokeSpecial(java.lang.Object, java.lang.Object, java.lang.Object, java.lang.Object, java.lang.Object, int, java.lang.Object)'> (0x000000071e3fc868) 
thrown [s\src\hotspot\share\interpreter\linkResolver.cpp, line 759]
Event: 12.795 Thread 0x000002239e53c290 Exception <a 'java/lang/NoSuchMethodError'{0x000000071e001910}: 'java.lang.Object java.lang.invoke.DirectMethodHandle$Holder.invokeSpecial(java.lang.Object, java.lang.Object, java.lang.Object, java.lang.Object, java.lang.Object, java.lang.Object, int, java.lang.Object)'> (0x000000071e001910) 
thrown [s\src\hotspot\share\interpreter\linkResolver.cpp, line 759]
Event: 12.796 Thread 0x000002239e53c290 Exception <a 'java/lang/NoSuchMethodError'{0x000000071e005f38}: 'java.lang.Object java.lang.invoke.Invokers$Holder.linkToTargetMethod(java.lang.Object, java.lang.Object, java.lang.Object, java.lang.Object, int, java.lang.Object, java.lang.Object)'> (0x000000071e005f38) 
thrown [s\src\hotspot\share\interpreter\linkResolver.cpp, line 759]

VM Operations (20 events):
Event: 9.722 Executing VM operation: HandshakeAllThreads done
Event: 9.758 Executing VM operation: HandshakeAllThreads
Event: 9.758 Executing VM operation: HandshakeAllThreads done
Event: 9.790 Executing VM operation: HandshakeAllThreads
Event: 9.790 Executing VM operation: HandshakeAllThreads done
Event: 10.795 Executing VM operation: Cleanup
Event: 10.796 Executing VM operation: Cleanup done
Event: 10.816 Executing VM operation: G1CollectForAllocation
Event: 10.836 Executing VM operation: G1CollectForAllocation done
Event: 11.846 Executing VM operation: Cleanup
Event: 11.846 Executing VM operation: Cleanup done
Event: 12.144 Executing VM operation: G1CollectForAllocation
Event: 12.170 Executing VM operation: G1CollectForAllocation done
Event: 12.294 Executing VM operation: HandshakeAllThreads
Event: 12.294 Executing VM operation: HandshakeAllThreads done
Event: 12.513 Executing VM operation: ICBufferFull
Event: 12.514 Executing VM operation: ICBufferFull done
Event: 12.992 Executing VM operation: G1CollectForAllocation
Event: 13.016 Executing VM operation: G1CollectForAllocation done
Event: 13.472 Executing VM operation: G1CollectForAllocation

Memory protections (0 events):
No events

Nmethod flushes (20 events):
Event: 9.812 Thread 0x000002239301c640 flushing  nmethod 0x0000022333c50610
Event: 9.812 Thread 0x000002239301c640 flushing  nmethod 0x0000022333c51410
Event: 9.812 Thread 0x000002239301c640 flushing  nmethod 0x0000022333c63290
Event: 9.812 Thread 0x000002239301c640 flushing  nmethod 0x0000022333c71d90
Event: 9.812 Thread 0x000002239301c640 flushing  nmethod 0x0000022333c72b10
Event: 9.812 Thread 0x000002239301c640 flushing  nmethod 0x0000022333c74110
Event: 9.812 Thread 0x000002239301c640 flushing  nmethod 0x0000022333c74510
Event: 9.812 Thread 0x000002239301c640 flushing  nmethod 0x0000022333c8e910
Event: 9.812 Thread 0x000002239301c640 flushing  nmethod 0x0000022333cb7790
Event: 9.812 Thread 0x000002239301c640 flushing  nmethod 0x0000022333cbb610
Event: 12.299 Thread 0x000002239301c640 flushing  nmethod 0x00000223321d5090
Event: 12.299 Thread 0x000002239301c640 flushing  nmethod 0x00000223321ed990
Event: 12.300 Thread 0x000002239301c640 flushing  nmethod 0x0000022332361410
Event: 12.304 Thread 0x000002239301c640 flushing  nmethod 0x00000223327daf10
Event: 12.305 Thread 0x000002239301c640 flushing  nmethod 0x0000022332957d90
Event: 12.323 Thread 0x000002239301c640 flushing  nmethod 0x0000022333af2590
Event: 12.324 Thread 0x000002239301c640 flushing  nmethod 0x0000022333c46d10
Event: 12.324 Thread 0x000002239301c640 flushing  nmethod 0x0000022333c47c90
Event: 12.324 Thread 0x000002239301c640 flushing  nmethod 0x0000022333c57890
Event: 12.324 Thread 0x000002239301c640 flushing  nmethod 0x0000022333c58510

Events (20 events):
Event: 0.032 Thread 0x0000022328c4bb80 Thread added: 0x0000022393012220
Event: 0.032 Thread 0x0000022328c4bb80 Thread added: 0x0000022393014d50
Event: 0.032 Thread 0x0000022328c4bb80 Thread added: 0x000002239301c640
Event: 0.056 Thread 0x0000022328c4bb80 Thread added: 0x0000022393150920
Event: 0.058 Thread 0x0000022328c4bb80 Thread added: 0x00000223931544a0
Event: 0.079 Thread 0x0000022393012220 Thread added: 0x00000223931678c0
Event: 0.239 Thread 0x0000022393014d50 Thread added: 0x0000022393582050
Event: 1.502 Thread 0x0000022328c4bb80 Thread added: 0x000002239d33c960
Event: 1.503 Thread 0x000002239d33c960 Thread exited: 0x000002239d33c960
Event: 1.729 Thread 0x0000022328c4bb80 Thread added: 0x0000022394a8efd0
Event: 1.730 Thread 0x0000022328c4bb80 Thread exited: 0x0000022328c4bb80
Event: 1.730 Thread 0x0000022328c4bb80 Thread added: 0x0000022328c4bb80
Event: 1.785 Thread 0x0000022394a8efd0 Thread added: 0x000002239f44f8e0
Event: 2.094 Thread 0x000002239f44f8e0 Thread added: 0x000002239cab52e0
Event: 2.217 Thread 0x000002239f44f8e0 Thread added: 0x000002239cab48c0
Event: 2.256 Thread 0x0000022394a8efd0 Thread added: 0x000002239cab2f70
Event: 2.895 Thread 0x0000022393582050 Thread exited: 0x0000022393582050
Event: 2.936 Thread 0x0000022393014d50 Thread added: 0x000002239f9976f0
Event: 3.539 Thread 0x000002239cab48c0 Thread added: 0x000002239cab6210
Event: 8.102 Thread 0x000002239cab6210 Thread added: 0x000002239e53c290


Dynamic libraries:
0x00007ff7e94c0000 - 0x00007ff7e94ce000 	C:\java-jdk\bin\java.exe
0x00007fff1d860000 - 0x00007fff1da69000 	C:\Windows\SYSTEM32\ntdll.dll
0x00007fff1c5a0000 - 0x00007fff1c65d000 	C:\Windows\System32\KERNEL32.DLL
0x00007fff1b140000 - 0x00007fff1b4c4000 	C:\Windows\System32\KERNELBASE.dll
0x00007fff1b590000 - 0x00007fff1b6a1000 	C:\Windows\System32\ucrtbase.dll
0x00007ffebe280000 - 0x00007ffebe297000 	C:\java-jdk\bin\jli.dll
0x00007ffebe260000 - 0x00007ffebe27e000 	C:\java-jdk\bin\VCRUNTIME140.dll
0x00007fff1c2a0000 - 0x00007fff1c44d000 	C:\Windows\System32\USER32.dll
0x00007fff1af70000 - 0x00007fff1af96000 	C:\Windows\System32\win32u.dll
0x00007fff19f00000 - 0x00007fff1a1a5000 	C:\Windows\WinSxS\amd64_microsoft.windows.common-controls_6595b64144ccf1df_6.0.22000.120_none_9d947278b86cc467\COMCTL32.dll
0x00007fff1c800000 - 0x00007fff1c82a000 	C:\Windows\System32\GDI32.dll
0x00007fff1b6b0000 - 0x00007fff1b753000 	C:\Windows\System32\msvcrt.dll
0x00007fff1afa0000 - 0x00007fff1b0be000 	C:\Windows\System32\gdi32full.dll
0x00007fff1aed0000 - 0x00007fff1af6d000 	C:\Windows\System32\msvcp_win.dll
0x00007fff1b950000 - 0x00007fff1b981000 	C:\Windows\System32\IMM32.DLL
0x00007ffeef940000 - 0x00007ffeef94c000 	C:\java-jdk\bin\vcruntime140_1.dll
0x00007ffebd9d0000 - 0x00007ffebda5d000 	C:\java-jdk\bin\msvcp140.dll
0x00007ffebbdd0000 - 0x00007ffebca3b000 	C:\java-jdk\bin\server\jvm.dll
0x00007fff1c1f0000 - 0x00007fff1c29e000 	C:\Windows\System32\ADVAPI32.dll
0x00007fff1c150000 - 0x00007fff1c1ee000 	C:\Windows\System32\sechost.dll
0x00007fff1b990000 - 0x00007fff1bab1000 	C:\Windows\System32\RPCRT4.dll
0x00007fff1ccc0000 - 0x00007fff1cd2f000 	C:\Windows\System32\WS2_32.dll
0x00007fff1a860000 - 0x00007fff1a8ad000 	C:\Windows\SYSTEM32\POWRPROF.dll
0x00007fff11cb0000 - 0x00007fff11ce3000 	C:\Windows\SYSTEM32\WINMM.dll
0x00007fff190e0000 - 0x00007fff190ea000 	C:\Windows\SYSTEM32\VERSION.dll
0x00007fff1a220000 - 0x00007fff1a233000 	C:\Windows\SYSTEM32\UMPDC.dll
0x00007fff18e80000 - 0x00007fff18e98000 	C:\Windows\SYSTEM32\kernel.appcore.dll
0x00007ffeee040000 - 0x00007ffeee04a000 	C:\java-jdk\bin\jimage.dll
0x00007fff1a630000 - 0x00007fff1a851000 	C:\Windows\SYSTEM32\DBGHELP.DLL
0x00007fff1a500000 - 0x00007fff1a531000 	C:\Windows\SYSTEM32\dbgcore.DLL
0x00007fff1b0c0000 - 0x00007fff1b13f000 	C:\Windows\System32\bcryptPrimitives.dll
0x00007ffebe320000 - 0x00007ffebe345000 	C:\java-jdk\bin\java.dll
0x00007ffebd8c0000 - 0x00007ffebd997000 	C:\java-jdk\bin\jsvml.dll
0x00007fff1cd30000 - 0x00007fff1d4f5000 	C:\Windows\System32\SHELL32.dll
0x00007fff17ee0000 - 0x00007fff18742000 	C:\Windows\SYSTEM32\windows.storage.dll
0x00007fff1c940000 - 0x00007fff1ccb6000 	C:\Windows\System32\combase.dll
0x00007fff17d70000 - 0x00007fff17ed7000 	C:\Windows\SYSTEM32\wintypes.dll
0x00007fff1c710000 - 0x00007fff1c7fa000 	C:\Windows\System32\SHCORE.dll
0x00007fff1c540000 - 0x00007fff1c59d000 	C:\Windows\System32\shlwapi.dll
0x00007fff1ac20000 - 0x00007fff1ac45000 	C:\Windows\SYSTEM32\profapi.dll
0x00007fff16bb0000 - 0x00007fff16bc9000 	C:\java-jdk\bin\net.dll
0x00007fff147c0000 - 0x00007fff148d4000 	C:\Windows\SYSTEM32\WINHTTP.dll
0x00007fff19d10000 - 0x00007fff19d77000 	C:\Windows\system32\mswsock.dll
0x00007fff16430000 - 0x00007fff16446000 	C:\java-jdk\bin\nio.dll
0x00007fff16410000 - 0x00007fff16428000 	C:\java-jdk\bin\zip.dll
0x00007fff1a990000 - 0x00007fff1a9a8000 	C:\Windows\SYSTEM32\CRYPTSP.dll
0x00007fff18de0000 - 0x00007fff18e15000 	C:\Windows\system32\rsaenh.dll
0x00007fff19e30000 - 0x00007fff19e5c000 	C:\Windows\SYSTEM32\USERENV.dll
0x00007fff1a540000 - 0x00007fff1a567000 	C:\Windows\SYSTEM32\bcrypt.dll
0x00007fff19cc0000 - 0x00007fff19ccc000 	C:\Windows\SYSTEM32\CRYPTBASE.dll
0x00007fff189e0000 - 0x00007fff18a0d000 	C:\Windows\SYSTEM32\IPHLPAPI.DLL
0x00007fff1b940000 - 0x00007fff1b949000 	C:\Windows\System32\NSI.dll
0x00007fff13070000 - 0x00007fff13089000 	C:\Windows\SYSTEM32\dhcpcsvc6.DLL
0x00007fff14b20000 - 0x00007fff14b3e000 	C:\Windows\SYSTEM32\dhcpcsvc.DLL
0x00007fff18a60000 - 0x00007fff18b47000 	C:\Windows\SYSTEM32\DNSAPI.dll
0x00007fff16ba0000 - 0x00007fff16bb0000 	C:\java-jdk\bin\verify.dll
0x00007fff087f0000 - 0x00007fff088d9000 	C:\Users\User\AppData\Local\Temp\sqlite-3.41.2.1-50a39b56-591b-44f9-b6bf-925a31b83250-sqlitejdbc.dll

dbghelp: loaded successfully - version: 4.0.5 - missing functions: none
symbol engine: initialized successfully - sym options: 0x614 - pdb path: .;C:\java-jdk\bin;C:\Windows\SYSTEM32;C:\Windows\WinSxS\amd64_microsoft.windows.common-controls_6595b64144ccf1df_6.0.22000.120_none_9d947278b86cc467;C:\java-jdk\bin\server;C:\Users\User\AppData\Local\Temp

VM Arguments:
jvm_args: -DkotlinLanguageServer.version=1.3.13 
java_command: org.javacs.kt.MainKt
java_class_path (initial): c:\Users\User\AppData\Roaming\Code\User\globalStorage\fwcd.kotlin\langServerInstall\server\lib\server-1.3.13.jar;c:\Users\User\AppData\Roaming\Code\User\globalStorage\fwcd.kotlin\langServerInstall\server\lib\shared-1.3.13.jar;c:\Users\User\AppData\Roaming\Code\User\globalStorage\fwcd.kotlin\langServerInstall\server\lib\kotlin-scripting-jvm-host-unshaded-2.1.0.jar;c:\Users\User\AppData\Roaming\Code\User\globalStorage\fwcd.kotlin\langServerInstall\server\lib\kotlin-scripting-compiler-2.1.0.jar;c:\Users\User\AppData\Roaming\Code\User\globalStorage\fwcd.kotlin\langServerInstall\server\lib\ktfmt-b5d31d1.jar;c:\Users\User\AppData\Roaming\Code\User\globalStorage\fwcd.kotlin\langServerInstall\server\lib\kotlin-compiler-2.1.0.jar;c:\Users\User\AppData\Roaming\Code\User\globalStorage\fwcd.kotlin\langServerInstall\server\lib\exposed-dao-0.37.3.jar;c:\Users\User\AppData\Roaming\Code\User\globalStorage\fwcd.kotlin\langServerInstall\server\lib\exposed-jdbc-0.37.3.jar;c:\Users\User\AppData\Roaming\Code\User\globalStorage\fwcd.kotlin\langServerInstall\server\lib\exposed-core-0.37.3.jar;c:\Users\User\AppData\Roaming\Code\User\globalStorage\fwcd.kotlin\langServerInstall\server\lib\kotlin-scripting-compiler-impl-2.1.0.jar;c:\Users\User\AppData\Roaming\Code\User\globalStorage\fwcd.kotlin\langServerInstall\server\lib\kotlin-reflect-2.1.0.jar;c:\Users\User\AppData\Roaming\Code\User\globalStorage\fwcd.kotlin\langServerInstall\server\lib\kotlin-scripting-jvm-2.1.0.jar;c:\Users\User\AppData\Roaming\Code\User\globalStorage\fwcd.kotlin\langServerInstall\server\lib\kotlin-scripting-common-2.1.0.jar;c:\Users\User\AppData\Roaming\Code\User\globalStorage\fwcd.kotlin\langServerInstall\server\lib\kotlinx-coroutines-core-jvm-1.6.4.jar;c:\Users\User\AppData\Roaming\Code\User\globalStorage\fwcd.kotlin\langServerInstall\server\lib\kotlin-stdlib-jdk8-2.1.0.jar;c:\Users\User\AppData\Roaming\Code\User\globalStorage\fwcd.kotlin\langServerInstall\server\lib\kotlin-stdlib-jdk7-2.
Launcher Type: SUN_STANDARD

[Global flags]
     intx CICompilerCount                          = 4                                         {product} {ergonomic}
     uint ConcGCThreads                            = 3                                         {product} {ergonomic}
     uint G1ConcRefinementThreads                  = 10                                        {product} {ergonomic}
   size_t G1HeapRegionSize                         = 2097152                                   {product} {ergonomic}
    uintx GCDrainStackTargetSize                   = 64                                        {product} {ergonomic}
   size_t InitialHeapSize                          = 262144000                                 {product} {ergonomic}
   size_t MarkStackSize                            = 4194304                                   {product} {ergonomic}
   size_t MaxHeapSize                              = 4192206848                                {product} {ergonomic}
   size_t MaxNewSize                               = 2514485248                                {product} {ergonomic}
   size_t MinHeapDeltaBytes                        = 2097152                                   {product} {ergonomic}
   size_t MinHeapSize                              = 8388608                                   {product} {ergonomic}
    uintx NonNMethodCodeHeapSize                   = 5839372                                {pd product} {ergonomic}
    uintx NonProfiledCodeHeapSize                  = 122909434                              {pd product} {ergonomic}
    uintx ProfiledCodeHeapSize                     = 122909434                              {pd product} {ergonomic}
    uintx ReservedCodeCacheSize                    = 251658240                              {pd product} {ergonomic}
     bool SegmentedCodeCache                       = true                                      {product} {ergonomic}
   size_t SoftMaxHeapSize                          = 4192206848                             {manageable} {ergonomic}
     bool UseCompressedClassPointers               = true                           {product lp64_product} {ergonomic}
     bool UseCompressedOops                        = true                           {product lp64_product} {ergonomic}
     bool UseG1GC                                  = true                                      {product} {ergonomic}
     bool UseLargePagesIndividualAllocation        = false                                  {pd product} {ergonomic}

Logging:
Log output configuration:
 #0: stdout all=warning uptime,level,tags
 #1: stderr all=off uptime,level,tags

Environment Variables:
JAVA_HOME=C:\java-jdk
CLASSPATH=c:\Users\User\AppData\Roaming\Code\User\globalStorage\fwcd.kotlin\langServerInstall\server\lib\server-1.3.13.jar;c:\Users\User\AppData\Roaming\Code\User\globalStorage\fwcd.kotlin\langServerInstall\server\lib\shared-1.3.13.jar;c:\Users\User\AppData\Roaming\Code\User\globalStorage\fwcd.kotlin\langServerInstall\server\lib\kotlin-scripting-jvm-host-unshaded-2.1.0.jar;c:\Users\User\AppData\Roaming\Code\User\globalStorage\fwcd.kotlin\langServerInstall\server\lib\kotlin-scripting-compiler-2.1.0.jar;c:\Users\User\AppData\Roaming\Code\User\globalStorage\fwcd.kotlin\langServerInstall\server\lib\ktfmt-b5d31d1.jar;c:\Users\User\AppData\Roaming\Code\User\globalStorage\fwcd.kotlin\langServerInstall\server\lib\kotlin-compiler-2.1.0.jar;c:\Users\User\AppData\Roaming\Code\User\globalStorage\fwcd.kotlin\langServerInstall\server\lib\exposed-dao-0.37.3.jar;c:\Users\User\AppData\Roaming\Code\User\globalStorage\fwcd.kotlin\langServerInstall\server\lib\exposed-jdbc-0.37.3.jar;c:\Users\User\AppData\Roaming\Code\User\globalStorage\fwcd.kotlin\langServerInstall\server\lib\exposed-core-0.37.3.jar;c:\Users\User\AppData\Roaming\Code\User\globalStorage\fwcd.kotlin\langServerInstall\server\lib\kotlin-scripting-compiler-impl-2.1.0.jar;c:\Users\User\AppData\Roaming\Code\User\globalStorage\fwcd.kotlin\langServerInstall\server\lib\kotlin-reflect-2.1.0.jar;c:\Users\User\AppData\Roaming\Code\User\globalStorage\fwcd.kotlin\langServerInstall\server\lib\kotlin-scripting-jvm-2.1.0.jar;c:\Users\User\AppData\Roaming\Code\User\globalStorage\fwcd.kotlin\langServerInstall\server\lib\kotlin-scripting-common-2.1.0.jar;c:\Users\User\AppData\Roaming\Code\User\globalStorage\fwcd.kotlin\langServerInstall\server\lib\kotlinx-coroutines-core-jvm-1.6.4.jar;c:\Users\User\AppData\Roaming\Code\User\globalStorage\fwcd.kotlin\langServerInstall\server\lib\kotlin-stdlib-jdk8-2.1.0.jar;c:\Users\User\AppData\Roaming\Code\User\globalStorage\fwcd.kotlin\langServerInstall\server\lib\kotlin-stdlib-jdk7-2.1.0.jar;c:\Users\User\AppData\Roaming\Code\User\globalStorage\fwcd.kotlin\langServerInstall\server\lib\kotlin-stdlib-2.1.0.jar;c:\Users\User\AppData\Roaming\Code\User\globalStorage\fwcd.kotlin\langServerInstall\server\lib\org.eclipse.lsp4j-0.21.2.jar;c:\Users\User\AppData\Roaming\Code\User\globalStorage\fwcd.kotlin\langServerInstall\server\lib\org.eclipse.lsp4j.jsonrpc-0.21.2.jar;c:\Users\User\AppData\Roaming\Code\User\globalStorage\fwcd.kotlin\langServerInstall\server\lib\kotlin-sam-with-receiver-compiler-plugin-2.1.0.jar;c:\Users\User\AppData\Roaming\Code\User\globalStorage\fwcd.kotlin\langServerInstall\server\lib\fernflower-1.0.jar;c:\Users\User\AppData\Roaming\Code\User\globalStorage\fwcd.kotlin\langServerInstall\server\lib\h2-1.4.200.jar;c:\Users\User\AppData\Roaming\Code\User\globalStorage\fwcd.kotlin\langServerInstall\server\lib\jcommander-1.78.jar;c:\Users\User\AppData\Roaming\Code\User\globalStorage\fwcd.kotlin\langServerInstall\server\lib\sqlite-jdbc-3.41.2.1.jar;c:\Users\User\AppData\Roaming\Code\User\globalStorage\fwcd.kotlin\langServerInstall\server\lib\google-java-format-1.8.jar;c:\Users\User\AppData\Roaming\Code\User\globalStorage\fwcd.kotlin\langServerInstall\server\lib\guava-33.3.0-jre.jar;c:\Users\User\AppData\Roaming\Code\User\globalStorage\fwcd.kotlin\langServerInstall\server\lib\annotations-13.0.jar;c:\Users\User\AppData\Roaming\Code\User\globalStorage\fwcd.kotlin\langServerInstall\server\lib\gson-2.10.1.jar;c:\Users\User\AppData\Roaming\Code\User\globalStorage\fwcd.kotlin\langServerInstall\server\lib\kotlin-script-runtime-2.1.0.jar;c:\Users\User\AppData\Roaming\Code\User\globalStorage\fwcd.kotlin\langServerInstall\server\lib\trove4j-1.0.20200330.jar;c:\Users\User\AppData\Roaming\Code\User\globalStorage\fwcd.kotlin\langServerInstall\server\lib\jline-3.24.1.jar;c:\Users\User\AppData\Roaming\Code\User\globalStorage\fwcd.kotlin\langServerInstall\server\lib\slf4j-api-1.7.25.jar;c:\Users\User\AppData\Roaming\Code\User\globalStorage\fwcd.kotlin\langServerInstall\server\lib\jna-4.2.2.jar;c:\Users\User\AppData\Roaming\Code\User\globalStorage\fwcd.kotlin\langServerInstall\server\lib\failureaccess-1.0.2.jar;c:\Users\User\AppData\Roaming\Code\User\globalStorage\fwcd.kotlin\langServerInstall\server\lib\listenablefuture-9999.0-empty-to-avoid-conflict-with-guava.jar;c:\Users\User\AppData\Roaming\Code\User\globalStorage\fwcd.kotlin\langServerInstall\server\lib\jsr305-3.0.2.jar;c:\Users\User\AppData\Roaming\Code\User\globalStorage\fwcd.kotlin\langServerInstall\server\lib\checker-qual-3.43.0.jar;c:\Users\User\AppData\Roaming\Code\User\globalStorage\fwcd.kotlin\langServerInstall\server\lib\error_prone_annotations-2.28.0.jar
PATH=C:\Windows\system32;C:\Windows;C:\Windows\System32\Wbem;C:\Windows\System32\WindowsPowerShell\v1.0\;C:\Windows\System32\OpenSSH\;C:\Program Files\Microsoft VS Code\bin;C:\java-jdk\bin;C:\flutter\bin;C:\Program Files\Git\cmd;C:\Program Files\Git\bin;C:\Program Files\cursor\resources\app\bin;C:\node;C:\ProgramData\chocolatey\bin;C:\Program Files\nodejs\;C:\Users\User\AppData\Local\Android\Sdk\platform-tools;C:\Program Files\kotlinc\bin;C:\Program Files\CMake\bin;C:\Users\User\AppData\Local\Programs\Python\Python310\Scripts\;C:\Users\User\AppData\Local\Programs\Python\Python310\;C:\Users\User\AppData\Local\Programs\Python\Python313\Scripts\;C:\Users\User\AppData\Local\Programs\Python\Python313\;C:\Users\User\AppData\Local\Programs\Python\Launcher\;C:\java-jdk\bin;C:\Users\User\AppData\Local\Microsoft\WindowsApps;C:\flutter\bin;C:\Users\User\AppData\Roaming\npm;C:\Users\User\AppData\Local\Programs\Microsoft VS Code\bin
USERNAME=User
OS=Windows_NT
PROCESSOR_IDENTIFIER=Intel64 Family 6 Model 165 Stepping 2, GenuineIntel
TMP=C:\Users\User\AppData\Local\Temp
TEMP=C:\Users\User\AppData\Local\Temp



Periodic native trim disabled


---------------  S Y S T E M  ---------------

OS:
 Windows 11 , 64 bit Build 22000 (10.0.22000.2538)
OS uptime: 0 days 0:23 hours

CPU: total 12 (initial active 12) (6 cores per cpu, 2 threads per core) family 6 model 165 stepping 2 microcode 0xf4, cx8, cmov, fxsr, ht, mmx, 3dnowpref, sse, sse2, sse3, ssse3, sse4.1, sse4.2, popcnt, lzcnt, tsc, tscinvbit, avx, avx2, aes, erms, clmul, bmi1, bmi2, adx, fma, vzeroupper, clflush, clflushopt
Processor Information for all 12 processors :
  Max Mhz: 2712, Current Mhz: 2712, Mhz Limit: 2712

Memory: 4k page, system-wide physical 15985M (6616M free)
TotalPageFile size 32369M (AvailPageFile size 18117M)
current process WorkingSet (physical memory assigned to process): 780M, peak: 780M
current process commit charge ("private bytes"): 806M, peak: 817M

vm_info: OpenJDK 64-Bit Server VM (17.0.16+8) for windows-amd64 JRE (17.0.16+8), built on Jul 16 2025 10:37:56 by "admin" with MS VC++ 17.7 (VS2022)

END.
