#
# A fatal error has been detected by the Java Runtime Environment:
#
#  EXCEPTION_ACCESS_VIOLATION (0xc0000005) at pc=0x00007ffebc0d7ae1, pid=3604, tid=19200
#
# JRE version: OpenJDK Runtime Environment Temurin-17.0.16+8 (17.0.16+8) (build 17.0.16+8)
# Java VM: OpenJDK 64-Bit Server VM Temurin-17.0.16+8 (17.0.16+8, mixed mode, sharing, tiered, compressed oops, compressed class ptrs, g1 gc, windows-amd64)
# Problematic frame:
# V  [jvm.dll+0x307ae1]
#
# No core dump will be written. Minidumps are not enabled by default on client versions of Windows
#
# If you would like to submit a bug report, please visit:
#   https://github.com/adoptium/adoptium-support/issues
#

---------------  S U M M A R Y ------------

Command Line: -DkotlinLanguageServer.version=1.3.13 org.javacs.kt.MainKt

Host: Intel(R) Core(TM) i7-10850H CPU @ 2.70GHz, 12 cores, 15G,  Windows 11 , 64 bit Build 22000 (10.0.22000.2538)
Time: Wed Oct 29 15:01:34 2025 Pakistan Standard Time elapsed time: 21.299611 seconds (0d 0h 0m 21s)

---------------  T H R E A D  ---------------

Current thread (0x00000212ecd4c350):  GCTaskThread "GC Thread#1" [stack: 0x000000ac04500000,0x000000ac04600000] [id=19200]

Stack: [0x000000ac04500000,0x000000ac04600000],  sp=0x000000ac045ff7b0,  free space=1021k
Native frames: (J=compiled Java code, j=interpreted, Vv=VM code, C=native code)
V  [jvm.dll+0x307ae1]
V  [jvm.dll+0x2db524]
V  [jvm.dll+0x2dbc4a]
V  [jvm.dll+0x2dbd37]
V  [jvm.dll+0x2e12cb]
V  [jvm.dll+0x8677db]
V  [jvm.dll+0x867826]
V  [jvm.dll+0x7e979c]
V  [jvm.dll+0x682047]
C  [ucrtbase.dll+0x26c0c]
C  [KERNEL32.DLL+0x153e0]
C  [ntdll.dll+0x485b]


siginfo: EXCEPTION_ACCESS_VIOLATION (0xc0000005), reading address 0x000008e9bf4085d4


Registers:
RAX=0x00000212c90d9f1e, RBX=0x000000070f57b011, RCX=0x0000000000000015, RDX=0x000000000000387a
RSP=0x000000ac045ff7b0, RBP=0x0000000000001459, RSI=0x000000070f57b010, RDI=0x00000212fbc9c090
R8 =0x0000036b7b19735b, R9 =0x000000070773bf70, R10=0x000000071a65f328, R11=0x00007ffebe2714d3
R12=0x00000212ec3f14b8, R13=0x00000212fbc9c090, R14=0x0000000000000000, R15=0x0000000000000000
RIP=0x00007ffebc0d7ae1, EFLAGS=0x0000000000010203

XMM[0]=0xe34cfe200162ab30 0x000000070f57af8b
XMM[1]=0xe34cfe98e34cfe93 0xe34cfe8ee34cfe81
XMM[2]=0xe342f31de342f317 0xe342f219e342f214
XMM[3]=0x0000000000000000 0x3f91029ae4f3343f
XMM[4]=0xe342f533e342f52e 0xe342f49ee342f499
XMM[5]=0xe34cfeaae34cfe9d 0xe34cfe98e34cfe93
XMM[6]=0x0000000d70c080c1 0x000000000cb13211
XMM[7]=0x0000000000000000 0x0000000000000000
XMM[8]=0x0000000000000000 0x0000000000000000
XMM[9]=0x0000000000000000 0x0000000000000000
XMM[10]=0x0000000000000000 0x0000000000000000
XMM[11]=0x0000000000000000 0x0000000000000000
XMM[12]=0x0000000000000000 0x0000000000000000
XMM[13]=0x0000000000000000 0x0000000000000000
XMM[14]=0x0000000000000000 0x0000000000000000
XMM[15]=0x0000000000000000 0x0000000000000000
  MXCSR=0x00001fa0


Register to memory mapping:

RIP=0x00007ffebc0d7ae1 jvm.dll
RAX=0x00000212c90d9f1e points into unknown readable memory: 00 00
RBX=0x000000070f57b011 is pointing into object: org.jetbrains.kotlin.storage.LockBasedStorageManager$LockBasedNotNullLazyValue 
{0x000000070f57b000} - klass: 'org/jetbrains/kotlin/storage/LockBasedStorageManager$LockBasedNotNullLazyValue'
 - ---- fields (total size 3 words):
 - private final 'storageManager' 'Lorg/jetbrains/kotlin/storage/LockBasedStorageManager;' @12  a 'org/jetbrains/kotlin/storage/LockBasedStorageManager'{0x000000070773bf70} (e0ee77ee)
 - private final 'computable' 'Lkotlin/jvm/functions/Function0;' @16  
[error occurred during error reporting (printing register info), id 0xc0000005, EXCEPTION_ACCESS_VIOLATION (0xc0000005) at pc=0x00007ffebc16364e]

Top of Stack: (sp=0x000000ac045ff7b0)
0x000000ac045ff7b0:   0000000000040000 0000000003870100
0x000000ac045ff7c0:   0000000000000000 0000000000000001
0x000000ac045ff7d0:   00000212ec3f10d0 00000212ecd4bfa0
0x000000ac045ff7e0:   000000ac038feb90 000000ac045ff8d0
0x000000ac045ff7f0:   000000ac045ff860 00007ffebc0ab524
0x000000ac045ff800:   0000000000000055 00000212fbc9c090
0x000000ac045ff810:   000000000000000a 00007ffebc0cc077
0x000000ac045ff820:   000000ac038feb90 00007ffebc44c68f
0x000000ac045ff830:   0000000000000000 0000000000000000
0x000000ac045ff840:   0000000000000000 0000000000000000
0x000000ac045ff850:   0000000000000000 00007ffebc5c7cc7
0x000000ac045ff860:   00000212ec3f10d0 00000212ecd4bfa0
0x000000ac045ff870:   00000000000003d8 00000212ec3f14b8
0x000000ac045ff880:   0000000000000008 00007ffebc0abc4a
0x000000ac045ff890:   00000212fbc9c090 0000000000000013
0x000000ac045ff8a0:   000000ac038feb90 0000000000000000
0x000000ac045ff8b0:   00007ffebc72f970 0000000800000001
0x000000ac045ff8c0:   000000000cb13211 0000000d70c080c1
0x000000ac045ff8d0:   00007ffebc7280b8 0000000000000000
0x000000ac045ff8e0:   0000000000000000 0000000000000000
0x000000ac045ff8f0:   00000212c908ae40 00000212fbc9c090
0x000000ac045ff900:   00000212c9087ee0 000000ac038febc0
0x000000ac045ff910:   0000000000000013 0000000000000000
0x000000ac045ff920:   0000000000000000 0000000000000000
0x000000ac045ff930:   00000212ec3f10e0 00007ffebc0abd37
0x000000ac045ff940:   00000212fbc9c090 0000000000000008
0x000000ac045ff950:   00000212ecbefeb0 000000ac038feb90
0x000000ac045ff960:   0000000000000015 0000000000000013
0x000000ac045ff970:   000000ac038feb90 00007ffebc0b12cb
0x000000ac045ff980:   00000212fbc9c090 00000212ecbefeb0
0x000000ac045ff990:   0000000000000000 0000000000000000
0x000000ac045ff9a0:   0000000000000000 00000212ecd4c350 

Instructions: (pc=0x00007ffebc0d7ae1)
0x00007ffebc0d79e1:   00 00 0f 85 61 02 00 00 8b 86 00 01 00 00 f6 c3
0x00007ffebc0d79f1:   01 0f 84 2f 01 00 00 8b 0d fa 88 81 00 48 8d 73
0x00007ffebc0d7a01:   ff 48 8b 57 08 44 8b 16 49 d3 e2 4c 03 15 dd 88
0x00007ffebc0d7a11:   81 00 8b 8a b0 05 00 00 49 8b c2 48 8b 92 a0 05
0x00007ffebc0d7a21:   00 00 48 d3 e8 0f b7 14 42 0f b7 c2 66 c1 e8 08
0x00007ffebc0d7a31:   84 c0 0f 88 17 ff ff ff 4d 8b 02 41 0f b6 c0 24
0x00007ffebc0d7a41:   03 3c 03 75 1e 44 38 3d f6 4a 88 00 74 0f 41 0f
0x00007ffebc0d7a51:   b6 c0 24 07 3c 05 75 05 4d 8b c7 eb 17 49 83 e0
0x00007ffebc0d7a61:   fc eb 11 4d 8b c8 48 8b cf 4d 8b c2 e8 fe ee ff
0x00007ffebc0d7a71:   ff 4c 8b c0 8b 0d 7d 88 81 00 49 8b d0 48 2b 15
0x00007ffebc0d7a81:   6b 88 81 00 48 d3 ea 89 16 49 8b d0 8b 0d bd 53
0x00007ffebc0d7a91:   88 00 48 33 d6 48 d3 ea 48 85 d2 0f 84 ae fe ff
0x00007ffebc0d7aa1:   ff 48 8b 47 08 48 8b d6 8b 88 c0 01 00 00 48 8b
0x00007ffebc0d7ab1:   80 b0 01 00 00 48 d3 ea 48 8b 0c d0 8b 81 94 00
0x00007ffebc0d7ac1:   00 00 d1 e8 a8 01 0f 85 83 fe ff ff 48 8b 47 08
0x00007ffebc0d7ad1:   8b 88 b0 05 00 00 48 8b 80 a0 05 00 00 49 d3 e8
0x00007ffebc0d7ae1:   46 38 3c 40 0f 84 65 fe ff ff 48 8b 47 60 48 c1
0x00007ffebc0d7af1:   ee 09 48 8b 58 40 48 8b 48 38 48 03 de 48 2b d9
0x00007ffebc0d7b01:   48 39 9f b0 01 00 00 0f 84 42 fe ff ff 48 8d 14
0x00007ffebc0d7b11:   0b 48 8d 4f 18 e8 95 40 00 00 48 89 9f b0 01 00
0x00007ffebc0d7b21:   00 e9 29 fe ff ff f6 c3 03 0f 85 09 01 00 00 48
0x00007ffebc0d7b31:   8b 57 08 4c 8b 13 49 8b c2 8b 8a b0 05 00 00 48
0x00007ffebc0d7b41:   8b 92 a0 05 00 00 48 d3 e8 0f b7 14 42 0f b7 c2
0x00007ffebc0d7b51:   66 c1 e8 08 84 c0 0f 88 f3 fd ff ff 4d 8b 02 41
0x00007ffebc0d7b61:   0f b6 c0 24 03 3c 03 75 1e 44 38 3d d2 49 88 00
0x00007ffebc0d7b71:   74 0f 41 0f b6 c0 24 07 3c 05 75 05 4d 8b c7 eb
0x00007ffebc0d7b81:   17 49 83 e0 fc eb 11 4d 8b c8 48 8b cf 4d 8b c2
0x00007ffebc0d7b91:   e8 da ed ff ff 4c 8b c0 49 8b d0 4c 89 03 8b 0d
0x00007ffebc0d7ba1:   ab 52 88 00 48 33 d3 48 d3 ea 48 85 d2 0f 84 9c
0x00007ffebc0d7bb1:   fd ff ff 48 8b 47 08 48 8b d3 8b 88 c0 01 00 00
0x00007ffebc0d7bc1:   48 8b 80 b0 01 00 00 48 d3 ea 48 8b 0c d0 8b 81
0x00007ffebc0d7bd1:   94 00 00 00 d1 e8 a8 01 0f 85 71 fd ff ff 48 8b 


Stack slot to memory mapping:
stack at sp + 0 slots: 0x0000000000040000 is an unknown value
stack at sp + 1 slots: 0x0000000003870100 is an unknown value
stack at sp + 2 slots: 0x0 is NULL
stack at sp + 3 slots: 0x0000000000000001 is an unknown value
stack at sp + 4 slots: 0x00000212ec3f10d0 points into unknown readable memory: 0x0000000000000000 | 00 00 00 00 00 00 00 00
stack at sp + 5 slots: 0x00000212ecd4bfa0 points into unknown readable memory: 0x000002120000000a | 0a 00 00 00 12 02 00 00
stack at sp + 6 slots: 0x000000ac038feb90 points into unknown readable memory: 0x00007ffebc729390 | 90 93 72 bc fe 7f 00 00
stack at sp + 7 slots: 0x000000ac045ff8d0 points into unknown readable memory: 0x00007ffebc7280b8 | b8 80 72 bc fe 7f 00 00


---------------  P R O C E S S  ---------------

Threads class SMR info:
_java_thread_list=0x00000212fc7c81f0, length=21, elements={
0x00000212ec21fa80, 0x00000212ec220900, 0x00000212ec338650, 0x00000212ec339010,
0x00000212ec33d9e0, 0x00000212ec33e3a0, 0x00000212ec33f140, 0x00000212ec343c10,
0x00000212ec345530, 0x00000212ec474970, 0x00000212ec479510, 0x00000212f226a6a0,
0x00000212c9078660, 0x00000212f1981720, 0x00000212faf2c890, 0x00000212faf2be70,
0x00000212faf2a520, 0x00000212f1d832f0, 0x00000212f1d82da0, 0x00000212faf2b450,
0x00000212fb33ccf0
}

Java Threads: ( => current thread )
  0x00000212ec21fa80 JavaThread "Reference Handler" daemon [_thread_blocked, id=17884, stack(0x000000ac03900000,0x000000ac03a00000)]
  0x00000212ec220900 JavaThread "Finalizer" daemon [_thread_blocked, id=13424, stack(0x000000ac03a00000,0x000000ac03b00000)]
  0x00000212ec338650 JavaThread "Signal Dispatcher" daemon [_thread_blocked, id=14232, stack(0x000000ac03b00000,0x000000ac03c00000)]
  0x00000212ec339010 JavaThread "Attach Listener" daemon [_thread_blocked, id=2408, stack(0x000000ac03c00000,0x000000ac03d00000)]
  0x00000212ec33d9e0 JavaThread "Service Thread" daemon [_thread_blocked, id=3012, stack(0x000000ac03d00000,0x000000ac03e00000)]
  0x00000212ec33e3a0 JavaThread "Monitor Deflation Thread" daemon [_thread_blocked, id=12968, stack(0x000000ac03e00000,0x000000ac03f00000)]
  0x00000212ec33f140 JavaThread "C2 CompilerThread0" daemon [_thread_blocked, id=4340, stack(0x000000ac03f00000,0x000000ac04000000)]
  0x00000212ec343c10 JavaThread "C1 CompilerThread0" daemon [_thread_blocked, id=16704, stack(0x000000ac04000000,0x000000ac04100000)]
  0x00000212ec345530 JavaThread "Sweeper thread" daemon [_thread_blocked, id=14400, stack(0x000000ac04100000,0x000000ac04200000)]
  0x00000212ec474970 JavaThread "Notification Thread" daemon [_thread_blocked, id=2856, stack(0x000000ac04200000,0x000000ac04300000)]
  0x00000212ec479510 JavaThread "Common-Cleaner" daemon [_thread_blocked, id=4292, stack(0x000000ac04400000,0x000000ac04500000)]
  0x00000212f226a6a0 JavaThread "client" [_thread_in_native, id=10264, stack(0x000000ac05200000,0x000000ac05300000)]
  0x00000212c9078660 JavaThread "DestroyJavaVM" [_thread_blocked, id=4084, stack(0x000000ac03200000,0x000000ac03300000)]
  0x00000212f1981720 JavaThread "async0" [_thread_blocked, id=1968, stack(0x000000ac05300000,0x000000ac05400000)]
  0x00000212faf2c890 JavaThread "async1" [_thread_blocked, id=18656, stack(0x000000ac05400000,0x000000ac05500000)]
  0x00000212faf2be70 JavaThread "debounce0" [_thread_blocked, id=11760, stack(0x000000ac05600000,0x000000ac05700000)]
  0x00000212faf2a520 JavaThread "async2" [_thread_blocked, id=12776, stack(0x000000ac05700000,0x000000ac05800000)]
  0x00000212f1d832f0 JavaThread "C2 CompilerThread1" daemon [_thread_blocked, id=8708, stack(0x000000ac04b00000,0x000000ac04c00000)]
  0x00000212f1d82da0 JavaThread "C2 CompilerThread2" daemon [_thread_blocked, id=1092, stack(0x000000ac05100000,0x000000ac05200000)]
  0x00000212faf2b450 JavaThread "async3" [_thread_blocked, id=1972, stack(0x000000ac05800000,0x000000ac05900000)]
  0x00000212fb33ccf0 JavaThread "ForkJoinPool.commonPool-worker-1" daemon [_thread_blocked, id=18148, stack(0x000000ac05900000,0x000000ac05a00000)]

Other Threads:
  0x00000212ec219840 VMThread "VM Thread" [stack: 0x000000ac03800000,0x000000ac03900000] [id=15408]
  0x00000212ec474e50 WatcherThread [stack: 0x000000ac04300000,0x000000ac04400000] [id=16504]
  0x00000212c90e27c0 GCTaskThread "GC Thread#0" [stack: 0x000000ac03300000,0x000000ac03400000] [id=8612]
=>0x00000212ecd4c350 GCTaskThread "GC Thread#1" [stack: 0x000000ac04500000,0x000000ac04600000] [id=19200]
  0x00000212ecd4c610 GCTaskThread "GC Thread#2" [stack: 0x000000ac04600000,0x000000ac04700000] [id=19060]
  0x00000212ecc2d440 GCTaskThread "GC Thread#3" [stack: 0x000000ac04700000,0x000000ac04800000] [id=9124]
  0x00000212ecc2d700 GCTaskThread "GC Thread#4" [stack: 0x000000ac04800000,0x000000ac04900000] [id=5312]
  0x00000212ecc2d9c0 GCTaskThread "GC Thread#5" [stack: 0x000000ac04900000,0x000000ac04a00000] [id=17240]
  0x00000212eccdad90 GCTaskThread "GC Thread#6" [stack: 0x000000ac04a00000,0x000000ac04b00000] [id=19388]
  0x00000212f14e3680 GCTaskThread "GC Thread#7" [stack: 0x000000ac04c00000,0x000000ac04d00000] [id=10000]
  0x00000212f14e2e40 GCTaskThread "GC Thread#8" [stack: 0x000000ac04d00000,0x000000ac04e00000] [id=9996]
  0x00000212f14e3100 GCTaskThread "GC Thread#9" [stack: 0x000000ac04e00000,0x000000ac04f00000] [id=16132]
  0x00000212c90f30e0 ConcurrentGCThread "G1 Main Marker" [stack: 0x000000ac03400000,0x000000ac03500000] [id=18192]
  0x00000212c90f3b00 ConcurrentGCThread "G1 Conc#0" [stack: 0x000000ac03500000,0x000000ac03600000] [id=9460]
  0x00000212f14e2600 ConcurrentGCThread "G1 Conc#1" [stack: 0x000000ac04f00000,0x000000ac05000000] [id=16940]
  0x00000212f14e28c0 ConcurrentGCThread "G1 Conc#2" [stack: 0x000000ac05000000,0x000000ac05100000] [id=17448]
  0x00000212c912ec90 ConcurrentGCThread "G1 Refine#0" [stack: 0x000000ac03600000,0x000000ac03700000] [id=10128]
  0x00000212f1d23c70 ConcurrentGCThread "G1 Refine#1" [stack: 0x000000ac05500000,0x000000ac05600000] [id=8136]
  0x00000212ec0d27e0 ConcurrentGCThread "G1 Service" [stack: 0x000000ac03700000,0x000000ac03800000] [id=14700]

Threads with active compile tasks:
C2 CompilerThread0    21346 12578       4       com.intellij.psi.stubs.MaterialStubList::finalizeLoadingStage (32 bytes)
C2 CompilerThread1    21347 12628       4       com.intellij.util.containers.LinkedCustomHashMap::get (90 bytes)
C2 CompilerThread2    21347 12580       4       org.jetbrains.kotlin.resolve.jvm.KotlinJavaPsiFacade::findPackage (617 bytes)

VM state: at safepoint (normal execution)

VM Mutex/Monitor currently owned by a thread:  ([mutex/lock_event])
[0x00000212c9072e70] Threads_lock - owner thread: 0x00000212ec219840
[0x00000212c9074cd0] Heap_lock - owner thread: 0x00000212fb33ccf0

Heap address: 0x0000000706200000, size: 3998 MB, Compressed Oops mode: Zero based, Oop shift amount: 3

CDS archive(s) mapped at: [0x0000021280000000-0x0000021280bb0000-0x0000021280bb0000), size 12255232, SharedBaseAddress: 0x0000021280000000, ArchiveRelocationMode: 1.
Compressed class space mapped at: 0x0000021281000000-0x00000212c1000000, reserved size: 1073741824
Narrow klass base: 0x0000021280000000, Narrow klass shift: 0, Narrow klass range: 0x100000000

GC Precious Log:
 CPUs: 12 total, 12 available
 Memory: 15985M
 Large Page Support: Disabled
 NUMA Support: Disabled
 Compressed Oops: Enabled (Zero based)
 Heap Region Size: 2M
 Heap Min Capacity: 8M
 Heap Initial Capacity: 250M
 Heap Max Capacity: 3998M
 Pre-touch: Disabled
 Parallel Workers: 10
 Concurrent Workers: 3
 Concurrent Refinement Workers: 10
 Periodic GC: Disabled

Heap:
 garbage-first heap   total 423936K, used 307680K [0x0000000706200000, 0x0000000800000000)
  region size 2048K, 91 young (186368K), 11 survivors (22528K)
 Metaspace       used 73942K, committed 74304K, reserved 1179648K
  class space    used 8454K, committed 8640K, reserved 1048576K

Heap Regions: E=young(eden), S=young(survivor), O=old, HS=humongous(starts), HC=humongous(continues), CS=collection set, F=free, OA=open archive, CA=closed archive, TAMS=top-at-mark-start (previous, next)
|   0|0x0000000706200000, 0x0000000706400000, 0x0000000706400000|100%|HS|  |TAMS 0x0000000706400000, 0x0000000706200000| Complete 
|   1|0x0000000706400000, 0x0000000706600000, 0x0000000706600000|100%|HC|  |TAMS 0x0000000706600000, 0x0000000706400000| Complete 
|   2|0x0000000706600000, 0x0000000706800000, 0x0000000706800000|100%| O|  |TAMS 0x0000000706800000, 0x0000000706600000| Untracked 
|   3|0x0000000706800000, 0x0000000706a00000, 0x0000000706a00000|100%| O|  |TAMS 0x0000000706a00000, 0x0000000706800000| Untracked 
|   4|0x0000000706a00000, 0x0000000706c00000, 0x0000000706c00000|100%| O|  |TAMS 0x0000000706c00000, 0x0000000706a00000| Untracked 
|   5|0x0000000706c00000, 0x0000000706e00000, 0x0000000706e00000|100%| O|  |TAMS 0x0000000706e00000, 0x0000000706c00000| Untracked 
|   6|0x0000000706e00000, 0x0000000707000000, 0x0000000707000000|100%| O|  |TAMS 0x0000000707000000, 0x0000000706e00000| Untracked 
|   7|0x0000000707000000, 0x0000000707200000, 0x0000000707200000|100%| O|  |TAMS 0x0000000707200000, 0x0000000707000000| Untracked 
|   8|0x0000000707200000, 0x0000000707400000, 0x0000000707400000|100%| O|  |TAMS 0x0000000707400000, 0x0000000707200000| Untracked 
|   9|0x0000000707400000, 0x0000000707600000, 0x0000000707600000|100%| O|  |TAMS 0x0000000707600000, 0x0000000707400000| Untracked 
|  10|0x0000000707600000, 0x0000000707800000, 0x0000000707800000|100%| O|  |TAMS 0x0000000707800000, 0x0000000707600000| Untracked 
|  11|0x0000000707800000, 0x0000000707a00000, 0x0000000707a00000|100%| O|  |TAMS 0x0000000707a00000, 0x0000000707800000| Untracked 
|  12|0x0000000707a00000, 0x0000000707c00000, 0x0000000707c00000|100%| O|  |TAMS 0x0000000707c00000, 0x0000000707a00000| Untracked 
|  13|0x0000000707c00000, 0x0000000707e00000, 0x0000000707e00000|100%| O|  |TAMS 0x0000000707e00000, 0x0000000707c00000| Untracked 
|  14|0x0000000707e00000, 0x0000000708000000, 0x0000000708000000|100%| O|  |TAMS 0x0000000708000000, 0x0000000707e00000| Untracked 
|  15|0x0000000708000000, 0x0000000708200000, 0x0000000708200000|100%|HS|  |TAMS 0x0000000708200000, 0x0000000708000000| Complete 
|  16|0x0000000708200000, 0x0000000708400000, 0x0000000708400000|100%| O|  |TAMS 0x0000000708400000, 0x0000000708200000| Untracked 
|  17|0x0000000708400000, 0x0000000708600000, 0x0000000708600000|100%| O|  |TAMS 0x0000000708600000, 0x0000000708400000| Untracked 
|  18|0x0000000708600000, 0x0000000708800000, 0x0000000708800000|100%| O|  |TAMS 0x0000000708800000, 0x0000000708600000| Untracked 
|  19|0x0000000708800000, 0x0000000708a00000, 0x0000000708a00000|100%| O|  |TAMS 0x0000000708a00000, 0x0000000708800000| Untracked 
|  20|0x0000000708a00000, 0x0000000708c00000, 0x0000000708c00000|100%| O|  |TAMS 0x0000000708a00000, 0x0000000708a00000| Untracked 
|  21|0x0000000708c00000, 0x0000000708e00000, 0x0000000708e00000|100%| O|  |TAMS 0x0000000708c00000, 0x0000000708c00000| Untracked 
|  22|0x0000000708e00000, 0x0000000709000000, 0x0000000709000000|100%| O|  |TAMS 0x0000000709000000, 0x0000000708e00000| Untracked 
|  23|0x0000000709000000, 0x0000000709200000, 0x0000000709200000|100%| O|  |TAMS 0x0000000709200000, 0x0000000709000000| Untracked 
|  24|0x0000000709200000, 0x0000000709400000, 0x0000000709400000|100%| O|  |TAMS 0x0000000709400000, 0x0000000709200000| Untracked 
|  25|0x0000000709400000, 0x0000000709600000, 0x0000000709600000|100%| O|  |TAMS 0x0000000709400000, 0x0000000709400000| Untracked 
|  26|0x0000000709600000, 0x0000000709800000, 0x0000000709800000|100%| O|  |TAMS 0x0000000709600000, 0x0000000709600000| Untracked 
|  27|0x0000000709800000, 0x0000000709a00000, 0x0000000709a00000|100%| O|  |TAMS 0x0000000709a00000, 0x0000000709800000| Untracked 
|  28|0x0000000709a00000, 0x0000000709c00000, 0x0000000709c00000|100%| O|  |TAMS 0x0000000709c00000, 0x0000000709a00000| Untracked 
|  29|0x0000000709c00000, 0x0000000709e00000, 0x0000000709e00000|100%| O|  |TAMS 0x0000000709e00000, 0x0000000709c00000| Untracked 
|  30|0x0000000709e00000, 0x000000070a000000, 0x000000070a000000|100%| O|  |TAMS 0x000000070a000000, 0x0000000709e00000| Untracked 
|  31|0x000000070a000000, 0x000000070a200000, 0x000000070a200000|100%| O|  |TAMS 0x000000070a200000, 0x000000070a000000| Untracked 
|  32|0x000000070a200000, 0x000000070a400000, 0x000000070a400000|100%| O|  |TAMS 0x000000070a400000, 0x000000070a200000| Untracked 
|  33|0x000000070a400000, 0x000000070a600000, 0x000000070a600000|100%| O|  |TAMS 0x000000070a600000, 0x000000070a400000| Untracked 
|  34|0x000000070a600000, 0x000000070a800000, 0x000000070a800000|100%| O|  |TAMS 0x000000070a800000, 0x000000070a600000| Untracked 
|  35|0x000000070a800000, 0x000000070aa00000, 0x000000070aa00000|100%| O|  |TAMS 0x000000070aa00000, 0x000000070a800000| Untracked 
|  36|0x000000070aa00000, 0x000000070ac00000, 0x000000070ac00000|100%| O|  |TAMS 0x000000070ac00000, 0x000000070aa00000| Untracked 
|  37|0x000000070ac00000, 0x000000070ae00000, 0x000000070ae00000|100%| O|  |TAMS 0x000000070ae00000, 0x000000070ac00000| Untracked 
|  38|0x000000070ae00000, 0x000000070b000000, 0x000000070b000000|100%| O|  |TAMS 0x000000070b000000, 0x000000070ae00000| Untracked 
|  39|0x000000070b000000, 0x000000070b200000, 0x000000070b200000|100%| O|  |TAMS 0x000000070b200000, 0x000000070b000000| Untracked 
|  40|0x000000070b200000, 0x000000070b400000, 0x000000070b400000|100%| O|  |TAMS 0x000000070b2bf800, 0x000000070b200000| Untracked 
|  41|0x000000070b400000, 0x000000070b600000, 0x000000070b600000|100%| O|  |TAMS 0x000000070b400000, 0x000000070b400000| Untracked 
|  42|0x000000070b600000, 0x000000070b800000, 0x000000070b800000|100%| O|  |TAMS 0x000000070b600000, 0x000000070b600000| Untracked 
|  43|0x000000070b800000, 0x000000070ba00000, 0x000000070ba00000|100%| O|  |TAMS 0x000000070b800000, 0x000000070b800000| Untracked 
|  44|0x000000070ba00000, 0x000000070bc00000, 0x000000070bc00000|100%| O|  |TAMS 0x000000070ba00000, 0x000000070ba00000| Untracked 
|  45|0x000000070bc00000, 0x000000070be00000, 0x000000070be00000|100%| O|  |TAMS 0x000000070bc00000, 0x000000070bc00000| Untracked 
|  46|0x000000070be00000, 0x000000070c000000, 0x000000070c000000|100%| O|  |TAMS 0x000000070be00000, 0x000000070be00000| Untracked 
|  47|0x000000070c000000, 0x000000070c200000, 0x000000070c200000|100%| O|  |TAMS 0x000000070c000000, 0x000000070c000000| Untracked 
|  48|0x000000070c200000, 0x000000070c400000, 0x000000070c400000|100%| O|  |TAMS 0x000000070c200000, 0x000000070c200000| Untracked 
|  49|0x000000070c400000, 0x000000070c600000, 0x000000070c600000|100%| O|  |TAMS 0x000000070c400000, 0x000000070c400000| Untracked 
|  50|0x000000070c600000, 0x000000070c800000, 0x000000070c800000|100%| O|  |TAMS 0x000000070c600000, 0x000000070c600000| Untracked 
|  51|0x000000070c800000, 0x000000070ca00000, 0x000000070ca00000|100%| O|  |TAMS 0x000000070c800000, 0x000000070c800000| Untracked 
|  52|0x000000070ca00000, 0x000000070cc00000, 0x000000070cc00000|100%| O|  |TAMS 0x000000070ca00000, 0x000000070ca00000| Untracked 
|  53|0x000000070cc00000, 0x000000070ce00000, 0x000000070ce00000|100%| O|  |TAMS 0x000000070cc00000, 0x000000070cc00000| Untracked 
|  54|0x000000070ce00000, 0x000000070d000000, 0x000000070d000000|100%| O|  |TAMS 0x000000070ce00000, 0x000000070ce00000| Untracked 
|  55|0x000000070d000000, 0x000000070d200000, 0x000000070d200000|100%| O|  |TAMS 0x000000070d000000, 0x000000070d000000| Untracked 
|  56|0x000000070d200000, 0x000000070d400000, 0x000000070d400000|100%| O|  |TAMS 0x000000070d200000, 0x000000070d200000| Untracked 
|  57|0x000000070d400000, 0x000000070d600000, 0x000000070d600000|100%| O|  |TAMS 0x000000070d400000, 0x000000070d400000| Untracked 
|  58|0x000000070d600000, 0x000000070d800000, 0x000000070d800000|100%| O|  |TAMS 0x000000070d600000, 0x000000070d600000| Untracked 
|  59|0x000000070d800000, 0x000000070da00000, 0x000000070da00000|100%| O|  |TAMS 0x000000070d800000, 0x000000070d800000| Untracked 
|  60|0x000000070da00000, 0x000000070dc00000, 0x000000070dc00000|100%| O|  |TAMS 0x000000070da00000, 0x000000070da00000| Untracked 
|  61|0x000000070dc00000, 0x000000070de00000, 0x000000070de00000|100%| O|  |TAMS 0x000000070dc00000, 0x000000070dc00000| Untracked 
|  62|0x000000070de00000, 0x000000070e000000, 0x000000070e000000|100%| O|  |TAMS 0x000000070de00000, 0x000000070de00000| Untracked 
|  63|0x000000070e000000, 0x000000070e200000, 0x000000070e200000|100%| O|  |TAMS 0x000000070e000000, 0x000000070e000000| Untracked 
|  64|0x000000070e200000, 0x000000070e400000, 0x000000070e400000|100%| O|  |TAMS 0x000000070e200000, 0x000000070e200000| Untracked 
|  65|0x000000070e400000, 0x000000070e600000, 0x000000070e600000|100%| O|  |TAMS 0x000000070e400000, 0x000000070e400000| Untracked 
|  66|0x000000070e600000, 0x000000070e800000, 0x000000070e800000|100%| O|  |TAMS 0x000000070e600000, 0x000000070e600000| Untracked 
|  67|0x000000070e800000, 0x000000070ea00000, 0x000000070ea00000|100%| O|  |TAMS 0x000000070e800000, 0x000000070e800000| Untracked 
|  68|0x000000070ea00000, 0x000000070ec00000, 0x000000070ec00000|100%| O|  |TAMS 0x000000070ea00000, 0x000000070ea00000| Untracked 
|  69|0x000000070ec00000, 0x000000070ee00000, 0x000000070ee00000|100%| O|  |TAMS 0x000000070ec00000, 0x000000070ec00000| Untracked 
|  70|0x000000070ee00000, 0x000000070f000000, 0x000000070f000000|100%| O|  |TAMS 0x000000070ee00000, 0x000000070ee00000| Untracked 
|  71|0x000000070f000000, 0x000000070f200000, 0x000000070f200000|100%| O|  |TAMS 0x000000070f000000, 0x000000070f000000| Untracked 
|  72|0x000000070f200000, 0x000000070f400000, 0x000000070f400000|100%| O|  |TAMS 0x000000070f200000, 0x000000070f200000| Untracked 
|  73|0x000000070f400000, 0x000000070f600000, 0x000000070f600000|100%| O|  |TAMS 0x000000070f400000, 0x000000070f400000| Untracked 
|  74|0x000000070f600000, 0x000000070f7930b0, 0x000000070f800000| 78%| O|  |TAMS 0x000000070f600000, 0x000000070f600000| Untracked 
|  75|0x000000070f800000, 0x000000070f800000, 0x000000070fa00000|  0%| F|  |TAMS 0x000000070f800000, 0x000000070f800000| Untracked 
|  76|0x000000070fa00000, 0x000000070fa00000, 0x000000070fc00000|  0%| F|  |TAMS 0x000000070fa00000, 0x000000070fa00000| Untracked 
|  77|0x000000070fc00000, 0x000000070fc00000, 0x000000070fe00000|  0%| F|  |TAMS 0x000000070fc00000, 0x000000070fc00000| Untracked 
|  78|0x000000070fe00000, 0x000000070fe00000, 0x0000000710000000|  0%| F|  |TAMS 0x000000070fe00000, 0x000000070fe00000| Untracked 
|  79|0x0000000710000000, 0x0000000710000000, 0x0000000710200000|  0%| F|  |TAMS 0x0000000710000000, 0x0000000710000000| Untracked 
|  80|0x0000000710200000, 0x0000000710200000, 0x0000000710400000|  0%| F|  |TAMS 0x0000000710200000, 0x0000000710200000| Untracked 
|  81|0x0000000710400000, 0x0000000710400000, 0x0000000710600000|  0%| F|  |TAMS 0x0000000710400000, 0x0000000710400000| Untracked 
|  82|0x0000000710600000, 0x0000000710600000, 0x0000000710800000|  0%| F|  |TAMS 0x0000000710600000, 0x0000000710600000| Untracked 
|  83|0x0000000710800000, 0x0000000710800000, 0x0000000710a00000|  0%| F|  |TAMS 0x0000000710800000, 0x0000000710800000| Untracked 
|  84|0x0000000710a00000, 0x0000000710c00000, 0x0000000710c00000|100%| E|CS|TAMS 0x0000000710a00000, 0x0000000710a00000| Complete 
|  85|0x0000000710c00000, 0x0000000710e00000, 0x0000000710e00000|100%| E|CS|TAMS 0x0000000710c00000, 0x0000000710c00000| Complete 
|  86|0x0000000710e00000, 0x0000000711000000, 0x0000000711000000|100%| E|CS|TAMS 0x0000000710e00000, 0x0000000710e00000| Complete 
|  87|0x0000000711000000, 0x0000000711200000, 0x0000000711200000|100%| E|CS|TAMS 0x0000000711000000, 0x0000000711000000| Complete 
|  88|0x0000000711200000, 0x0000000711400000, 0x0000000711400000|100%| E|CS|TAMS 0x0000000711200000, 0x0000000711200000| Complete 
|  89|0x0000000711400000, 0x0000000711400000, 0x0000000711600000|  0%| F|  |TAMS 0x0000000711400000, 0x0000000711400000| Untracked 
|  90|0x0000000711600000, 0x0000000711600000, 0x0000000711800000|  0%| F|  |TAMS 0x0000000711600000, 0x0000000711600000| Untracked 
|  91|0x0000000711800000, 0x0000000711800000, 0x0000000711a00000|  0%| F|  |TAMS 0x0000000711800000, 0x0000000711800000| Untracked 
|  92|0x0000000711a00000, 0x0000000711a00000, 0x0000000711c00000|  0%| F|  |TAMS 0x0000000711a00000, 0x0000000711a00000| Untracked 
|  93|0x0000000711c00000, 0x0000000711c00000, 0x0000000711e00000|  0%| F|  |TAMS 0x0000000711c00000, 0x0000000711c00000| Untracked 
|  94|0x0000000711e00000, 0x0000000711e00000, 0x0000000712000000|  0%| F|  |TAMS 0x0000000711e00000, 0x0000000711e00000| Untracked 
|  95|0x0000000712000000, 0x0000000712000000, 0x0000000712200000|  0%| F|  |TAMS 0x0000000712000000, 0x0000000712000000| Untracked 
|  96|0x0000000712200000, 0x0000000712200000, 0x0000000712400000|  0%| F|  |TAMS 0x0000000712200000, 0x0000000712200000| Untracked 
|  97|0x0000000712400000, 0x0000000712400000, 0x0000000712600000|  0%| F|  |TAMS 0x0000000712400000, 0x0000000712400000| Untracked 
|  98|0x0000000712600000, 0x0000000712600000, 0x0000000712800000|  0%| F|  |TAMS 0x0000000712600000, 0x0000000712600000| Untracked 
|  99|0x0000000712800000, 0x0000000712800000, 0x0000000712a00000|  0%| F|  |TAMS 0x0000000712800000, 0x0000000712800000| Untracked 
| 100|0x0000000712a00000, 0x0000000712a00000, 0x0000000712c00000|  0%| F|  |TAMS 0x0000000712a00000, 0x0000000712a00000| Untracked 
| 101|0x0000000712c00000, 0x0000000712c00000, 0x0000000712e00000|  0%| F|  |TAMS 0x0000000712c00000, 0x0000000712c00000| Untracked 
| 102|0x0000000712e00000, 0x0000000712e00000, 0x0000000713000000|  0%| F|  |TAMS 0x0000000712e00000, 0x0000000712e00000| Untracked 
| 103|0x0000000713000000, 0x0000000713000000, 0x0000000713200000|  0%| F|  |TAMS 0x0000000713000000, 0x0000000713000000| Untracked 
| 104|0x0000000713200000, 0x0000000713200000, 0x0000000713400000|  0%| F|  |TAMS 0x0000000713200000, 0x0000000713200000| Untracked 
| 105|0x0000000713400000, 0x0000000713400000, 0x0000000713600000|  0%| F|  |TAMS 0x0000000713400000, 0x0000000713400000| Untracked 
| 106|0x0000000713600000, 0x0000000713600000, 0x0000000713800000|  0%| F|  |TAMS 0x0000000713600000, 0x0000000713600000| Untracked 
| 107|0x0000000713800000, 0x0000000713800000, 0x0000000713a00000|  0%| F|  |TAMS 0x0000000713800000, 0x0000000713800000| Untracked 
| 108|0x0000000713a00000, 0x0000000713a00000, 0x0000000713c00000|  0%| F|  |TAMS 0x0000000713a00000, 0x0000000713a00000| Untracked 
| 109|0x0000000713c00000, 0x0000000713c00000, 0x0000000713e00000|  0%| F|  |TAMS 0x0000000713c00000, 0x0000000713c00000| Untracked 
| 110|0x0000000713e00000, 0x0000000713e00000, 0x0000000714000000|  0%| F|  |TAMS 0x0000000713e00000, 0x0000000713e00000| Untracked 
| 111|0x0000000714000000, 0x0000000714000000, 0x0000000714200000|  0%| F|  |TAMS 0x0000000714000000, 0x0000000714000000| Untracked 
| 112|0x0000000714200000, 0x0000000714200000, 0x0000000714400000|  0%| F|  |TAMS 0x0000000714200000, 0x0000000714200000| Untracked 
| 113|0x0000000714400000, 0x0000000714400000, 0x0000000714600000|  0%| F|  |TAMS 0x0000000714400000, 0x0000000714400000| Untracked 
| 114|0x0000000714600000, 0x0000000714600000, 0x0000000714800000|  0%| F|  |TAMS 0x0000000714600000, 0x0000000714600000| Untracked 
| 115|0x0000000714800000, 0x0000000714800000, 0x0000000714a00000|  0%| F|  |TAMS 0x0000000714800000, 0x0000000714800000| Untracked 
| 116|0x0000000714a00000, 0x0000000714c00000, 0x0000000714c00000|100%| S|  |TAMS 0x0000000714a00000, 0x0000000714a00000| Complete 
| 117|0x0000000714c00000, 0x0000000714e00000, 0x0000000714e00000|100%| S|  |TAMS 0x0000000714c00000, 0x0000000714c00000| Complete 
| 118|0x0000000714e00000, 0x0000000715000000, 0x0000000715000000|100%| S|  |TAMS 0x0000000714e00000, 0x0000000714e00000| Complete 
| 119|0x0000000715000000, 0x0000000715200000, 0x0000000715200000|100%| S|  |TAMS 0x0000000715000000, 0x0000000715000000| Complete 
| 120|0x0000000715200000, 0x0000000715400000, 0x0000000715400000|100%| S|  |TAMS 0x0000000715200000, 0x0000000715200000| Complete 
| 121|0x0000000715400000, 0x0000000715600000, 0x0000000715600000|100%| S|  |TAMS 0x0000000715400000, 0x0000000715400000| Complete 
| 122|0x0000000715600000, 0x0000000715800000, 0x0000000715800000|100%| S|  |TAMS 0x0000000715600000, 0x0000000715600000| Complete 
| 123|0x0000000715800000, 0x0000000715a00000, 0x0000000715a00000|100%| S|  |TAMS 0x0000000715800000, 0x0000000715800000| Complete 
| 124|0x0000000715a00000, 0x0000000715c00000, 0x0000000715c00000|100%| S|  |TAMS 0x0000000715a00000, 0x0000000715a00000| Complete 
| 125|0x0000000715c00000, 0x0000000715e00000, 0x0000000715e00000|100%| S|  |TAMS 0x0000000715c00000, 0x0000000715c00000| Complete 
| 126|0x0000000715e00000, 0x0000000716000000, 0x0000000716000000|100%| S|  |TAMS 0x0000000715e00000, 0x0000000715e00000| Complete 
| 127|0x0000000716000000, 0x0000000716200000, 0x0000000716200000|100%| E|CS|TAMS 0x0000000716000000, 0x0000000716000000| Complete 
| 128|0x0000000716200000, 0x0000000716400000, 0x0000000716400000|100%| E|CS|TAMS 0x0000000716200000, 0x0000000716200000| Complete 
| 129|0x0000000716400000, 0x0000000716600000, 0x0000000716600000|100%| E|CS|TAMS 0x0000000716400000, 0x0000000716400000| Complete 
| 130|0x0000000716600000, 0x0000000716800000, 0x0000000716800000|100%| E|CS|TAMS 0x0000000716600000, 0x0000000716600000| Complete 
| 131|0x0000000716800000, 0x0000000716a00000, 0x0000000716a00000|100%| E|CS|TAMS 0x0000000716800000, 0x0000000716800000| Complete 
| 132|0x0000000716a00000, 0x0000000716c00000, 0x0000000716c00000|100%| E|CS|TAMS 0x0000000716a00000, 0x0000000716a00000| Complete 
| 133|0x0000000716c00000, 0x0000000716e00000, 0x0000000716e00000|100%| E|CS|TAMS 0x0000000716c00000, 0x0000000716c00000| Complete 
| 134|0x0000000716e00000, 0x0000000717000000, 0x0000000717000000|100%| E|CS|TAMS 0x0000000716e00000, 0x0000000716e00000| Complete 
| 135|0x0000000717000000, 0x0000000717200000, 0x0000000717200000|100%| E|CS|TAMS 0x0000000717000000, 0x0000000717000000| Complete 
| 136|0x0000000717200000, 0x0000000717400000, 0x0000000717400000|100%| E|CS|TAMS 0x0000000717200000, 0x0000000717200000| Complete 
| 137|0x0000000717400000, 0x0000000717600000, 0x0000000717600000|100%| E|CS|TAMS 0x0000000717400000, 0x0000000717400000| Complete 
| 138|0x0000000717600000, 0x0000000717800000, 0x0000000717800000|100%| E|CS|TAMS 0x0000000717600000, 0x0000000717600000| Complete 
| 139|0x0000000717800000, 0x0000000717a00000, 0x0000000717a00000|100%| E|CS|TAMS 0x0000000717800000, 0x0000000717800000| Complete 
| 140|0x0000000717a00000, 0x0000000717c00000, 0x0000000717c00000|100%| E|CS|TAMS 0x0000000717a00000, 0x0000000717a00000| Complete 
| 141|0x0000000717c00000, 0x0000000717e00000, 0x0000000717e00000|100%| E|CS|TAMS 0x0000000717c00000, 0x0000000717c00000| Complete 
| 142|0x0000000717e00000, 0x0000000718000000, 0x0000000718000000|100%| E|CS|TAMS 0x0000000717e00000, 0x0000000717e00000| Complete 
| 143|0x0000000718000000, 0x0000000718200000, 0x0000000718200000|100%| E|CS|TAMS 0x0000000718000000, 0x0000000718000000| Complete 
| 144|0x0000000718200000, 0x0000000718400000, 0x0000000718400000|100%| E|CS|TAMS 0x0000000718200000, 0x0000000718200000| Complete 
| 145|0x0000000718400000, 0x0000000718600000, 0x0000000718600000|100%| E|CS|TAMS 0x0000000718400000, 0x0000000718400000| Complete 
| 146|0x0000000718600000, 0x0000000718800000, 0x0000000718800000|100%| E|CS|TAMS 0x0000000718600000, 0x0000000718600000| Complete 
| 147|0x0000000718800000, 0x0000000718a00000, 0x0000000718a00000|100%| E|CS|TAMS 0x0000000718800000, 0x0000000718800000| Complete 
| 148|0x0000000718a00000, 0x0000000718c00000, 0x0000000718c00000|100%| E|CS|TAMS 0x0000000718a00000, 0x0000000718a00000| Complete 
| 149|0x0000000718c00000, 0x0000000718e00000, 0x0000000718e00000|100%| E|CS|TAMS 0x0000000718c00000, 0x0000000718c00000| Complete 
| 150|0x0000000718e00000, 0x0000000719000000, 0x0000000719000000|100%| E|CS|TAMS 0x0000000718e00000, 0x0000000718e00000| Complete 
| 151|0x0000000719000000, 0x0000000719200000, 0x0000000719200000|100%| E|CS|TAMS 0x0000000719000000, 0x0000000719000000| Complete 
| 152|0x0000000719200000, 0x0000000719400000, 0x0000000719400000|100%| E|CS|TAMS 0x0000000719200000, 0x0000000719200000| Complete 
| 153|0x0000000719400000, 0x0000000719600000, 0x0000000719600000|100%| E|CS|TAMS 0x0000000719400000, 0x0000000719400000| Complete 
| 154|0x0000000719600000, 0x0000000719800000, 0x0000000719800000|100%| E|CS|TAMS 0x0000000719600000, 0x0000000719600000| Complete 
| 155|0x0000000719800000, 0x0000000719a00000, 0x0000000719a00000|100%| E|CS|TAMS 0x0000000719800000, 0x0000000719800000| Complete 
| 156|0x0000000719a00000, 0x0000000719c00000, 0x0000000719c00000|100%| E|CS|TAMS 0x0000000719a00000, 0x0000000719a00000| Complete 
| 157|0x0000000719c00000, 0x0000000719e00000, 0x0000000719e00000|100%| E|CS|TAMS 0x0000000719c00000, 0x0000000719c00000| Complete 
| 158|0x0000000719e00000, 0x000000071a000000, 0x000000071a000000|100%| E|CS|TAMS 0x0000000719e00000, 0x0000000719e00000| Complete 
| 159|0x000000071a000000, 0x000000071a200000, 0x000000071a200000|100%| E|CS|TAMS 0x000000071a000000, 0x000000071a000000| Complete 
| 160|0x000000071a200000, 0x000000071a400000, 0x000000071a400000|100%| E|CS|TAMS 0x000000071a200000, 0x000000071a200000| Complete 
| 161|0x000000071a400000, 0x000000071a600000, 0x000000071a600000|100%| E|CS|TAMS 0x000000071a400000, 0x000000071a400000| Complete 
| 162|0x000000071a600000, 0x000000071a800000, 0x000000071a800000|100%| E|CS|TAMS 0x000000071a600000, 0x000000071a600000| Complete 
| 163|0x000000071a800000, 0x000000071aa00000, 0x000000071aa00000|100%| E|CS|TAMS 0x000000071a800000, 0x000000071a800000| Complete 
| 164|0x000000071aa00000, 0x000000071ac00000, 0x000000071ac00000|100%| E|CS|TAMS 0x000000071aa00000, 0x000000071aa00000| Complete 
| 165|0x000000071ac00000, 0x000000071ae00000, 0x000000071ae00000|100%| E|CS|TAMS 0x000000071ac00000, 0x000000071ac00000| Complete 
| 166|0x000000071ae00000, 0x000000071b000000, 0x000000071b000000|100%| E|CS|TAMS 0x000000071ae00000, 0x000000071ae00000| Complete 
| 167|0x000000071b000000, 0x000000071b200000, 0x000000071b200000|100%| E|CS|TAMS 0x000000071b000000, 0x000000071b000000| Complete 
| 168|0x000000071b200000, 0x000000071b400000, 0x000000071b400000|100%| E|CS|TAMS 0x000000071b200000, 0x000000071b200000| Complete 
| 169|0x000000071b400000, 0x000000071b600000, 0x000000071b600000|100%| E|CS|TAMS 0x000000071b400000, 0x000000071b400000| Complete 
| 170|0x000000071b600000, 0x000000071b800000, 0x000000071b800000|100%| E|CS|TAMS 0x000000071b600000, 0x000000071b600000| Complete 
| 171|0x000000071b800000, 0x000000071ba00000, 0x000000071ba00000|100%| E|CS|TAMS 0x000000071b800000, 0x000000071b800000| Complete 
| 172|0x000000071ba00000, 0x000000071bc00000, 0x000000071bc00000|100%| E|CS|TAMS 0x000000071ba00000, 0x000000071ba00000| Complete 
| 173|0x000000071bc00000, 0x000000071be00000, 0x000000071be00000|100%| E|CS|TAMS 0x000000071bc00000, 0x000000071bc00000| Complete 
| 174|0x000000071be00000, 0x000000071c000000, 0x000000071c000000|100%| E|CS|TAMS 0x000000071be00000, 0x000000071be00000| Complete 
| 175|0x000000071c000000, 0x000000071c200000, 0x000000071c200000|100%| E|CS|TAMS 0x000000071c000000, 0x000000071c000000| Complete 
| 176|0x000000071c200000, 0x000000071c400000, 0x000000071c400000|100%| E|CS|TAMS 0x000000071c200000, 0x000000071c200000| Complete 
| 177|0x000000071c400000, 0x000000071c600000, 0x000000071c600000|100%| E|CS|TAMS 0x000000071c400000, 0x000000071c400000| Complete 
| 178|0x000000071c600000, 0x000000071c800000, 0x000000071c800000|100%| E|CS|TAMS 0x000000071c600000, 0x000000071c600000| Complete 
| 179|0x000000071c800000, 0x000000071ca00000, 0x000000071ca00000|100%| E|CS|TAMS 0x000000071c800000, 0x000000071c800000| Complete 
| 180|0x000000071ca00000, 0x000000071cc00000, 0x000000071cc00000|100%| E|CS|TAMS 0x000000071ca00000, 0x000000071ca00000| Complete 
| 181|0x000000071cc00000, 0x000000071ce00000, 0x000000071ce00000|100%| E|CS|TAMS 0x000000071cc00000, 0x000000071cc00000| Complete 
| 182|0x000000071ce00000, 0x000000071d000000, 0x000000071d000000|100%| E|CS|TAMS 0x000000071ce00000, 0x000000071ce00000| Complete 
| 183|0x000000071d000000, 0x000000071d200000, 0x000000071d200000|100%| E|CS|TAMS 0x000000071d000000, 0x000000071d000000| Complete 
| 184|0x000000071d200000, 0x000000071d400000, 0x000000071d400000|100%| E|CS|TAMS 0x000000071d200000, 0x000000071d200000| Complete 
| 185|0x000000071d400000, 0x000000071d600000, 0x000000071d600000|100%| E|CS|TAMS 0x000000071d400000, 0x000000071d400000| Complete 
| 186|0x000000071d600000, 0x000000071d800000, 0x000000071d800000|100%| E|CS|TAMS 0x000000071d600000, 0x000000071d600000| Complete 
| 187|0x000000071d800000, 0x000000071da00000, 0x000000071da00000|100%| E|CS|TAMS 0x000000071d800000, 0x000000071d800000| Complete 
| 188|0x000000071da00000, 0x000000071dc00000, 0x000000071dc00000|100%| E|CS|TAMS 0x000000071da00000, 0x000000071da00000| Complete 
| 189|0x000000071dc00000, 0x000000071de00000, 0x000000071de00000|100%| E|CS|TAMS 0x000000071dc00000, 0x000000071dc00000| Complete 
| 190|0x000000071de00000, 0x000000071e000000, 0x000000071e000000|100%| E|CS|TAMS 0x000000071de00000, 0x000000071de00000| Complete 
| 191|0x000000071e000000, 0x000000071e200000, 0x000000071e200000|100%| E|CS|TAMS 0x000000071e000000, 0x000000071e000000| Complete 
| 192|0x000000071e200000, 0x000000071e400000, 0x000000071e400000|100%| E|CS|TAMS 0x000000071e200000, 0x000000071e200000| Complete 
| 193|0x000000071e400000, 0x000000071e600000, 0x000000071e600000|100%| E|CS|TAMS 0x000000071e400000, 0x000000071e400000| Complete 
| 194|0x000000071e600000, 0x000000071e800000, 0x000000071e800000|100%| E|CS|TAMS 0x000000071e600000, 0x000000071e600000| Complete 
| 195|0x000000071e800000, 0x000000071ea00000, 0x000000071ea00000|100%| E|CS|TAMS 0x000000071e800000, 0x000000071e800000| Complete 
| 196|0x000000071ea00000, 0x000000071ec00000, 0x000000071ec00000|100%| E|CS|TAMS 0x000000071ea00000, 0x000000071ea00000| Complete 
| 197|0x000000071ec00000, 0x000000071ee00000, 0x000000071ee00000|100%| E|CS|TAMS 0x000000071ec00000, 0x000000071ec00000| Complete 
| 198|0x000000071ee00000, 0x000000071f000000, 0x000000071f000000|100%| E|CS|TAMS 0x000000071ee00000, 0x000000071ee00000| Complete 
| 199|0x000000071f000000, 0x000000071f200000, 0x000000071f200000|100%| E|CS|TAMS 0x000000071f000000, 0x000000071f000000| Complete 
| 200|0x000000071f200000, 0x000000071f400000, 0x000000071f400000|100%| E|CS|TAMS 0x000000071f200000, 0x000000071f200000| Complete 
| 201|0x000000071f400000, 0x000000071f600000, 0x000000071f600000|100%| E|CS|TAMS 0x000000071f400000, 0x000000071f400000| Complete 
| 202|0x000000071f600000, 0x000000071f800000, 0x000000071f800000|100%| E|CS|TAMS 0x000000071f600000, 0x000000071f600000| Complete 
| 203|0x000000071f800000, 0x000000071fa00000, 0x000000071fa00000|100%| E|CS|TAMS 0x000000071f800000, 0x000000071f800000| Complete 
| 204|0x000000071fa00000, 0x000000071fc00000, 0x000000071fc00000|100%| E|CS|TAMS 0x000000071fa00000, 0x000000071fa00000| Complete 
| 205|0x000000071fc00000, 0x000000071fe00000, 0x000000071fe00000|100%| E|CS|TAMS 0x000000071fc00000, 0x000000071fc00000| Complete 
| 206|0x000000071fe00000, 0x0000000720000000, 0x0000000720000000|100%| E|CS|TAMS 0x000000071fe00000, 0x000000071fe00000| Complete 

Card table byte_map: [0x00000212e08f0000,0x00000212e10c0000] _byte_map_base: 0x00000212dd0bf000

Marking Bits (Prev, Next): (CMBitMap*) 0x00000212c90e2de0, (CMBitMap*) 0x00000212c90e2e20
 Prev Bits: [0x00000212e1890000, 0x00000212e5708000)
 Next Bits: [0x00000212e5710000, 0x00000212e9588000)

Polling page: 0x00000212c7030000

Metaspace:

Usage:
  Non-class:     63.95 MB used.
      Class:      8.26 MB used.
       Both:     72.21 MB used.

Virtual space:
  Non-class space:      128.00 MB reserved,      64.12 MB ( 50%) committed,  2 nodes.
      Class space:        1.00 GB reserved,       8.44 MB ( <1%) committed,  1 nodes.
             Both:        1.12 GB reserved,      72.56 MB (  6%) committed. 

Chunk freelists:
   Non-Class:  15.56 MB
       Class:  7.56 MB
        Both:  23.13 MB

MaxMetaspaceSize: unlimited
CompressedClassSpaceSize: 1.00 GB
Initial GC threshold: 21.00 MB
Current GC threshold: 120.94 MB
CDS: on
MetaspaceReclaimPolicy: balanced
 - commit_granule_bytes: 65536.
 - commit_granule_words: 8192.
 - virtual_space_node_default_size: 8388608.
 - enlarge_chunks_in_place: 1.
 - new_chunks_are_fully_committed: 0.
 - uncommit_free_chunks: 1.
 - use_allocation_guard: 0.
 - handle_deallocations: 1.


Internal statistics:

num_allocs_failed_limit: 6.
num_arena_births: 506.
num_arena_deaths: 0.
num_vsnodes_births: 3.
num_vsnodes_deaths: 0.
num_space_committed: 1159.
num_space_uncommitted: 0.
num_chunks_returned_to_freelist: 6.
num_chunks_taken_from_freelist: 3092.
num_chunk_merges: 6.
num_chunk_splits: 2426.
num_chunks_enlarged: 2099.
num_inconsistent_stats: 0.

CodeHeap 'non-profiled nmethods': size=120000Kb used=7524Kb max_used=7524Kb free=112475Kb
 bounds [0x00000212d86a0000, 0x00000212d8e00000, 0x00000212dfbd0000]
CodeHeap 'profiled nmethods': size=120000Kb used=29132Kb max_used=30664Kb free=90867Kb
 bounds [0x00000212d0bd0000, 0x00000212d29d0000, 0x00000212d8100000]
CodeHeap 'non-nmethods': size=5760Kb used=1417Kb max_used=1520Kb free=4342Kb
 bounds [0x00000212d8100000, 0x00000212d8370000, 0x00000212d86a0000]
 total_blobs=11322 nmethods=10604 adapters=624
 compilation: enabled
              stopped_count=0, restarted_count=0
 full_count=0

Compilation events (20 events):
Event: 21.255 Thread 0x00000212f1d832f0 12626       4       java.lang.AbstractStringBuilder::isLatin1 (19 bytes)
Event: 21.255 Thread 0x00000212ec343c10 nmethod 12625 0x00000212d1706210 code [0x00000212d17063e0, 0x00000212d1706718]
Event: 21.255 Thread 0x00000212f1d832f0 nmethod 12626 0x00000212d8df5890 code [0x00000212d8df5a00, 0x00000212d8df5a98]
Event: 21.255 Thread 0x00000212f1d832f0 12624       4       java.lang.StringUTF16::getChar (60 bytes)
Event: 21.256 Thread 0x00000212ec33f140 nmethod 12585 0x00000212d8df5b90 code [0x00000212d8df5d60, 0x00000212d8df6828]
Event: 21.256 Thread 0x00000212f1d832f0 nmethod 12624 0x00000212d8df6d90 code [0x00000212d8df6f20, 0x00000212d8df6ff8]
Event: 21.256 Thread 0x00000212f1d832f0 12583   !   4       org.jetbrains.kotlin.storage.LockBasedStorageManager::compute (60 bytes)
Event: 21.256 Thread 0x00000212ec33f140 12579       4       com.intellij.util.containers.ImmutableList$Itr::hasNext (20 bytes)
Event: 21.257 Thread 0x00000212ec33f140 nmethod 12579 0x00000212d8df7110 code [0x00000212d8df72a0, 0x00000212d8df7378]
Event: 21.257 Thread 0x00000212ec33f140 12578       4       com.intellij.psi.stubs.MaterialStubList::finalizeLoadingStage (32 bytes)
Event: 21.264 Thread 0x00000212f1d832f0 nmethod 12583 0x00000212d8df7490 code [0x00000212d8df7660, 0x00000212d8df7b88]
Event: 21.264 Thread 0x00000212f1d832f0 12574       4       kotlin.SafePublicationLazyImpl::getValue (56 bytes)
Event: 21.265 Thread 0x00000212f1d832f0 nmethod 12574 0x00000212d8df8090 code [0x00000212d8df8220, 0x00000212d8df83a8]
Event: 21.265 Thread 0x00000212f1d832f0 12627       4       kotlin.properties.NotNullVar::setValue (18 bytes)
Event: 21.267 Thread 0x00000212f1d832f0 nmethod 12627 0x00000212d8df8510 code [0x00000212d8df86a0, 0x00000212d8df8838]
Event: 21.267 Thread 0x00000212f1d832f0 12570       4       jdk.internal.misc.Unsafe::checkPrimitiveArray (22 bytes)
Event: 21.268 Thread 0x00000212f1d832f0 nmethod 12570 0x00000212d8df8910 code [0x00000212d8df8aa0, 0x00000212d8df8b78]
Event: 21.268 Thread 0x00000212f1d832f0 12515       4       org.jetbrains.kotlin.load.kotlin.KotlinBinaryClassCache$RequestCache::cache (26 bytes)
Event: 21.271 Thread 0x00000212f1d832f0 nmethod 12515 0x00000212d8df8c90 code [0x00000212d8df8e20, 0x00000212d8df90d8]
Event: 21.271 Thread 0x00000212f1d832f0 12628       4       com.intellij.util.containers.LinkedCustomHashMap::get (90 bytes)

GC Heap History (20 events):
Event: 16.176 GC heap after
{Heap after GC invocations=30 (full 0):
 garbage-first heap   total 159744K, used 75395K [0x0000000706200000, 0x0000000800000000)
  region size 2048K, 3 young (6144K), 3 survivors (6144K)
 Metaspace       used 72898K, committed 73344K, reserved 1114112K
  class space    used 8349K, committed 8576K, reserved 1048576K
}
Event: 16.619 GC heap before
{Heap before GC invocations=30 (full 0):
 garbage-first heap   total 159744K, used 124547K [0x0000000706200000, 0x0000000800000000)
  region size 2048K, 27 young (55296K), 3 survivors (6144K)
 Metaspace       used 73731K, committed 74176K, reserved 1179648K
  class space    used 8443K, committed 8640K, reserved 1048576K
}
Event: 16.627 GC heap after
{Heap after GC invocations=31 (full 0):
 garbage-first heap   total 159744K, used 82616K [0x0000000706200000, 0x0000000800000000)
  region size 2048K, 4 young (8192K), 4 survivors (8192K)
 Metaspace       used 73731K, committed 74176K, reserved 1179648K
  class space    used 8443K, committed 8640K, reserved 1048576K
}
Event: 17.231 GC heap before
{Heap before GC invocations=31 (full 0):
 garbage-first heap   total 159744K, used 125624K [0x0000000706200000, 0x0000000800000000)
  region size 2048K, 25 young (51200K), 4 survivors (8192K)
 Metaspace       used 73844K, committed 74240K, reserved 1179648K
  class space    used 8445K, committed 8640K, reserved 1048576K
}
Event: 17.244 GC heap after
{Heap after GC invocations=32 (full 0):
 garbage-first heap   total 159744K, used 88953K [0x0000000706200000, 0x0000000800000000)
  region size 2048K, 4 young (8192K), 4 survivors (8192K)
 Metaspace       used 73844K, committed 74240K, reserved 1179648K
  class space    used 8445K, committed 8640K, reserved 1048576K
}
Event: 17.443 GC heap before
{Heap before GC invocations=32 (full 0):
 garbage-first heap   total 159744K, used 125817K [0x0000000706200000, 0x0000000800000000)
  region size 2048K, 22 young (45056K), 4 survivors (8192K)
 Metaspace       used 73895K, committed 74304K, reserved 1179648K
  class space    used 8450K, committed 8640K, reserved 1048576K
}
Event: 17.450 GC heap after
{Heap after GC invocations=33 (full 0):
 garbage-first heap   total 159744K, used 94342K [0x0000000706200000, 0x0000000800000000)
  region size 2048K, 3 young (6144K), 3 survivors (6144K)
 Metaspace       used 73895K, committed 74304K, reserved 1179648K
  class space    used 8450K, committed 8640K, reserved 1048576K
}
Event: 17.639 GC heap before
{Heap before GC invocations=34 (full 0):
 garbage-first heap   total 182272K, used 127110K [0x0000000706200000, 0x0000000800000000)
  region size 2048K, 19 young (38912K), 3 survivors (6144K)
 Metaspace       used 73900K, committed 74304K, reserved 1179648K
  class space    used 8450K, committed 8640K, reserved 1048576K
}
Event: 17.644 GC heap after
{Heap after GC invocations=35 (full 0):
 garbage-first heap   total 182272K, used 98304K [0x0000000706200000, 0x0000000800000000)
  region size 2048K, 2 young (4096K), 2 survivors (4096K)
 Metaspace       used 73900K, committed 74304K, reserved 1179648K
  class space    used 8450K, committed 8640K, reserved 1048576K
}
Event: 17.672 GC heap before
{Heap before GC invocations=35 (full 0):
 garbage-first heap   total 182272K, used 100352K [0x0000000706200000, 0x0000000800000000)
  region size 2048K, 4 young (8192K), 2 survivors (4096K)
 Metaspace       used 73912K, committed 74304K, reserved 1179648K
  class space    used 8450K, committed 8640K, reserved 1048576K
}
Event: 17.678 GC heap after
{Heap after GC invocations=36 (full 0):
 garbage-first heap   total 245760K, used 93715K [0x0000000706200000, 0x0000000800000000)
  region size 2048K, 1 young (2048K), 1 survivors (2048K)
 Metaspace       used 73912K, committed 74304K, reserved 1179648K
  class space    used 8450K, committed 8640K, reserved 1048576K
}
Event: 18.229 GC heap before
{Heap before GC invocations=36 (full 0):
 garbage-first heap   total 245760K, used 185875K [0x0000000706200000, 0x0000000800000000)
  region size 2048K, 46 young (94208K), 1 survivors (2048K)
 Metaspace       used 73915K, committed 74304K, reserved 1179648K
  class space    used 8450K, committed 8640K, reserved 1048576K
}
Event: 18.235 GC heap after
{Heap after GC invocations=37 (full 0):
 garbage-first heap   total 245760K, used 104246K [0x0000000706200000, 0x0000000800000000)
  region size 2048K, 6 young (12288K), 6 survivors (12288K)
 Metaspace       used 73915K, committed 74304K, reserved 1179648K
  class space    used 8450K, committed 8640K, reserved 1048576K
}
Event: 18.633 GC heap before
{Heap before GC invocations=37 (full 0):
 garbage-first heap   total 245760K, used 188214K [0x0000000706200000, 0x0000000800000000)
  region size 2048K, 47 young (96256K), 6 survivors (12288K)
 Metaspace       used 73921K, committed 74304K, reserved 1179648K
  class space    used 8450K, committed 8640K, reserved 1048576K
}
Event: 18.650 GC heap after
{Heap after GC invocations=38 (full 0):
 garbage-first heap   total 245760K, used 117202K [0x0000000706200000, 0x0000000800000000)
  region size 2048K, 6 young (12288K), 6 survivors (12288K)
 Metaspace       used 73921K, committed 74304K, reserved 1179648K
  class space    used 8450K, committed 8640K, reserved 1048576K
}
Event: 19.036 GC heap before
{Heap before GC invocations=38 (full 0):
 garbage-first heap   total 245760K, used 190930K [0x0000000706200000, 0x0000000800000000)
  region size 2048K, 42 young (86016K), 6 survivors (12288K)
 Metaspace       used 73931K, committed 74304K, reserved 1179648K
  class space    used 8450K, committed 8640K, reserved 1048576K
}
Event: 19.049 GC heap after
{Heap after GC invocations=39 (full 0):
 garbage-first heap   total 245760K, used 130852K [0x0000000706200000, 0x0000000800000000)
  region size 2048K, 6 young (12288K), 6 survivors (12288K)
 Metaspace       used 73931K, committed 74304K, reserved 1179648K
  class space    used 8450K, committed 8640K, reserved 1048576K
}
Event: 19.352 GC heap before
{Heap before GC invocations=39 (full 0):
 garbage-first heap   total 245760K, used 194340K [0x0000000706200000, 0x0000000800000000)
  region size 2048K, 37 young (75776K), 6 survivors (12288K)
 Metaspace       used 73931K, committed 74304K, reserved 1179648K
  class space    used 8450K, committed 8640K, reserved 1048576K
}
Event: 19.363 GC heap after
{Heap after GC invocations=40 (full 0):
 garbage-first heap   total 423936K, used 143840K [0x0000000706200000, 0x0000000800000000)
  region size 2048K, 5 young (10240K), 5 survivors (10240K)
 Metaspace       used 73931K, committed 74304K, reserved 1179648K
  class space    used 8450K, committed 8640K, reserved 1048576K
}
Event: 21.274 GC heap before
{Heap before GC invocations=40 (full 0):
 garbage-first heap   total 423936K, used 307680K [0x0000000706200000, 0x0000000800000000)
  region size 2048K, 85 young (174080K), 5 survivors (10240K)
 Metaspace       used 73942K, committed 74304K, reserved 1179648K
  class space    used 8454K, committed 8640K, reserved 1048576K
}

Dll operation events (8 events):
Event: 0.007 Loaded shared library C:\java-jdk\bin\java.dll
Event: 0.029 Loaded shared library C:\java-jdk\bin\jsvml.dll
Event: 0.165 Loaded shared library C:\java-jdk\bin\net.dll
Event: 0.166 Loaded shared library C:\java-jdk\bin\nio.dll
Event: 0.170 Loaded shared library C:\java-jdk\bin\zip.dll
Event: 0.262 Loaded shared library C:\java-jdk\bin\jimage.dll
Event: 1.705 Loaded shared library C:\java-jdk\bin\verify.dll
Event: 4.297 Loaded shared library C:\Users\User\AppData\Local\Temp\sqlite-3.41.2.1-d43642ac-add4-4e3e-a82d-06ed5097b702-sqlitejdbc.dll

Deoptimization events (20 events):
Event: 20.507 Thread 0x00000212fb33ccf0 DEOPT PACKING pc=0x00000212d87c65a4 sp=0x000000ac059fd8d0
Event: 20.507 Thread 0x00000212fb33ccf0 DEOPT UNPACKING pc=0x00000212d81569a3 sp=0x000000ac059fd888 mode 2
Event: 20.522 Thread 0x00000212fb33ccf0 Uncommon trap: trap_request=0xffffff45 fr.pc=0x00000212d8d329ac relative=0x0000000000004dac
Event: 20.522 Thread 0x00000212fb33ccf0 Uncommon trap: reason=unstable_if action=reinterpret pc=0x00000212d8d329ac method=com.intellij.openapi.util.text.StringUtilRt.endsWithIgnoreCase(Ljava/lang/CharSequence;Ljava/lang/CharSequence;)Z @ 34 c2
Event: 20.522 Thread 0x00000212fb33ccf0 DEOPT PACKING pc=0x00000212d8d329ac sp=0x000000ac059fcbc0
Event: 20.522 Thread 0x00000212fb33ccf0 DEOPT UNPACKING pc=0x00000212d81569a3 sp=0x000000ac059fc980 mode 2
Event: 20.694 Thread 0x00000212fb33ccf0 DEOPT PACKING pc=0x00000212d1b8d3d2 sp=0x000000ac059fbf70
Event: 20.694 Thread 0x00000212fb33ccf0 DEOPT UNPACKING pc=0x00000212d8157143 sp=0x000000ac059fb470 mode 0
Event: 20.749 Thread 0x00000212fb33ccf0 DEOPT PACKING pc=0x00000212d1d879f8 sp=0x000000ac059fc910
Event: 20.749 Thread 0x00000212fb33ccf0 DEOPT UNPACKING pc=0x00000212d8157143 sp=0x000000ac059fbe00 mode 0
Event: 20.863 Thread 0x00000212fb33ccf0 DEOPT PACKING pc=0x00000212d1d879f8 sp=0x000000ac059fc4f0
Event: 20.863 Thread 0x00000212fb33ccf0 DEOPT UNPACKING pc=0x00000212d8157143 sp=0x000000ac059fb9e0 mode 0
Event: 20.924 Thread 0x00000212fb33ccf0 DEOPT PACKING pc=0x00000212d1b8d3d2 sp=0x000000ac059fc430
Event: 20.924 Thread 0x00000212fb33ccf0 DEOPT UNPACKING pc=0x00000212d8157143 sp=0x000000ac059fb930 mode 0
Event: 21.102 Thread 0x00000212fb33ccf0 DEOPT PACKING pc=0x00000212d1d879f8 sp=0x000000ac059fc9d0
Event: 21.102 Thread 0x00000212fb33ccf0 DEOPT UNPACKING pc=0x00000212d8157143 sp=0x000000ac059fbec0 mode 0
Event: 21.117 Thread 0x00000212fb33ccf0 DEOPT PACKING pc=0x00000212d1b8d3d2 sp=0x000000ac059fc5e0
Event: 21.117 Thread 0x00000212fb33ccf0 DEOPT UNPACKING pc=0x00000212d8157143 sp=0x000000ac059fbae0 mode 0
Event: 21.131 Thread 0x00000212fb33ccf0 DEOPT PACKING pc=0x00000212d11aaf1f sp=0x000000ac059fd5e0
Event: 21.131 Thread 0x00000212fb33ccf0 DEOPT UNPACKING pc=0x00000212d8157143 sp=0x000000ac059fcb20 mode 0

Classes loaded (20 events):
Event: 9.483 Loading class java/util/stream/SortedOps$AbstractRefSortingSink done
Event: 9.483 Loading class java/util/stream/SortedOps$RefSortingSink done
Event: 9.781 Loading class jdk/internal/math/FDBigInteger
Event: 9.782 Loading class jdk/internal/math/FDBigInteger done
Event: 9.831 Loading class java/util/stream/SliceOps
Event: 9.831 Loading class java/util/stream/SliceOps done
Event: 9.831 Loading class java/util/stream/SliceOps$1
Event: 9.831 Loading class java/util/stream/SliceOps$1 done
Event: 9.831 Loading class java/util/stream/SliceOps$1$1
Event: 9.831 Loading class java/util/stream/SliceOps$1$1 done
Event: 10.011 Loading class java/util/AbstractList$RandomAccessSubList
Event: 10.011 Loading class java/util/AbstractList$RandomAccessSubList done
Event: 10.033 Loading class java/util/RegularEnumSet$EnumSetIterator
Event: 10.033 Loading class java/util/RegularEnumSet$EnumSetIterator done
Event: 10.079 Loading class java/util/concurrent/ConcurrentLinkedQueue$Itr
Event: 10.079 Loading class java/util/concurrent/ConcurrentLinkedQueue$Itr done
Event: 13.759 Loading class java/util/function/IntBinaryOperator
Event: 13.759 Loading class java/util/function/IntBinaryOperator done
Event: 16.306 Loading class java/text/ChoiceFormat
Event: 16.306 Loading class java/text/ChoiceFormat done

Classes unloaded (0 events):
No events

Classes redefined (0 events):
No events

Internal exceptions (20 events):
Event: 10.028 Thread 0x00000212faf2b450 Exception <a 'java/lang/NoSuchMethodError'{0x0000000713f0fac0}: 'java.lang.Object java.lang.invoke.DirectMethodHandle$Holder.newInvokeSpecial(java.lang.Object, java.lang.Object, java.lang.Object, java.lang.Object, long)'> (0x0000000713f0fac0) 
thrown [s\src\hotspot\share\interpreter\linkResolver.cpp, line 759]
Event: 10.029 Thread 0x00000212faf2b450 Exception <a 'java/lang/NoSuchMethodError'{0x0000000713f13b50}: 'java.lang.Object java.lang.invoke.DirectMethodHandle$Holder.invokeSpecial(java.lang.Object, java.lang.Object, java.lang.Object, java.lang.Object, java.lang.Object, long)'> (0x0000000713f13b50) 
thrown [s\src\hotspot\share\interpreter\linkResolver.cpp, line 759]
Event: 10.029 Thread 0x00000212faf2b450 Exception <a 'java/lang/NoSuchMethodError'{0x0000000713f17590}: 'java.lang.Object java.lang.invoke.Invokers$Holder.linkToTargetMethod(java.lang.Object, java.lang.Object, java.lang.Object, long, java.lang.Object)'> (0x0000000713f17590) 
thrown [s\src\hotspot\share\interpreter\linkResolver.cpp, line 759]
Event: 10.117 Thread 0x00000212faf2a520 Exception <a 'java/lang/NoSuchMethodError'{0x000000070be58990}: 'java.lang.Object java.lang.invoke.DirectMethodHandle$Holder.invokeSpecial(java.lang.Object, java.lang.Object, java.lang.Object, java.lang.Object, java.lang.Object, java.lang.Object, int)'> (0x000000070be58990) 
thrown [s\src\hotspot\share\interpreter\linkResolver.cpp, line 759]
Event: 10.129 Thread 0x00000212faf2a520 Exception <a 'java/lang/NoSuchMethodError'{0x000000070beb1fe0}: 'java.lang.Object java.lang.invoke.DirectMethodHandle$Holder.newInvokeSpecial(java.lang.Object, java.lang.Object, java.lang.Object, java.lang.Object, java.lang.Object, java.lang.Object, java.lang.Object, int, java.lang.Object)'> (0x000000070beb1fe0) 
thrown [s\src\hotspot\share\interpreter\linkResolver.cpp, line 759]
Event: 12.249 Thread 0x00000212faf2a520 Exception <a 'java/lang/NoSuchMethodError'{0x000000070c6ca9b0}: 'int java.lang.invoke.DirectMethodHandle$Holder.invokeStaticInit(java.lang.Object, int)'> (0x000000070c6ca9b0) 
thrown [s\src\hotspot\share\interpreter\linkResolver.cpp, line 759]
Event: 12.425 Thread 0x00000212faf2a520 Exception <a 'java/lang/NoSuchMethodError'{0x000000070c2f54c0}: 'java.lang.Object java.lang.invoke.DirectMethodHandle$Holder.invokeStatic(java.lang.Object, int, java.lang.Object)'> (0x000000070c2f54c0) 
thrown [s\src\hotspot\share\interpreter\linkResolver.cpp, line 759]
Event: 12.453 Thread 0x00000212faf2a520 Implicit null exception at 0x00000212d8a46fe2 to 0x00000212d8a474b0
Event: 12.621 Thread 0x00000212faf2a520 Implicit null exception at 0x00000212d8aaad20 to 0x00000212d8aab4b4
Event: 12.864 Thread 0x00000212faf2a520 Exception <a 'java/lang/NoSuchMethodError'{0x0000000715b66380}: 'java.lang.Object java.lang.invoke.DirectMethodHandle$Holder.newInvokeSpecial(java.lang.Object, java.lang.Object, java.lang.Object, java.lang.Object, int, int)'> (0x0000000715b66380) 
thrown [s\src\hotspot\share\interpreter\linkResolver.cpp, line 759]
Event: 12.916 Thread 0x00000212faf2a520 Exception <a 'java/lang/NoSuchMethodError'{0x00000007140b4e50}: 'java.lang.Object java.lang.invoke.DirectMethodHandle$Holder.newInvokeSpecial(java.lang.Object, java.lang.Object, java.lang.Object, java.lang.Object, java.lang.Object, java.lang.Object, java.lang.Object, java.lang.Object, java.lang.Object, java.lang.Object, java.lang.Object)'> (0x00000007140b4e50) 
thrown [s\src\hotspot\share\interpreter\linkResolver.cpp, line 759]
Event: 12.916 Thread 0x00000212faf2a520 Exception <a 'java/lang/NoSuchMethodError'{0x00000007140ba288}: 'java.lang.Object java.lang.invoke.DirectMethodHandle$Holder.invokeSpecial(java.lang.Object, java.lang.Object, java.lang.Object, java.lang.Object, java.lang.Object, java.lang.Object, java.lang.Object, java.lang.Object, java.lang.Object, java.lang.Object, java.lang.Object, java.lang.Object)'> (0x00000007140ba288) 
thrown [s\src\hotspot\share\interpreter\linkResolver.cpp, line 759]
Event: 12.916 Thread 0x00000212faf2a520 Exception <a 'java/lang/NoSuchMethodError'{0x00000007140bee80}: 'java.lang.Object java.lang.invoke.Invokers$Holder.linkToTargetMethod(java.lang.Object, java.lang.Object, java.lang.Object, java.lang.Object, java.lang.Object, java.lang.Object, java.lang.Object, java.lang.Object, java.lang.Object, java.lang.Object, java.lang.Object)'> (0x00000007140bee80) 
thrown [s\src\hotspot\share\interpreter\linkResolver.cpp, line 759]
Event: 13.319 Thread 0x00000212faf2a520 Exception <a 'java/lang/NoSuchMethodError'{0x000000070f2c4ef0}: 'java.lang.Object java.lang.invoke.DirectMethodHandle$Holder.newInvokeSpecial(java.lang.Object, int, java.lang.Object)'> (0x000000070f2c4ef0) 
thrown [s\src\hotspot\share\interpreter\linkResolver.cpp, line 759]
Event: 13.319 Thread 0x00000212faf2a520 Exception <a 'java/lang/NoSuchMethodError'{0x000000070f2cbd10}: 'int java.lang.invoke.DirectMethodHandle$Holder.invokeInterface(java.lang.Object, java.lang.Object)'> (0x000000070f2cbd10) 
thrown [s\src\hotspot\share\interpreter\linkResolver.cpp, line 759]
Event: 14.119 Thread 0x00000212faf2a520 Exception <a 'java/lang/NoSuchMethodError'{0x000000070e31ea60}: 'java.lang.Object java.lang.invoke.DirectMethodHandle$Holder.newInvokeSpecial(java.lang.Object, int, java.lang.Object, java.lang.Object)'> (0x000000070e31ea60) 
thrown [s\src\hotspot\share\interpreter\linkResolver.cpp, line 759]
Event: 14.119 Thread 0x00000212faf2a520 Exception <a 'java/lang/NoSuchMethodError'{0x000000070e323360}: 'java.lang.Object java.lang.invoke.DirectMethodHandle$Holder.invokeSpecial(java.lang.Object, java.lang.Object, int, java.lang.Object, java.lang.Object)'> (0x000000070e323360) 
thrown [s\src\hotspot\share\interpreter\linkResolver.cpp, line 759]
Event: 14.199 Thread 0x00000212faf2a520 Exception <a 'java/lang/IncompatibleClassChangeError'{0x000000070e124380}: Found class java.lang.Object, but interface was expected> (0x000000070e124380) 
thrown [s\src\hotspot\share\interpreter\linkResolver.cpp, line 826]
Event: 14.199 Thread 0x00000212faf2a520 Exception <a 'java/lang/NoSuchMethodError'{0x000000070e127c28}: 'int java.lang.invoke.DirectMethodHandle$Holder.invokeSpecialIFC(java.lang.Object, java.lang.Object, java.lang.Object)'> (0x000000070e127c28) 
thrown [s\src\hotspot\share\interpreter\linkResolver.cpp, line 759]
Event: 14.243 Thread 0x00000212faf2a520 Exception <a 'java/lang/NoSuchMethodError'{0x000000070de47e88}: 'java.lang.Object java.lang.invoke.DirectMethodHandle$Holder.invokeStatic(java.lang.Object, int, int, java.lang.Object)'> (0x000000070de47e88) 
thrown [s\src\hotspot\share\interpreter\linkResolver.cpp, line 759]

VM Operations (20 events):
Event: 17.678 Executing VM operation: G1CollectForAllocation done
Event: 17.883 Executing VM operation: HandshakeAllThreads
Event: 17.905 Executing VM operation: HandshakeAllThreads done
Event: 18.229 Executing VM operation: G1CollectForAllocation
Event: 18.235 Executing VM operation: G1CollectForAllocation done
Event: 18.235 Executing VM operation: HandshakeAllThreads
Event: 18.235 Executing VM operation: HandshakeAllThreads done
Event: 18.381 Executing VM operation: HandshakeAllThreads
Event: 18.381 Executing VM operation: HandshakeAllThreads done
Event: 18.633 Executing VM operation: G1CollectForAllocation
Event: 18.650 Executing VM operation: G1CollectForAllocation done
Event: 19.036 Executing VM operation: G1CollectForAllocation
Event: 19.049 Executing VM operation: G1CollectForAllocation done
Event: 19.352 Executing VM operation: G1CollectForAllocation
Event: 19.363 Executing VM operation: G1CollectForAllocation done
Event: 20.370 Executing VM operation: Cleanup
Event: 20.386 Executing VM operation: Cleanup done
Event: 20.937 Executing VM operation: HandshakeAllThreads
Event: 20.937 Executing VM operation: HandshakeAllThreads done
Event: 21.274 Executing VM operation: G1CollectForAllocation

Memory protections (0 events):
No events

Nmethod flushes (20 events):
Event: 20.943 Thread 0x00000212ec345530 flushing  nmethod 0x00000212d0e28d10
Event: 20.943 Thread 0x00000212ec345530 flushing  nmethod 0x00000212d0e29210
Event: 20.943 Thread 0x00000212ec345530 flushing  nmethod 0x00000212d0e2d910
Event: 20.943 Thread 0x00000212ec345530 flushing  nmethod 0x00000212d0e32210
Event: 20.943 Thread 0x00000212ec345530 flushing  nmethod 0x00000212d0e33010
Event: 20.943 Thread 0x00000212ec345530 flushing  nmethod 0x00000212d0e33710
Event: 20.943 Thread 0x00000212ec345530 flushing  nmethod 0x00000212d0e4ad90
Event: 20.944 Thread 0x00000212ec345530 flushing  nmethod 0x00000212d0f44990
Event: 20.947 Thread 0x00000212ec345530 flushing  nmethod 0x00000212d127ad10
Event: 20.948 Thread 0x00000212ec345530 flushing  nmethod 0x00000212d12d2610
Event: 20.948 Thread 0x00000212ec345530 flushing  nmethod 0x00000212d1314010
Event: 20.949 Thread 0x00000212ec345530 flushing  nmethod 0x00000212d1473410
Event: 20.950 Thread 0x00000212ec345530 flushing  nmethod 0x00000212d15b5810
Event: 20.951 Thread 0x00000212ec345530 flushing  nmethod 0x00000212d17b5790
Event: 20.954 Thread 0x00000212ec345530 flushing  nmethod 0x00000212d1c5ee90
Event: 20.962 Thread 0x00000212ec345530 flushing  nmethod 0x00000212d2787610
Event: 20.962 Thread 0x00000212ec345530 flushing  nmethod 0x00000212d27deb90
Event: 20.963 Thread 0x00000212ec345530 flushing  nmethod 0x00000212d290e590
Event: 20.963 Thread 0x00000212ec345530 flushing  nmethod 0x00000212d2958a90
Event: 20.964 Thread 0x00000212ec345530 flushing  nmethod 0x00000212d297b190

Events (20 events):
Event: 0.161 Thread 0x00000212c9078660 Thread added: 0x00000212ec479510
Event: 0.447 Thread 0x00000212ec33f140 Thread added: 0x00000212ec622420
Event: 0.775 Thread 0x00000212ec622420 Thread exited: 0x00000212ec622420
Event: 1.693 Thread 0x00000212ec343c10 Thread added: 0x00000212f14179e0
Event: 2.852 Thread 0x00000212ec343c10 Thread added: 0x00000212f180ba20
Event: 3.508 Thread 0x00000212c9078660 Thread added: 0x00000212fa29bcf0
Event: 3.518 Thread 0x00000212fa29bcf0 Thread exited: 0x00000212fa29bcf0
Event: 4.021 Thread 0x00000212c9078660 Thread added: 0x00000212f226a6a0
Event: 4.021 Thread 0x00000212c9078660 Thread exited: 0x00000212c9078660
Event: 4.021 Thread 0x00000212c9078660 Thread added: 0x00000212c9078660
Event: 4.115 Thread 0x00000212f226a6a0 Thread added: 0x00000212f1981720
Event: 4.848 Thread 0x00000212f1981720 Thread added: 0x00000212faf2c890
Event: 5.154 Thread 0x00000212f1981720 Thread added: 0x00000212faf2be70
Event: 5.406 Thread 0x00000212f226a6a0 Thread added: 0x00000212faf2a520
Event: 6.859 Thread 0x00000212f180ba20 Thread exited: 0x00000212f180ba20
Event: 7.376 Thread 0x00000212f14179e0 Thread exited: 0x00000212f14179e0
Event: 7.542 Thread 0x00000212ec343c10 Thread added: 0x00000212f1d832f0
Event: 8.038 Thread 0x00000212ec343c10 Thread added: 0x00000212f1d82da0
Event: 8.932 Thread 0x00000212faf2be70 Thread added: 0x00000212faf2b450
Event: 16.239 Thread 0x00000212faf2b450 Thread added: 0x00000212fb33ccf0


Dynamic libraries:
0x00007ff7e94c0000 - 0x00007ff7e94ce000 	C:\java-jdk\bin\java.exe
0x00007fff1d860000 - 0x00007fff1da69000 	C:\Windows\SYSTEM32\ntdll.dll
0x00007fff1c5a0000 - 0x00007fff1c65d000 	C:\Windows\System32\KERNEL32.DLL
0x00007fff1b140000 - 0x00007fff1b4c4000 	C:\Windows\System32\KERNELBASE.dll
0x00007fff1b590000 - 0x00007fff1b6a1000 	C:\Windows\System32\ucrtbase.dll
0x00007ffebe280000 - 0x00007ffebe297000 	C:\java-jdk\bin\jli.dll
0x00007fff1c2a0000 - 0x00007fff1c44d000 	C:\Windows\System32\USER32.dll
0x00007fff1af70000 - 0x00007fff1af96000 	C:\Windows\System32\win32u.dll
0x00007fff1c800000 - 0x00007fff1c82a000 	C:\Windows\System32\GDI32.dll
0x00007fff1afa0000 - 0x00007fff1b0be000 	C:\Windows\System32\gdi32full.dll
0x00007fff1aed0000 - 0x00007fff1af6d000 	C:\Windows\System32\msvcp_win.dll
0x00007fff19f00000 - 0x00007fff1a1a5000 	C:\Windows\WinSxS\amd64_microsoft.windows.common-controls_6595b64144ccf1df_6.0.22000.120_none_9d947278b86cc467\COMCTL32.dll
0x00007fff1b6b0000 - 0x00007fff1b753000 	C:\Windows\System32\msvcrt.dll
0x00007ffebe260000 - 0x00007ffebe27e000 	C:\java-jdk\bin\VCRUNTIME140.dll
0x00007fff1b950000 - 0x00007fff1b981000 	C:\Windows\System32\IMM32.DLL
0x00007ffeef940000 - 0x00007ffeef94c000 	C:\java-jdk\bin\vcruntime140_1.dll
0x00007ffebd9d0000 - 0x00007ffebda5d000 	C:\java-jdk\bin\msvcp140.dll
0x00007ffebbdd0000 - 0x00007ffebca3b000 	C:\java-jdk\bin\server\jvm.dll
0x00007fff1c1f0000 - 0x00007fff1c29e000 	C:\Windows\System32\ADVAPI32.dll
0x00007fff1c150000 - 0x00007fff1c1ee000 	C:\Windows\System32\sechost.dll
0x00007fff1b990000 - 0x00007fff1bab1000 	C:\Windows\System32\RPCRT4.dll
0x00007fff1ccc0000 - 0x00007fff1cd2f000 	C:\Windows\System32\WS2_32.dll
0x00007fff1a860000 - 0x00007fff1a8ad000 	C:\Windows\SYSTEM32\POWRPROF.dll
0x00007fff11cb0000 - 0x00007fff11ce3000 	C:\Windows\SYSTEM32\WINMM.dll
0x00007fff190e0000 - 0x00007fff190ea000 	C:\Windows\SYSTEM32\VERSION.dll
0x00007fff1a220000 - 0x00007fff1a233000 	C:\Windows\SYSTEM32\UMPDC.dll
0x00007fff18e80000 - 0x00007fff18e98000 	C:\Windows\SYSTEM32\kernel.appcore.dll
0x00007ffeee040000 - 0x00007ffeee04a000 	C:\java-jdk\bin\jimage.dll
0x00007fff1a630000 - 0x00007fff1a851000 	C:\Windows\SYSTEM32\DBGHELP.DLL
0x00007fff1a500000 - 0x00007fff1a531000 	C:\Windows\SYSTEM32\dbgcore.DLL
0x00007fff1b0c0000 - 0x00007fff1b13f000 	C:\Windows\System32\bcryptPrimitives.dll
0x00007ffebe320000 - 0x00007ffebe345000 	C:\java-jdk\bin\java.dll
0x00007ffebd8c0000 - 0x00007ffebd997000 	C:\java-jdk\bin\jsvml.dll
0x00007fff1cd30000 - 0x00007fff1d4f5000 	C:\Windows\System32\SHELL32.dll
0x00007fff17ee0000 - 0x00007fff18742000 	C:\Windows\SYSTEM32\windows.storage.dll
0x00007fff1c940000 - 0x00007fff1ccb6000 	C:\Windows\System32\combase.dll
0x00007fff17d70000 - 0x00007fff17ed7000 	C:\Windows\SYSTEM32\wintypes.dll
0x00007fff1c710000 - 0x00007fff1c7fa000 	C:\Windows\System32\SHCORE.dll
0x00007fff1c540000 - 0x00007fff1c59d000 	C:\Windows\System32\shlwapi.dll
0x00007fff1ac20000 - 0x00007fff1ac45000 	C:\Windows\SYSTEM32\profapi.dll
0x00007fff16bb0000 - 0x00007fff16bc9000 	C:\java-jdk\bin\net.dll
0x00007fff147c0000 - 0x00007fff148d4000 	C:\Windows\SYSTEM32\WINHTTP.dll
0x00007fff19d10000 - 0x00007fff19d77000 	C:\Windows\system32\mswsock.dll
0x00007fff16430000 - 0x00007fff16446000 	C:\java-jdk\bin\nio.dll
0x00007fff16410000 - 0x00007fff16428000 	C:\java-jdk\bin\zip.dll
0x00007fff1a990000 - 0x00007fff1a9a8000 	C:\Windows\SYSTEM32\CRYPTSP.dll
0x00007fff18de0000 - 0x00007fff18e15000 	C:\Windows\system32\rsaenh.dll
0x00007fff19e30000 - 0x00007fff19e5c000 	C:\Windows\SYSTEM32\USERENV.dll
0x00007fff1a540000 - 0x00007fff1a567000 	C:\Windows\SYSTEM32\bcrypt.dll
0x00007fff19cc0000 - 0x00007fff19ccc000 	C:\Windows\SYSTEM32\CRYPTBASE.dll
0x00007fff189e0000 - 0x00007fff18a0d000 	C:\Windows\SYSTEM32\IPHLPAPI.DLL
0x00007fff1b940000 - 0x00007fff1b949000 	C:\Windows\System32\NSI.dll
0x00007fff13070000 - 0x00007fff13089000 	C:\Windows\SYSTEM32\dhcpcsvc6.DLL
0x00007fff14b20000 - 0x00007fff14b3e000 	C:\Windows\SYSTEM32\dhcpcsvc.DLL
0x00007fff18a60000 - 0x00007fff18b47000 	C:\Windows\SYSTEM32\DNSAPI.dll
0x00007fff16ba0000 - 0x00007fff16bb0000 	C:\java-jdk\bin\verify.dll
0x00007fff087f0000 - 0x00007fff088d9000 	C:\Users\User\AppData\Local\Temp\sqlite-3.41.2.1-d43642ac-add4-4e3e-a82d-06ed5097b702-sqlitejdbc.dll

dbghelp: loaded successfully - version: 4.0.5 - missing functions: none
symbol engine: initialized successfully - sym options: 0x614 - pdb path: .;C:\java-jdk\bin;C:\Windows\SYSTEM32;C:\Windows\WinSxS\amd64_microsoft.windows.common-controls_6595b64144ccf1df_6.0.22000.120_none_9d947278b86cc467;C:\java-jdk\bin\server;C:\Users\User\AppData\Local\Temp

VM Arguments:
jvm_args: -DkotlinLanguageServer.version=1.3.13 
java_command: org.javacs.kt.MainKt
java_class_path (initial): c:\Users\User\AppData\Roaming\Code\User\globalStorage\fwcd.kotlin\langServerInstall\server\lib\server-1.3.13.jar;c:\Users\User\AppData\Roaming\Code\User\globalStorage\fwcd.kotlin\langServerInstall\server\lib\shared-1.3.13.jar;c:\Users\User\AppData\Roaming\Code\User\globalStorage\fwcd.kotlin\langServerInstall\server\lib\kotlin-scripting-jvm-host-unshaded-2.1.0.jar;c:\Users\User\AppData\Roaming\Code\User\globalStorage\fwcd.kotlin\langServerInstall\server\lib\kotlin-scripting-compiler-2.1.0.jar;c:\Users\User\AppData\Roaming\Code\User\globalStorage\fwcd.kotlin\langServerInstall\server\lib\ktfmt-b5d31d1.jar;c:\Users\User\AppData\Roaming\Code\User\globalStorage\fwcd.kotlin\langServerInstall\server\lib\kotlin-compiler-2.1.0.jar;c:\Users\User\AppData\Roaming\Code\User\globalStorage\fwcd.kotlin\langServerInstall\server\lib\exposed-dao-0.37.3.jar;c:\Users\User\AppData\Roaming\Code\User\globalStorage\fwcd.kotlin\langServerInstall\server\lib\exposed-jdbc-0.37.3.jar;c:\Users\User\AppData\Roaming\Code\User\globalStorage\fwcd.kotlin\langServerInstall\server\lib\exposed-core-0.37.3.jar;c:\Users\User\AppData\Roaming\Code\User\globalStorage\fwcd.kotlin\langServerInstall\server\lib\kotlin-scripting-compiler-impl-2.1.0.jar;c:\Users\User\AppData\Roaming\Code\User\globalStorage\fwcd.kotlin\langServerInstall\server\lib\kotlin-reflect-2.1.0.jar;c:\Users\User\AppData\Roaming\Code\User\globalStorage\fwcd.kotlin\langServerInstall\server\lib\kotlin-scripting-jvm-2.1.0.jar;c:\Users\User\AppData\Roaming\Code\User\globalStorage\fwcd.kotlin\langServerInstall\server\lib\kotlin-scripting-common-2.1.0.jar;c:\Users\User\AppData\Roaming\Code\User\globalStorage\fwcd.kotlin\langServerInstall\server\lib\kotlinx-coroutines-core-jvm-1.6.4.jar;c:\Users\User\AppData\Roaming\Code\User\globalStorage\fwcd.kotlin\langServerInstall\server\lib\kotlin-stdlib-jdk8-2.1.0.jar;c:\Users\User\AppData\Roaming\Code\User\globalStorage\fwcd.kotlin\langServerInstall\server\lib\kotlin-stdlib-jdk7-2.
Launcher Type: SUN_STANDARD

[Global flags]
     intx CICompilerCount                          = 4                                         {product} {ergonomic}
     uint ConcGCThreads                            = 3                                         {product} {ergonomic}
     uint G1ConcRefinementThreads                  = 10                                        {product} {ergonomic}
   size_t G1HeapRegionSize                         = 2097152                                   {product} {ergonomic}
    uintx GCDrainStackTargetSize                   = 64                                        {product} {ergonomic}
   size_t InitialHeapSize                          = 262144000                                 {product} {ergonomic}
   size_t MarkStackSize                            = 4194304                                   {product} {ergonomic}
   size_t MaxHeapSize                              = 4192206848                                {product} {ergonomic}
   size_t MaxNewSize                               = 2514485248                                {product} {ergonomic}
   size_t MinHeapDeltaBytes                        = 2097152                                   {product} {ergonomic}
   size_t MinHeapSize                              = 8388608                                   {product} {ergonomic}
    uintx NonNMethodCodeHeapSize                   = 5839372                                {pd product} {ergonomic}
    uintx NonProfiledCodeHeapSize                  = 122909434                              {pd product} {ergonomic}
    uintx ProfiledCodeHeapSize                     = 122909434                              {pd product} {ergonomic}
    uintx ReservedCodeCacheSize                    = 251658240                              {pd product} {ergonomic}
     bool SegmentedCodeCache                       = true                                      {product} {ergonomic}
   size_t SoftMaxHeapSize                          = 4192206848                             {manageable} {ergonomic}
     bool UseCompressedClassPointers               = true                           {product lp64_product} {ergonomic}
     bool UseCompressedOops                        = true                           {product lp64_product} {ergonomic}
     bool UseG1GC                                  = true                                      {product} {ergonomic}
     bool UseLargePagesIndividualAllocation        = false                                  {pd product} {ergonomic}

Logging:
Log output configuration:
 #0: stdout all=warning uptime,level,tags
 #1: stderr all=off uptime,level,tags

Environment Variables:
JAVA_HOME=C:\java-jdk
CLASSPATH=c:\Users\User\AppData\Roaming\Code\User\globalStorage\fwcd.kotlin\langServerInstall\server\lib\server-1.3.13.jar;c:\Users\User\AppData\Roaming\Code\User\globalStorage\fwcd.kotlin\langServerInstall\server\lib\shared-1.3.13.jar;c:\Users\User\AppData\Roaming\Code\User\globalStorage\fwcd.kotlin\langServerInstall\server\lib\kotlin-scripting-jvm-host-unshaded-2.1.0.jar;c:\Users\User\AppData\Roaming\Code\User\globalStorage\fwcd.kotlin\langServerInstall\server\lib\kotlin-scripting-compiler-2.1.0.jar;c:\Users\User\AppData\Roaming\Code\User\globalStorage\fwcd.kotlin\langServerInstall\server\lib\ktfmt-b5d31d1.jar;c:\Users\User\AppData\Roaming\Code\User\globalStorage\fwcd.kotlin\langServerInstall\server\lib\kotlin-compiler-2.1.0.jar;c:\Users\User\AppData\Roaming\Code\User\globalStorage\fwcd.kotlin\langServerInstall\server\lib\exposed-dao-0.37.3.jar;c:\Users\User\AppData\Roaming\Code\User\globalStorage\fwcd.kotlin\langServerInstall\server\lib\exposed-jdbc-0.37.3.jar;c:\Users\User\AppData\Roaming\Code\User\globalStorage\fwcd.kotlin\langServerInstall\server\lib\exposed-core-0.37.3.jar;c:\Users\User\AppData\Roaming\Code\User\globalStorage\fwcd.kotlin\langServerInstall\server\lib\kotlin-scripting-compiler-impl-2.1.0.jar;c:\Users\User\AppData\Roaming\Code\User\globalStorage\fwcd.kotlin\langServerInstall\server\lib\kotlin-reflect-2.1.0.jar;c:\Users\User\AppData\Roaming\Code\User\globalStorage\fwcd.kotlin\langServerInstall\server\lib\kotlin-scripting-jvm-2.1.0.jar;c:\Users\User\AppData\Roaming\Code\User\globalStorage\fwcd.kotlin\langServerInstall\server\lib\kotlin-scripting-common-2.1.0.jar;c:\Users\User\AppData\Roaming\Code\User\globalStorage\fwcd.kotlin\langServerInstall\server\lib\kotlinx-coroutines-core-jvm-1.6.4.jar;c:\Users\User\AppData\Roaming\Code\User\globalStorage\fwcd.kotlin\langServerInstall\server\lib\kotlin-stdlib-jdk8-2.1.0.jar;c:\Users\User\AppData\Roaming\Code\User\globalStorage\fwcd.kotlin\langServerInstall\server\lib\kotlin-stdlib-jdk7-2.1.0.jar;c:\Users\User\AppData\Roaming\Code\User\globalStorage\fwcd.kotlin\langServerInstall\server\lib\kotlin-stdlib-2.1.0.jar;c:\Users\User\AppData\Roaming\Code\User\globalStorage\fwcd.kotlin\langServerInstall\server\lib\org.eclipse.lsp4j-0.21.2.jar;c:\Users\User\AppData\Roaming\Code\User\globalStorage\fwcd.kotlin\langServerInstall\server\lib\org.eclipse.lsp4j.jsonrpc-0.21.2.jar;c:\Users\User\AppData\Roaming\Code\User\globalStorage\fwcd.kotlin\langServerInstall\server\lib\kotlin-sam-with-receiver-compiler-plugin-2.1.0.jar;c:\Users\User\AppData\Roaming\Code\User\globalStorage\fwcd.kotlin\langServerInstall\server\lib\fernflower-1.0.jar;c:\Users\User\AppData\Roaming\Code\User\globalStorage\fwcd.kotlin\langServerInstall\server\lib\h2-1.4.200.jar;c:\Users\User\AppData\Roaming\Code\User\globalStorage\fwcd.kotlin\langServerInstall\server\lib\jcommander-1.78.jar;c:\Users\User\AppData\Roaming\Code\User\globalStorage\fwcd.kotlin\langServerInstall\server\lib\sqlite-jdbc-3.41.2.1.jar;c:\Users\User\AppData\Roaming\Code\User\globalStorage\fwcd.kotlin\langServerInstall\server\lib\google-java-format-1.8.jar;c:\Users\User\AppData\Roaming\Code\User\globalStorage\fwcd.kotlin\langServerInstall\server\lib\guava-33.3.0-jre.jar;c:\Users\User\AppData\Roaming\Code\User\globalStorage\fwcd.kotlin\langServerInstall\server\lib\annotations-13.0.jar;c:\Users\User\AppData\Roaming\Code\User\globalStorage\fwcd.kotlin\langServerInstall\server\lib\gson-2.10.1.jar;c:\Users\User\AppData\Roaming\Code\User\globalStorage\fwcd.kotlin\langServerInstall\server\lib\kotlin-script-runtime-2.1.0.jar;c:\Users\User\AppData\Roaming\Code\User\globalStorage\fwcd.kotlin\langServerInstall\server\lib\trove4j-1.0.20200330.jar;c:\Users\User\AppData\Roaming\Code\User\globalStorage\fwcd.kotlin\langServerInstall\server\lib\jline-3.24.1.jar;c:\Users\User\AppData\Roaming\Code\User\globalStorage\fwcd.kotlin\langServerInstall\server\lib\slf4j-api-1.7.25.jar;c:\Users\User\AppData\Roaming\Code\User\globalStorage\fwcd.kotlin\langServerInstall\server\lib\jna-4.2.2.jar;c:\Users\User\AppData\Roaming\Code\User\globalStorage\fwcd.kotlin\langServerInstall\server\lib\failureaccess-1.0.2.jar;c:\Users\User\AppData\Roaming\Code\User\globalStorage\fwcd.kotlin\langServerInstall\server\lib\listenablefuture-9999.0-empty-to-avoid-conflict-with-guava.jar;c:\Users\User\AppData\Roaming\Code\User\globalStorage\fwcd.kotlin\langServerInstall\server\lib\jsr305-3.0.2.jar;c:\Users\User\AppData\Roaming\Code\User\globalStorage\fwcd.kotlin\langServerInstall\server\lib\checker-qual-3.43.0.jar;c:\Users\User\AppData\Roaming\Code\User\globalStorage\fwcd.kotlin\langServerInstall\server\lib\error_prone_annotations-2.28.0.jar
PATH=C:\Windows\system32;C:\Windows;C:\Windows\System32\Wbem;C:\Windows\System32\WindowsPowerShell\v1.0\;C:\Windows\System32\OpenSSH\;C:\Program Files\Microsoft VS Code\bin;C:\java-jdk\bin;C:\flutter\bin;C:\Program Files\Git\cmd;C:\Program Files\Git\bin;C:\Program Files\cursor\resources\app\bin;C:\node;C:\ProgramData\chocolatey\bin;C:\Program Files\nodejs\;C:\Users\User\AppData\Local\Android\Sdk\platform-tools;C:\Program Files\kotlinc\bin;C:\Program Files\CMake\bin;C:\Users\User\AppData\Local\Programs\Python\Python310\Scripts\;C:\Users\User\AppData\Local\Programs\Python\Python310\;C:\Users\User\AppData\Local\Programs\Python\Python313\Scripts\;C:\Users\User\AppData\Local\Programs\Python\Python313\;C:\Users\User\AppData\Local\Programs\Python\Launcher\;C:\java-jdk\bin;C:\Users\User\AppData\Local\Microsoft\WindowsApps;C:\flutter\bin;C:\Users\User\AppData\Roaming\npm;C:\Users\User\AppData\Local\Programs\Microsoft VS Code\bin
USERNAME=User
OS=Windows_NT
PROCESSOR_IDENTIFIER=Intel64 Family 6 Model 165 Stepping 2, GenuineIntel
TMP=C:\Users\User\AppData\Local\Temp
TEMP=C:\Users\User\AppData\Local\Temp



Periodic native trim disabled


---------------  S Y S T E M  ---------------

OS:
 Windows 11 , 64 bit Build 22000 (10.0.22000.2538)
OS uptime: 0 days 0:24 hours

CPU: total 12 (initial active 12) (6 cores per cpu, 2 threads per core) family 6 model 165 stepping 2 microcode 0xf4, cx8, cmov, fxsr, ht, mmx, 3dnowpref, sse, sse2, sse3, ssse3, sse4.1, sse4.2, popcnt, lzcnt, tsc, tscinvbit, avx, avx2, aes, erms, clmul, bmi1, bmi2, adx, fma, vzeroupper, clflush, clflushopt
Processor Information for all 12 processors :
  Max Mhz: 2712, Current Mhz: 2712, Mhz Limit: 2712

Memory: 4k page, system-wide physical 15985M (5246M free)
TotalPageFile size 32369M (AvailPageFile size 15872M)
current process WorkingSet (physical memory assigned to process): 681M, peak: 681M
current process commit charge ("private bytes"): 707M, peak: 720M

vm_info: OpenJDK 64-Bit Server VM (17.0.16+8) for windows-amd64 JRE (17.0.16+8), built on Jul 16 2025 10:37:56 by "admin" with MS VC++ 17.7 (VS2022)

END.
